2020-04-26 16:31:48:ERROR: POSSIVEIS PROBLEMAS, COM A INTERNET, VERIFIÇÃO NÃO PODE SER EFETUADA.
2020-04-26 16:31:48:INFO: AVISO ---> LICENÇA NÃO ENCONTRADA OU IVALIDA, ROBÔ SÓ FUNCIONARÁ EM CONTA TREINAMENTO . <---
2020-04-26 16:31:48:INFO: Conectando na IQ-Option...
2020-04-26 16:31:53:INFO: ----------> CONECTADO <----------
2020-04-26 16:31:53:INFO: Versao: 4.0.3
2020-04-26 16:31:53:INFO: Licenciado para o email: agussybanez@gmail.com
2020-04-26 16:31:53:INFO: ************ DADOS DA CONTA NA IQOPTION *************
2020-04-26 16:31:53:INFO: Id-Iq: 65729329
2020-04-26 16:31:53:INFO: Moeda: USD
2020-04-26 16:31:53:INFO: Saldo: 9997.2
2020-04-26 16:31:53:INFO: Tipo conta: Treinamento
2020-04-26 16:31:53:INFO: ------------ Dados Trade -------------
2020-04-26 16:31:53:INFO: Tipo opção: DIGITAIS
2020-04-26 16:31:53:INFO: Tipo calculo: Valor
2020-04-26 16:31:53:INFO: Valor do trade: 1.0
2020-04-26 16:31:53:INFO: Expiração: 1-(M1)
2020-04-26 16:31:53:INFO: Delay em (segundos): 1
2020-04-26 16:31:53:INFO: % Payout: 0.0
2020-04-26 16:31:53:INFO: Trabalhar em OTC: SIM
2020-04-26 16:31:53:INFO: ------------ Dados Martingale -------------
2020-04-26 16:31:53:INFO: Max. martingale: 1
2020-04-26 16:31:53:INFO: Fator martingale: 1.8
2020-04-26 16:31:53:INFO: ------------ Dados Gerenciamento -------------
2020-04-26 16:31:53:INFO: Tipo calculo: Valor
2020-04-26 16:31:53:INFO: Take profit em (valor): 10.0
2020-04-26 16:31:53:INFO: Stop loss em (valor): 25.0
2020-04-26 16:31:53:INFO: ------------ Dados Controle -------------
2020-04-26 16:31:53:INFO: Horario servidor: S
2020-04-26 16:31:53:INFO: Verifica ativo fechado: S
2020-04-26 16:31:53:INFO: Verifica tendencia: False
2020-04-26 16:31:53:INFO: Fuso horário: America/Argentina/Buenos_Aires
2020-04-26 16:35:20:ERROR: POSSIVEIS PROBLEMAS, COM A INTERNET, VERIFIÇÃO NÃO PODE SER EFETUADA.
2020-04-26 16:35:20:INFO: AVISO ---> LICENÇA NÃO ENCONTRADA OU IVALIDA, ROBÔ SÓ FUNCIONARÁ EM CONTA TREINAMENTO . <---
2020-04-26 16:35:20:INFO: Conectando na IQ-Option...
2020-04-26 16:35:25:INFO: ----------> CONECTADO <----------
2020-04-26 16:35:25:INFO: Versao: 4.0.3
2020-04-26 16:35:25:INFO: Licenciado para o email: agussybanez@gmail.com
2020-04-26 16:35:25:INFO: ************ DADOS DA CONTA NA IQOPTION *************
2020-04-26 16:35:25:INFO: Id-Iq: 65729329
2020-04-26 16:35:25:INFO: Moeda: USD
2020-04-26 16:35:25:INFO: Saldo: 9997.2
2020-04-26 16:35:25:INFO: Tipo conta: Treinamento
2020-04-26 16:35:25:INFO: ------------ Dados Trade -------------
2020-04-26 16:35:25:INFO: Tipo opção: DIGITAIS
2020-04-26 16:35:25:INFO: Tipo calculo: Valor
2020-04-26 16:35:25:INFO: Valor do trade: 1.0
2020-04-26 16:35:25:INFO: Expiração: 1-(M1)
2020-04-26 16:35:25:INFO: Delay em (segundos): 1
2020-04-26 16:35:25:INFO: % Payout: 0.0
2020-04-26 16:35:25:INFO: Trabalhar em OTC: SIM
2020-04-26 16:35:25:INFO: ------------ Dados Martingale -------------
2020-04-26 16:35:25:INFO: Max. martingale: 1
2020-04-26 16:35:25:INFO: Fator martingale: 1.8
2020-04-26 16:35:25:INFO: ------------ Dados Gerenciamento -------------
2020-04-26 16:35:25:INFO: Tipo calculo: Valor
2020-04-26 16:35:25:INFO: Take profit em (valor): 10.0
2020-04-26 16:35:25:INFO: Stop loss em (valor): 25.0
2020-04-26 16:35:25:INFO: ------------ Dados Controle -------------
2020-04-26 16:35:25:INFO: Horario servidor: S
2020-04-26 16:35:25:INFO: Verifica ativo fechado: S
2020-04-26 16:35:25:INFO: Verifica tendencia: False
2020-04-26 16:35:25:INFO: Fuso horário: America/Argentina/Buenos_Aires
2020-04-26 16:44:23:ERROR: POSSIVEIS PROBLEMAS, COM A INTERNET, VERIFIÇÃO NÃO PODE SER EFETUADA.
2020-04-26 16:44:23:INFO: AVISO ---> LICENÇA NÃO ENCONTRADA OU IVALIDA, ROBÔ SÓ FUNCIONARÁ EM CONTA TREINAMENTO . <---
2020-04-26 16:44:23:INFO: Conectando na IQ-Option...
2020-04-26 16:44:27:INFO: ----------> CONECTADO <----------
2020-04-26 16:44:27:INFO: Versao: 4.0.3
2020-04-26 16:44:27:INFO: Licenciado para o email: agussybanez@gmail.com
2020-04-26 16:44:27:INFO: ************ DADOS DA CONTA NA IQOPTION *************
2020-04-26 16:44:27:INFO: Id-Iq: 65729329
2020-04-26 16:44:27:INFO: Moeda: USD
2020-04-26 16:44:27:INFO: Saldo: 9997.2
2020-04-26 16:44:27:INFO: Tipo conta: Treinamento
2020-04-26 16:44:27:INFO: ------------ Dados Trade -------------
2020-04-26 16:44:27:INFO: Tipo opção: DIGITAIS
2020-04-26 16:44:27:INFO: Tipo calculo: Valor
2020-04-26 16:44:27:INFO: Valor do trade: 1.0
2020-04-26 16:44:27:INFO: Expiração: 1-(M1)
2020-04-26 16:44:27:INFO: Delay em (segundos): 1
2020-04-26 16:44:27:INFO: % Payout: 0.0
2020-04-26 16:44:27:INFO: Trabalhar em OTC: SIM
2020-04-26 16:44:27:INFO: ------------ Dados Martingale -------------
2020-04-26 16:44:27:INFO: Max. martingale: 1
2020-04-26 16:44:27:INFO: Fator martingale: 1.8
2020-04-26 16:44:27:INFO: ------------ Dados Gerenciamento -------------
2020-04-26 16:44:27:INFO: Tipo calculo: Valor
2020-04-26 16:44:27:INFO: Take profit em (valor): 10.0
2020-04-26 16:44:27:INFO: Stop loss em (valor): 25.0
2020-04-26 16:44:27:INFO: ------------ Dados Controle -------------
2020-04-26 16:44:27:INFO: Horario servidor: S
2020-04-26 16:44:27:INFO: Verifica ativo fechado: S
2020-04-26 16:44:27:INFO: Verifica tendencia: False
2020-04-26 16:44:27:INFO: Fuso horário: America/Argentina/Buenos_Aires
2020-04-26 16:58:20:ERROR: POSSIVEIS PROBLEMAS, COM A INTERNET, VERIFIÇÃO NÃO PODE SER EFETUADA.
2020-04-26 16:58:20:INFO: AVISO ---> LICENÇA NÃO ENCONTRADA OU IVALIDA, ROBÔ SÓ FUNCIONARÁ EM CONTA TREINAMENTO . <---
2020-04-26 16:58:20:INFO: Conectando na IQ-Option...
2020-04-26 16:58:27:INFO: ----------> CONECTADO <----------
2020-04-26 16:58:28:INFO: Versao: 4.0.3
2020-04-26 16:58:28:INFO: Licenciado para o email: agussybanez@gmail.com
2020-04-26 16:58:28:INFO: ************ DADOS DA CONTA NA IQOPTION *************
2020-04-26 16:58:28:INFO: Id-Iq: 65729329
2020-04-26 16:58:28:INFO: Moeda: USD
2020-04-26 16:58:28:INFO: Saldo: 9997.2
2020-04-26 16:58:28:INFO: Tipo conta: Treinamento
2020-04-26 16:58:28:INFO: ------------ Dados Trade -------------
2020-04-26 16:58:28:INFO: Tipo opção: DIGITAIS
2020-04-26 16:58:28:INFO: Tipo calculo: Valor
2020-04-26 16:58:28:INFO: Valor do trade: 1.0
2020-04-26 16:58:28:INFO: Expiração: 1-(M1)
2020-04-26 16:58:28:INFO: Delay em (segundos): 1
2020-04-26 16:58:28:INFO: % Payout: 0.0
2020-04-26 16:58:28:INFO: Trabalhar em OTC: SIM
2020-04-26 16:58:28:INFO: ------------ Dados Martingale -------------
2020-04-26 16:58:28:INFO: Max. martingale: 1
2020-04-26 16:58:28:INFO: Fator martingale: 1.8
2020-04-26 16:58:28:INFO: ------------ Dados Gerenciamento -------------
2020-04-26 16:58:28:INFO: Tipo calculo: Valor
2020-04-26 16:58:28:INFO: Take profit em (valor): 10.0
2020-04-26 16:58:28:INFO: Stop loss em (valor): 25.0
2020-04-26 16:58:28:INFO: ------------ Dados Controle -------------
2020-04-26 16:58:28:INFO: Horario servidor: S
2020-04-26 16:58:28:INFO: Verifica ativo fechado: S
2020-04-26 16:58:28:INFO: Verifica tendencia: False
2020-04-26 16:58:28:INFO: Fuso horário: America/Argentina/Buenos_Aires
2020-04-26 16:59:06:ERROR: Verifique o arquivo [TRADE.TXT] - Pode não conter nenhuma linha no arquivo ou não existe lançamento de horário.
2020-04-26 16:59:06:INFO: Finalizando a execução dos trade dessa sessão.
2020-04-26 17:01:53:ERROR: POSSIVEIS PROBLEMAS, COM A INTERNET, VERIFIÇÃO NÃO PODE SER EFETUADA.
2020-04-26 17:01:53:INFO: AVISO ---> LICENÇA NÃO ENCONTRADA OU IVALIDA, ROBÔ SÓ FUNCIONARÁ EM CONTA TREINAMENTO . <---
2020-04-26 17:01:53:INFO: Conectando na IQ-Option...
2020-04-26 17:01:58:INFO: ----------> CONECTADO <----------
2020-04-26 17:01:58:INFO: Versao: 4.0.3
2020-04-26 17:01:58:INFO: Licenciado para o email: agussybanez@gmail.com
2020-04-26 17:01:58:INFO: ************ DADOS DA CONTA NA IQOPTION *************
2020-04-26 17:01:58:INFO: Id-Iq: 65729329
2020-04-26 17:01:58:INFO: Moeda: USD
2020-04-26 17:01:58:INFO: Saldo: 9997.2
2020-04-26 17:01:58:INFO: Tipo conta: Treinamento
2020-04-26 17:01:58:INFO: ------------ Dados Trade -------------
2020-04-26 17:01:58:INFO: Tipo opção: DIGITAIS
2020-04-26 17:01:58:INFO: Tipo calculo: Valor
2020-04-26 17:01:58:INFO: Valor do trade: 1.0
2020-04-26 17:01:58:INFO: Expiração: 1-(M1)
2020-04-26 17:01:58:INFO: Delay em (segundos): 1
2020-04-26 17:01:58:INFO: % Payout: 0.0
2020-04-26 17:01:58:INFO: Trabalhar em OTC: SIM
2020-04-26 17:01:58:INFO: ------------ Dados Martingale -------------
2020-04-26 17:01:58:INFO: Max. martingale: 1
2020-04-26 17:01:58:INFO: Fator martingale: 1.8
2020-04-26 17:01:58:INFO: ------------ Dados Gerenciamento -------------
2020-04-26 17:01:58:INFO: Tipo calculo: Valor
2020-04-26 17:01:58:INFO: Take profit em (valor): 10.0
2020-04-26 17:01:58:INFO: Stop loss em (valor): 25.0
2020-04-26 17:01:58:INFO: ------------ Dados Controle -------------
2020-04-26 17:01:58:INFO: Horario servidor: S
2020-04-26 17:01:58:INFO: Verifica ativo fechado: S
2020-04-26 17:01:58:INFO: Verifica tendencia: False
2020-04-26 17:01:58:INFO: Fuso horário: America/Argentina/Buenos_Aires
2020-04-26 17:02:28:ERROR: Verifique o arquivo [TRADE.TXT] - Pode não conter nenhuma linha no arquivo ou não existe lançamento de horário.
2020-04-26 17:02:28:INFO: Finalizando a execução dos trade dessa sessão.
2020-04-26 17:07:28:ERROR: POSSIVEIS PROBLEMAS, COM A INTERNET, VERIFIÇÃO NÃO PODE SER EFETUADA.
2020-04-26 17:07:28:INFO: AVISO ---> LICENÇA NÃO ENCONTRADA OU IVALIDA, ROBÔ SÓ FUNCIONARÁ EM CONTA TREINAMENTO . <---
2020-04-26 17:07:28:INFO: Conectando na IQ-Option...
2020-04-26 17:07:34:INFO: ----------> CONECTADO <----------
2020-04-26 17:07:34:INFO: Versao: 4.0.3
2020-04-26 17:07:34:INFO: Licenciado para o email: agussybanez@gmail.com
2020-04-26 17:07:34:INFO: ************ DADOS DA CONTA NA IQOPTION *************
2020-04-26 17:07:34:INFO: Id-Iq: 65729329
2020-04-26 17:07:34:INFO: Moeda: USD
2020-04-26 17:07:34:INFO: Saldo: 9997.2
2020-04-26 17:07:34:INFO: Tipo conta: Treinamento
2020-04-26 17:07:34:INFO: ------------ Dados Trade -------------
2020-04-26 17:07:34:INFO: Tipo opção: DIGITAIS
2020-04-26 17:07:34:INFO: Tipo calculo: Valor
2020-04-26 17:07:34:INFO: Valor do trade: 1.0
2020-04-26 17:07:34:INFO: Expiração: 1-(M1)
2020-04-26 17:07:34:INFO: Delay em (segundos): 1
2020-04-26 17:07:34:INFO: % Payout: 0.0
2020-04-26 17:07:34:INFO: Trabalhar em OTC: SIM
2020-04-26 17:07:34:INFO: ------------ Dados Martingale -------------
2020-04-26 17:07:34:INFO: Max. martingale: 1
2020-04-26 17:07:34:INFO: Fator martingale: 1.8
2020-04-26 17:07:34:INFO: ------------ Dados Gerenciamento -------------
2020-04-26 17:07:34:INFO: Tipo calculo: Valor
2020-04-26 17:07:34:INFO: Take profit em (valor): 10.0
2020-04-26 17:07:34:INFO: Stop loss em (valor): 25.0
2020-04-26 17:07:34:INFO: ------------ Dados Controle -------------
2020-04-26 17:07:34:INFO: Horario servidor: S
2020-04-26 17:07:34:INFO: Verifica ativo fechado: S
2020-04-26 17:07:34:INFO: Verifica tendencia: False
2020-04-26 17:07:34:INFO: Fuso horário: America/Argentina/Buenos_Aires
2020-04-26 17:07:43:INFO: -> Aguardando horário: 26/04/2020 19:02:59 ativo: EURJPY-OTC direção: PUT timeframe: 1
2020-04-26 17:09:01:INFO: Finalizando a execução dos trade dessa sessão.
2020-04-26 17:14:33:ERROR: POSSIVEIS PROBLEMAS, COM A INTERNET, VERIFIÇÃO NÃO PODE SER EFETUADA.
2020-04-26 17:14:33:INFO: AVISO ---> LICENÇA NÃO ENCONTRADA OU IVALIDA, ROBÔ SÓ FUNCIONARÁ EM CONTA TREINAMENTO . <---
2020-04-26 17:14:33:INFO: Conectando na IQ-Option...
2020-04-26 17:14:37:INFO: ----------> CONECTADO <----------
2020-04-26 17:14:37:INFO: Versao: 4.0.3
2020-04-26 17:14:37:INFO: Licenciado para o email: agussybanez@gmail.com
2020-04-26 17:14:37:INFO: ************ DADOS DA CONTA NA IQOPTION *************
2020-04-26 17:14:37:INFO: Id-Iq: 65729329
2020-04-26 17:14:37:INFO: Moeda: USD
2020-04-26 17:14:37:INFO: Saldo: 9997.2
2020-04-26 17:14:37:INFO: Tipo conta: Treinamento
2020-04-26 17:14:37:INFO: ------------ Dados Trade -------------
2020-04-26 17:14:37:INFO: Tipo opção: DIGITAIS
2020-04-26 17:14:37:INFO: Tipo calculo: Valor
2020-04-26 17:14:37:INFO: Valor do trade: 1.0
2020-04-26 17:14:37:INFO: Expiração: 1-(M1)
2020-04-26 17:14:37:INFO: Delay em (segundos): 1
2020-04-26 17:14:37:INFO: % Payout: 0.0
2020-04-26 17:14:37:INFO: Trabalhar em OTC: SIM
2020-04-26 17:14:37:INFO: ------------ Dados Martingale -------------
2020-04-26 17:14:37:INFO: Max. martingale: 1
2020-04-26 17:14:37:INFO: Fator martingale: 1.8
2020-04-26 17:14:37:INFO: ------------ Dados Gerenciamento -------------
2020-04-26 17:14:37:INFO: Tipo calculo: Valor
2020-04-26 17:14:37:INFO: Take profit em (valor): 10.0
2020-04-26 17:14:37:INFO: Stop loss em (valor): 25.0
2020-04-26 17:14:37:INFO: ------------ Dados Controle -------------
2020-04-26 17:14:37:INFO: Horario servidor: S
2020-04-26 17:14:37:INFO: Verifica ativo fechado: S
2020-04-26 17:14:37:INFO: Verifica tendencia: False
2020-04-26 17:14:37:INFO: Fuso horário: America/Argentina/Buenos_Aires
2020-04-26 17:15:28:INFO: -> Aguardando horário: 26/04/2020 19:02:59 ativo: EURJPY-OTC direção: PUT timeframe: 1
2020-04-26 17:15:45:INFO: Finalizando a execução dos trade dessa sessão.
2020-04-26 17:20:23:ERROR: POSSIVEIS PROBLEMAS, COM A INTERNET, VERIFIÇÃO NÃO PODE SER EFETUADA.
2020-04-26 17:20:23:INFO: AVISO ---> LICENÇA NÃO ENCONTRADA OU IVALIDA, ROBÔ SÓ FUNCIONARÁ EM CONTA TREINAMENTO . <---
2020-04-26 17:20:23:INFO: Conectando na IQ-Option...
2020-04-26 17:20:30:INFO: ----------> CONECTADO <----------
2020-04-26 17:20:31:INFO: Versao: 4.0.3
2020-04-26 17:20:31:INFO: Licenciado para o email: agussybanez@gmail.com
2020-04-26 17:20:31:INFO: ************ DADOS DA CONTA NA IQOPTION *************
2020-04-26 17:20:31:INFO: Id-Iq: 65729329
2020-04-26 17:20:31:INFO: Moeda: USD
2020-04-26 17:20:31:INFO: Saldo: 9997.2
2020-04-26 17:20:31:INFO: Tipo conta: Treinamento
2020-04-26 17:20:31:INFO: ------------ Dados Trade -------------
2020-04-26 17:20:31:INFO: Tipo opção: DIGITAIS
2020-04-26 17:20:31:INFO: Tipo calculo: Valor
2020-04-26 17:20:31:INFO: Valor do trade: 1.0
2020-04-26 17:20:31:INFO: Expiração: 1-(M1)
2020-04-26 17:20:31:INFO: Delay em (segundos): 1
2020-04-26 17:20:31:INFO: % Payout: 0.0
2020-04-26 17:20:31:INFO: Trabalhar em OTC: SIM
2020-04-26 17:20:31:INFO: ------------ Dados Martingale -------------
2020-04-26 17:20:31:INFO: Max. martingale: 1
2020-04-26 17:20:31:INFO: Fator martingale: 1.8
2020-04-26 17:20:31:INFO: ------------ Dados Gerenciamento -------------
2020-04-26 17:20:31:INFO: Tipo calculo: Valor
2020-04-26 17:20:31:INFO: Take profit em (valor): 10.0
2020-04-26 17:20:31:INFO: Stop loss em (valor): 25.0
2020-04-26 17:20:31:INFO: ------------ Dados Controle -------------
2020-04-26 17:20:31:INFO: Horario servidor: S
2020-04-26 17:20:31:INFO: Verifica ativo fechado: S
2020-04-26 17:20:31:INFO: Verifica tendencia: False
2020-04-26 17:20:31:INFO: Fuso horário: America/Argentina/Buenos_Aires
2020-04-26 17:20:31:INFO: -> Aguardando horário: 26/04/2020 19:02:59 ativo: EURJPY-OTC direção: PUT timeframe: 1
2020-04-26 17:21:33:INFO: Finalizando a execução dos trade dessa sessão.
2020-04-26 17:24:05:ERROR: POSSIVEIS PROBLEMAS, COM A INTERNET, VERIFIÇÃO NÃO PODE SER EFETUADA.
2020-04-26 17:24:05:INFO: AVISO ---> LICENÇA NÃO ENCONTRADA OU IVALIDA, ROBÔ SÓ FUNCIONARÁ EM CONTA TREINAMENTO . <---
2020-04-26 17:24:05:INFO: Conectando na IQ-Option...
2020-04-26 17:24:09:INFO: ----------> CONECTADO <----------
2020-04-26 17:24:10:INFO: Versao: 4.0.3
2020-04-26 17:24:10:INFO: Licenciado para o email: agussybanez@gmail.com
2020-04-26 17:24:10:INFO: ************ DADOS DA CONTA NA IQOPTION *************
2020-04-26 17:24:10:INFO: Id-Iq: 65729329
2020-04-26 17:24:10:INFO: Moeda: USD
2020-04-26 17:24:10:INFO: Saldo: 9997.2
2020-04-26 17:24:10:INFO: Tipo conta: Treinamento
2020-04-26 17:24:10:INFO: ------------ Dados Trade -------------
2020-04-26 17:24:10:INFO: Tipo opção: DIGITAIS
2020-04-26 17:24:10:INFO: Tipo calculo: Valor
2020-04-26 17:24:10:INFO: Valor do trade: 1.0
2020-04-26 17:24:10:INFO: Expiração: 1-(M1)
2020-04-26 17:24:10:INFO: Delay em (segundos): 1
2020-04-26 17:24:10:INFO: % Payout: 0.0
2020-04-26 17:24:10:INFO: Trabalhar em OTC: SIM
2020-04-26 17:24:10:INFO: ------------ Dados Martingale -------------
2020-04-26 17:24:10:INFO: Max. martingale: 1
2020-04-26 17:24:10:INFO: Fator martingale: 1.8
2020-04-26 17:24:10:INFO: ------------ Dados Gerenciamento -------------
2020-04-26 17:24:10:INFO: Tipo calculo: Valor
2020-04-26 17:24:10:INFO: Take profit em (valor): 10.0
2020-04-26 17:24:10:INFO: Stop loss em (valor): 25.0
2020-04-26 17:24:10:INFO: ------------ Dados Controle -------------
2020-04-26 17:24:10:INFO: Horario servidor: S
2020-04-26 17:24:10:INFO: Verifica ativo fechado: S
2020-04-26 17:24:10:INFO: Verifica tendencia: False
2020-04-26 17:24:10:INFO: Fuso horário: America/Argentina/Buenos_Aires
2020-04-26 17:24:10:INFO: -> Aguardando horário: 26/04/2020 19:02:59 ativo: EURJPY-OTC direção: PUT timeframe: 1
2020-04-26 17:24:28:INFO: Finalizando a execução dos trade dessa sessão.
2020-04-26 17:25:48:ERROR: POSSIVEIS PROBLEMAS, COM A INTERNET, VERIFIÇÃO NÃO PODE SER EFETUADA.
2020-04-26 17:25:48:INFO: AVISO ---> LICENÇA NÃO ENCONTRADA OU IVALIDA, ROBÔ SÓ FUNCIONARÁ EM CONTA TREINAMENTO . <---
2020-04-26 17:25:48:INFO: Conectando na IQ-Option...
2020-04-26 17:25:54:INFO: ----------> CONECTADO <----------
2020-04-26 17:25:55:INFO: Versao: 4.0.3
2020-04-26 17:25:55:INFO: Licenciado para o email: agussybanez@gmail.com
2020-04-26 17:25:55:INFO: ************ DADOS DA CONTA NA IQOPTION *************
2020-04-26 17:25:55:INFO: Id-Iq: 65729329
2020-04-26 17:25:55:INFO: Moeda: USD
2020-04-26 17:25:55:INFO: Saldo: 9997.2
2020-04-26 17:25:55:INFO: Tipo conta: Treinamento
2020-04-26 17:25:55:INFO: ------------ Dados Trade -------------
2020-04-26 17:25:55:INFO: Tipo opção: DIGITAIS
2020-04-26 17:25:55:INFO: Tipo calculo: Valor
2020-04-26 17:25:55:INFO: Valor do trade: 1.0
2020-04-26 17:25:55:INFO: Expiração: 1-(M1)
2020-04-26 17:25:55:INFO: Delay em (segundos): 1
2020-04-26 17:25:55:INFO: % Payout: 0.0
2020-04-26 17:25:55:INFO: Trabalhar em OTC: SIM
2020-04-26 17:25:55:INFO: ------------ Dados Martingale -------------
2020-04-26 17:25:55:INFO: Max. martingale: 1
2020-04-26 17:25:55:INFO: Fator martingale: 1.8
2020-04-26 17:25:55:INFO: ------------ Dados Gerenciamento -------------
2020-04-26 17:25:55:INFO: Tipo calculo: Valor
2020-04-26 17:25:55:INFO: Take profit em (valor): 10.0
2020-04-26 17:25:55:INFO: Stop loss em (valor): 25.0
2020-04-26 17:25:55:INFO: ------------ Dados Controle -------------
2020-04-26 17:25:55:INFO: Horario servidor: S
2020-04-26 17:25:55:INFO: Verifica ativo fechado: S
2020-04-26 17:25:55:INFO: Verifica tendencia: False
2020-04-26 17:25:55:INFO: Fuso horário: America/Argentina/Buenos_Aires
2020-04-26 17:25:55:INFO: -> Aguardando horário: 26/04/2020 19:02:59 ativo: EURJPY-OTC direção: PUT timeframe: 1
2020-04-26 17:26:57:INFO: Finalizando a execução dos trade dessa sessão.
2020-04-26 17:29:52:ERROR: POSSIVEIS PROBLEMAS, COM A INTERNET, VERIFIÇÃO NÃO PODE SER EFETUADA.
2020-04-26 17:29:52:INFO: AVISO ---> LICENÇA NÃO ENCONTRADA OU IVALIDA, ROBÔ SÓ FUNCIONARÁ EM CONTA TREINAMENTO . <---
2020-04-26 17:29:52:INFO: Conectando na IQ-Option...
2020-04-26 17:29:59:INFO: ----------> CONECTADO <----------
2020-04-26 17:29:59:INFO: Versao: 4.0.3
2020-04-26 17:29:59:INFO: Licenciado para o email: agussybanez@gmail.com
2020-04-26 17:29:59:INFO: ************ DADOS DA CONTA NA IQOPTION *************
2020-04-26 17:29:59:INFO: Id-Iq: 65729329
2020-04-26 17:29:59:INFO: Moeda: USD
2020-04-26 17:29:59:INFO: Saldo: 9997.2
2020-04-26 17:29:59:INFO: Tipo conta: Treinamento
2020-04-26 17:29:59:INFO: ------------ Dados Trade -------------
2020-04-26 17:29:59:INFO: Tipo opção: DIGITAIS
2020-04-26 17:29:59:INFO: Tipo calculo: Valor
2020-04-26 17:29:59:INFO: Valor do trade: 1.0
2020-04-26 17:29:59:INFO: Expiração: 1-(M1)
2020-04-26 17:29:59:INFO: Delay em (segundos): 1
2020-04-26 17:29:59:INFO: % Payout: 0.0
2020-04-26 17:29:59:INFO: Trabalhar em OTC: SIM
2020-04-26 17:29:59:INFO: ------------ Dados Martingale -------------
2020-04-26 17:29:59:INFO: Max. martingale: 1
2020-04-26 17:29:59:INFO: Fator martingale: 1.8
2020-04-26 17:29:59:INFO: ------------ Dados Gerenciamento -------------
2020-04-26 17:29:59:INFO: Tipo calculo: Valor
2020-04-26 17:29:59:INFO: Take profit em (valor): 10.0
2020-04-26 17:29:59:INFO: Stop loss em (valor): 25.0
2020-04-26 17:29:59:INFO: ------------ Dados Controle -------------
2020-04-26 17:29:59:INFO: Horario servidor: S
2020-04-26 17:29:59:INFO: Verifica ativo fechado: S
2020-04-26 17:29:59:INFO: Verifica tendencia: False
2020-04-26 17:29:59:INFO: Fuso horário: America/Argentina/Buenos_Aires
2020-04-26 17:30:00:INFO: -> Aguardando horário: 26/04/2020 19:02:59 ativo: EURJPY-OTC direção: PUT timeframe: 1
2020-04-26 17:30:54:ERROR: POSSIVEIS PROBLEMAS, COM A INTERNET, VERIFIÇÃO NÃO PODE SER EFETUADA.
2020-04-26 17:30:54:INFO: AVISO ---> LICENÇA NÃO ENCONTRADA OU IVALIDA, ROBÔ SÓ FUNCIONARÁ EM CONTA TREINAMENTO . <---
2020-04-26 17:30:54:INFO: Conectando na IQ-Option...
2020-04-26 17:30:58:INFO: ----------> CONECTADO <----------
2020-04-26 17:30:58:INFO: Versao: 4.0.3
2020-04-26 17:30:58:INFO: Licenciado para o email: agussybanez@gmail.com
2020-04-26 17:30:58:INFO: ************ DADOS DA CONTA NA IQOPTION *************
2020-04-26 17:30:58:INFO: Id-Iq: 65729329
2020-04-26 17:30:58:INFO: Moeda: USD
2020-04-26 17:30:58:INFO: Saldo: 9997.2
2020-04-26 17:30:58:INFO: Tipo conta: Treinamento
2020-04-26 17:30:58:INFO: ------------ Dados Trade -------------
2020-04-26 17:30:58:INFO: Tipo opção: DIGITAIS
2020-04-26 17:30:58:INFO: Tipo calculo: Valor
2020-04-26 17:30:58:INFO: Valor do trade: 1.0
2020-04-26 17:30:58:INFO: Expiração: 1-(M1)
2020-04-26 17:30:58:INFO: Delay em (segundos): 1
2020-04-26 17:30:58:INFO: % Payout: 0.0
2020-04-26 17:30:58:INFO: Trabalhar em OTC: SIM
2020-04-26 17:30:58:INFO: ------------ Dados Martingale -------------
2020-04-26 17:30:58:INFO: Max. martingale: 1
2020-04-26 17:30:58:INFO: Fator martingale: 1.8
2020-04-26 17:30:58:INFO: ------------ Dados Gerenciamento -------------
2020-04-26 17:30:58:INFO: Tipo calculo: Valor
2020-04-26 17:30:58:INFO: Take profit em (valor): 10.0
2020-04-26 17:30:58:INFO: Stop loss em (valor): 25.0
2020-04-26 17:30:58:INFO: ------------ Dados Controle -------------
2020-04-26 17:30:58:INFO: Horario servidor: S
2020-04-26 17:30:58:INFO: Verifica ativo fechado: S
2020-04-26 17:30:58:INFO: Verifica tendencia: False
2020-04-26 17:30:58:INFO: Fuso horário: America/Argentina/Buenos_Aires
2020-04-26 17:30:59:INFO: -> Aguardando horário: 26/04/2020 19:02:59 ativo: EURJPY-OTC direção: PUT timeframe: 1
2020-04-26 17:31:07:INFO: Finalizando a execução dos trade dessa sessão.
2020-04-26 17:31:07:INFO: Finalizando a execução dos trade dessa sessão.
2020-04-26 17:35:01:ERROR: POSSIVEIS PROBLEMAS, COM A INTERNET, VERIFIÇÃO NÃO PODE SER EFETUADA.
2020-04-26 17:35:01:INFO: AVISO ---> LICENÇA NÃO ENCONTRADA OU IVALIDA, ROBÔ SÓ FUNCIONARÁ EM CONTA TREINAMENTO . <---
2020-04-26 17:35:01:INFO: Conectando na IQ-Option...
2020-04-26 17:35:05:INFO: ----------> CONECTADO <----------
2020-04-26 17:35:06:INFO: Versao: 4.0.3
2020-04-26 17:35:06:INFO: Licenciado para o email: agussybanez@gmail.com
2020-04-26 17:35:06:INFO: ************ DADOS DA CONTA NA IQOPTION *************
2020-04-26 17:35:06:INFO: Id-Iq: 65729329
2020-04-26 17:35:06:INFO: Moeda: USD
2020-04-26 17:35:06:INFO: Saldo: 9997.2
2020-04-26 17:35:06:INFO: Tipo conta: Treinamento
2020-04-26 17:35:06:INFO: ------------ Dados Trade -------------
2020-04-26 17:35:06:INFO: Tipo opção: DIGITAIS
2020-04-26 17:35:06:INFO: Tipo calculo: Valor
2020-04-26 17:35:06:INFO: Valor do trade: 1.0
2020-04-26 17:35:06:INFO: Expiração: 1-(M1)
2020-04-26 17:35:06:INFO: Delay em (segundos): 1
2020-04-26 17:35:06:INFO: % Payout: 0.0
2020-04-26 17:35:06:INFO: Trabalhar em OTC: SIM
2020-04-26 17:35:06:INFO: ------------ Dados Martingale -------------
2020-04-26 17:35:06:INFO: Max. martingale: 1
2020-04-26 17:35:06:INFO: Fator martingale: 1.8
2020-04-26 17:35:06:INFO: ------------ Dados Gerenciamento -------------
2020-04-26 17:35:06:INFO: Tipo calculo: Valor
2020-04-26 17:35:06:INFO: Take profit em (valor): 10.0
2020-04-26 17:35:06:INFO: Stop loss em (valor): 25.0
2020-04-26 17:35:06:INFO: ------------ Dados Controle -------------
2020-04-26 17:35:06:INFO: Horario servidor: S
2020-04-26 17:35:06:INFO: Verifica ativo fechado: S
2020-04-26 17:35:06:INFO: Verifica tendencia: False
2020-04-26 17:35:06:INFO: Fuso horário: America/Argentina/Buenos_Aires
2020-04-26 17:35:06:INFO: -> Aguardando horário: 26/04/2020 19:02:59 ativo: EURJPY-OTC direção: PUT timeframe: 1
2020-04-26 17:35:28:INFO: Finalizando a execução dos trade dessa sessão.
2020-04-26 17:36:25:ERROR: POSSIVEIS PROBLEMAS, COM A INTERNET, VERIFIÇÃO NÃO PODE SER EFETUADA.
2020-04-26 17:36:25:INFO: AVISO ---> LICENÇA NÃO ENCONTRADA OU IVALIDA, ROBÔ SÓ FUNCIONARÁ EM CONTA TREINAMENTO . <---
2020-04-26 17:36:25:INFO: Conectando na IQ-Option...
2020-04-26 17:36:29:INFO: ----------> CONECTADO <----------
2020-04-26 17:36:30:INFO: Versao: 4.0.3
2020-04-26 17:36:30:INFO: Licenciado para o email: agussybanez@gmail.com
2020-04-26 17:36:30:INFO: ************ DADOS DA CONTA NA IQOPTION *************
2020-04-26 17:36:30:INFO: Id-Iq: 65729329
2020-04-26 17:36:30:INFO: Moeda: USD
2020-04-26 17:36:30:INFO: Saldo: 9997.2
2020-04-26 17:36:30:INFO: Tipo conta: Treinamento
2020-04-26 17:36:30:INFO: ------------ Dados Trade -------------
2020-04-26 17:36:30:INFO: Tipo opção: DIGITAIS
2020-04-26 17:36:30:INFO: Tipo calculo: Valor
2020-04-26 17:36:30:INFO: Valor do trade: 1.0
2020-04-26 17:36:30:INFO: Expiração: 1-(M1)
2020-04-26 17:36:30:INFO: Delay em (segundos): 1
2020-04-26 17:36:30:INFO: % Payout: 0.0
2020-04-26 17:36:30:INFO: Trabalhar em OTC: SIM
2020-04-26 17:36:30:INFO: ------------ Dados Martingale -------------
2020-04-26 17:36:30:INFO: Max. martingale: 1
2020-04-26 17:36:30:INFO: Fator martingale: 1.8
2020-04-26 17:36:30:INFO: ------------ Dados Gerenciamento -------------
2020-04-26 17:36:30:INFO: Tipo calculo: Valor
2020-04-26 17:36:30:INFO: Take profit em (valor): 10.0
2020-04-26 17:36:30:INFO: Stop loss em (valor): 25.0
2020-04-26 17:36:30:INFO: ------------ Dados Controle -------------
2020-04-26 17:36:30:INFO: Horario servidor: S
2020-04-26 17:36:30:INFO: Verifica ativo fechado: S
2020-04-26 17:36:30:INFO: Verifica tendencia: False
2020-04-26 17:36:30:INFO: Fuso horário: America/Argentina/Buenos_Aires
2020-04-26 17:36:30:INFO: -> Aguardando horário: 26/04/2020 19:02:59 ativo: EURJPY-OTC direção: PUT timeframe: 1
2020-04-26 17:37:17:INFO: Finalizando a execução dos trade dessa sessão.
2020-04-26 17:38:08:ERROR: POSSIVEIS PROBLEMAS, COM A INTERNET, VERIFIÇÃO NÃO PODE SER EFETUADA.
2020-04-26 17:38:08:INFO: AVISO ---> LICENÇA NÃO ENCONTRADA OU IVALIDA, ROBÔ SÓ FUNCIONARÁ EM CONTA TREINAMENTO . <---
2020-04-26 17:38:08:INFO: Conectando na IQ-Option...
2020-04-26 17:38:12:INFO: ----------> CONECTADO <----------
2020-04-26 17:38:13:INFO: Versao: 4.0.3
2020-04-26 17:38:13:INFO: Licenciado para o email: agussybanez@gmail.com
2020-04-26 17:38:13:INFO: ************ DADOS DA CONTA NA IQOPTION *************
2020-04-26 17:38:13:INFO: Id-Iq: 65729329
2020-04-26 17:38:13:INFO: Moeda: USD
2020-04-26 17:38:13:INFO: Saldo: 9997.2
2020-04-26 17:38:13:INFO: Tipo conta: Treinamento
2020-04-26 17:38:13:INFO: ------------ Dados Trade -------------
2020-04-26 17:38:13:INFO: Tipo opção: DIGITAIS
2020-04-26 17:38:13:INFO: Tipo calculo: Valor
2020-04-26 17:38:13:INFO: Valor do trade: 1.0
2020-04-26 17:38:13:INFO: Expiração: 1-(M1)
2020-04-26 17:38:13:INFO: Delay em (segundos): 1
2020-04-26 17:38:13:INFO: % Payout: 0.0
2020-04-26 17:38:13:INFO: Trabalhar em OTC: SIM
2020-04-26 17:38:13:INFO: ------------ Dados Martingale -------------
2020-04-26 17:38:13:INFO: Max. martingale: 1
2020-04-26 17:38:13:INFO: Fator martingale: 1.8
2020-04-26 17:38:13:INFO: ------------ Dados Gerenciamento -------------
2020-04-26 17:38:13:INFO: Tipo calculo: Valor
2020-04-26 17:38:13:INFO: Take profit em (valor): 10.0
2020-04-26 17:38:13:INFO: Stop loss em (valor): 25.0
2020-04-26 17:38:13:INFO: ------------ Dados Controle -------------
2020-04-26 17:38:13:INFO: Horario servidor: S
2020-04-26 17:38:13:INFO: Verifica ativo fechado: S
2020-04-26 17:38:13:INFO: Verifica tendencia: False
2020-04-26 17:38:13:INFO: Fuso horário: America/Argentina/Buenos_Aires
2020-04-26 17:38:14:INFO: -> Aguardando horário: 26/04/2020 19:02:59 ativo: EURJPY-OTC direção: PUT timeframe: 1
2020-04-26 17:38:32:INFO: Finalizando a execução dos trade dessa sessão.
2020-04-26 17:43:14:ERROR: POSSIVEIS PROBLEMAS, COM A INTERNET, VERIFIÇÃO NÃO PODE SER EFETUADA.
2020-04-26 17:43:14:INFO: AVISO ---> LICENÇA NÃO ENCONTRADA OU IVALIDA, ROBÔ SÓ FUNCIONARÁ EM CONTA TREINAMENTO . <---
2020-04-26 17:43:14:INFO: Conectando na IQ-Option...
2020-04-26 17:43:17:INFO: ----------> CONECTADO <----------
2020-04-26 17:43:18:INFO: Versao: 4.0.3
2020-04-26 17:43:18:INFO: Licenciado para o email: agussybanez@gmail.com
2020-04-26 17:43:18:INFO: ************ DADOS DA CONTA NA IQOPTION *************
2020-04-26 17:43:18:INFO: Id-Iq: 65729329
2020-04-26 17:43:18:INFO: Moeda: USD
2020-04-26 17:43:18:INFO: Saldo: 9997.2
2020-04-26 17:43:18:INFO: Tipo conta: Treinamento
2020-04-26 17:43:18:INFO: ------------ Dados Trade -------------
2020-04-26 17:43:18:INFO: Tipo opção: DIGITAIS
2020-04-26 17:43:18:INFO: Tipo calculo: Valor
2020-04-26 17:43:18:INFO: Valor do trade: 1.0
2020-04-26 17:43:18:INFO: Expiração: 1-(M1)
2020-04-26 17:43:18:INFO: Delay em (segundos): 1
2020-04-26 17:43:18:INFO: % Payout: 0.0
2020-04-26 17:43:18:INFO: Trabalhar em OTC: SIM
2020-04-26 17:43:18:INFO: ------------ Dados Martingale -------------
2020-04-26 17:43:18:INFO: Max. martingale: 1
2020-04-26 17:43:18:INFO: Fator martingale: 1.8
2020-04-26 17:43:18:INFO: ------------ Dados Gerenciamento -------------
2020-04-26 17:43:18:INFO: Tipo calculo: Valor
2020-04-26 17:43:18:INFO: Take profit em (valor): 10.0
2020-04-26 17:43:18:INFO: Stop loss em (valor): 25.0
2020-04-26 17:43:18:INFO: ------------ Dados Controle -------------
2020-04-26 17:43:18:INFO: Horario servidor: S
2020-04-26 17:43:18:INFO: Verifica ativo fechado: S
2020-04-26 17:43:18:INFO: Verifica tendencia: False
2020-04-26 17:43:18:INFO: Fuso horário: America/Argentina/Buenos_Aires
2020-04-26 17:43:18:INFO: -> Aguardando horário: 26/04/2020 19:02:59 ativo: EURJPY-OTC direção: PUT timeframe: 1
2020-04-26 17:44:48:INFO: Finalizando a execução dos trade dessa sessão.
2020-04-26 17:45:55:ERROR: POSSIVEIS PROBLEMAS, COM A INTERNET, VERIFIÇÃO NÃO PODE SER EFETUADA.
2020-04-26 17:45:55:INFO: AVISO ---> LICENÇA NÃO ENCONTRADA OU IVALIDA, ROBÔ SÓ FUNCIONARÁ EM CONTA TREINAMENTO . <---
2020-04-26 17:45:55:INFO: Conectando na IQ-Option...
2020-04-26 17:46:00:INFO: ----------> CONECTADO <----------
2020-04-26 17:46:00:INFO: Versao: 4.0.3
2020-04-26 17:46:00:INFO: Licenciado para o email: agussybanez@gmail.com
2020-04-26 17:46:00:INFO: ************ DADOS DA CONTA NA IQOPTION *************
2020-04-26 17:46:00:INFO: Id-Iq: 65729329
2020-04-26 17:46:00:INFO: Moeda: USD
2020-04-26 17:46:00:INFO: Saldo: 9997.2
2020-04-26 17:46:00:INFO: Tipo conta: Treinamento
2020-04-26 17:46:00:INFO: ------------ Dados Trade -------------
2020-04-26 17:46:00:INFO: Tipo opção: DIGITAIS
2020-04-26 17:46:00:INFO: Tipo calculo: Valor
2020-04-26 17:46:00:INFO: Valor do trade: 1.0
2020-04-26 17:46:00:INFO: Expiração: 1-(M1)
2020-04-26 17:46:00:INFO: Delay em (segundos): 1
2020-04-26 17:46:00:INFO: % Payout: 0.0
2020-04-26 17:46:00:INFO: Trabalhar em OTC: SIM
2020-04-26 17:46:00:INFO: ------------ Dados Martingale -------------
2020-04-26 17:46:00:INFO: Max. martingale: 1
2020-04-26 17:46:00:INFO: Fator martingale: 1.8
2020-04-26 17:46:00:INFO: ------------ Dados Gerenciamento -------------
2020-04-26 17:46:00:INFO: Tipo calculo: Valor
2020-04-26 17:46:00:INFO: Take profit em (valor): 10.0
2020-04-26 17:46:00:INFO: Stop loss em (valor): 25.0
2020-04-26 17:46:00:INFO: ------------ Dados Controle -------------
2020-04-26 17:46:00:INFO: Horario servidor: S
2020-04-26 17:46:00:INFO: Verifica ativo fechado: S
2020-04-26 17:46:00:INFO: Verifica tendencia: False
2020-04-26 17:46:00:INFO: Fuso horário: America/Argentina/Buenos_Aires
2020-04-26 17:46:00:INFO: -> Aguardando horário: 26/04/2020 19:02:59 ativo: EURJPY-OTC direção: PUT timeframe: 1
2020-04-26 17:46:25:INFO: Finalizando a execução dos trade dessa sessão.
2020-04-26 17:47:08:ERROR: POSSIVEIS PROBLEMAS, COM A INTERNET, VERIFIÇÃO NÃO PODE SER EFETUADA.
2020-04-26 17:47:08:INFO: AVISO ---> LICENÇA NÃO ENCONTRADA OU IVALIDA, ROBÔ SÓ FUNCIONARÁ EM CONTA TREINAMENTO . <---
2020-04-26 17:47:08:INFO: Conectando na IQ-Option...
2020-04-26 17:47:12:INFO: ----------> CONECTADO <----------
2020-04-26 17:47:12:INFO: Versao: 4.0.3
2020-04-26 17:47:12:INFO: Licenciado para o email: agussybanez@gmail.com
2020-04-26 17:47:12:INFO: ************ DADOS DA CONTA NA IQOPTION *************
2020-04-26 17:47:12:INFO: Id-Iq: 65729329
2020-04-26 17:47:12:INFO: Moeda: USD
2020-04-26 17:47:12:INFO: Saldo: 9997.2
2020-04-26 17:47:12:INFO: Tipo conta: Treinamento
2020-04-26 17:47:12:INFO: ------------ Dados Trade -------------
2020-04-26 17:47:12:INFO: Tipo opção: DIGITAIS
2020-04-26 17:47:12:INFO: Tipo calculo: Valor
2020-04-26 17:47:12:INFO: Valor do trade: 1.0
2020-04-26 17:47:12:INFO: Expiração: 1-(M1)
2020-04-26 17:47:12:INFO: Delay em (segundos): 1
2020-04-26 17:47:12:INFO: % Payout: 0.0
2020-04-26 17:47:12:INFO: Trabalhar em OTC: SIM
2020-04-26 17:47:12:INFO: ------------ Dados Martingale -------------
2020-04-26 17:47:12:INFO: Max. martingale: 1
2020-04-26 17:47:12:INFO: Fator martingale: 1.8
2020-04-26 17:47:12:INFO: ------------ Dados Gerenciamento -------------
2020-04-26 17:47:12:INFO: Tipo calculo: Valor
2020-04-26 17:47:12:INFO: Take profit em (valor): 10.0
2020-04-26 17:47:12:INFO: Stop loss em (valor): 25.0
2020-04-26 17:47:12:INFO: ------------ Dados Controle -------------
2020-04-26 17:47:12:INFO: Horario servidor: S
2020-04-26 17:47:12:INFO: Verifica ativo fechado: S
2020-04-26 17:47:12:INFO: Verifica tendencia: False
2020-04-26 17:47:12:INFO: Fuso horário: America/Argentina/Buenos_Aires
2020-04-26 17:47:12:INFO: -> Aguardando horário: 26/04/2020 19:02:59 ativo: EURJPY-OTC direção: PUT timeframe: 1
2020-04-26 17:47:38:INFO: Finalizando a execução dos trade dessa sessão.
2020-04-26 17:48:29:ERROR: POSSIVEIS PROBLEMAS, COM A INTERNET, VERIFIÇÃO NÃO PODE SER EFETUADA.
2020-04-26 17:48:29:INFO: AVISO ---> LICENÇA NÃO ENCONTRADA OU IVALIDA, ROBÔ SÓ FUNCIONARÁ EM CONTA TREINAMENTO . <---
2020-04-26 17:48:29:INFO: Conectando na IQ-Option...
2020-04-26 17:48:33:INFO: ----------> CONECTADO <----------
2020-04-26 17:48:34:INFO: Versao: 4.0.3
2020-04-26 17:48:34:INFO: Licenciado para o email: agussybanez@gmail.com
2020-04-26 17:48:34:INFO: ************ DADOS DA CONTA NA IQOPTION *************
2020-04-26 17:48:34:INFO: Id-Iq: 65729329
2020-04-26 17:48:34:INFO: Moeda: USD
2020-04-26 17:48:34:INFO: Saldo: 9997.2
2020-04-26 17:48:34:INFO: Tipo conta: Treinamento
2020-04-26 17:48:34:INFO: ------------ Dados Trade -------------
2020-04-26 17:48:34:INFO: Tipo opção: DIGITAIS
2020-04-26 17:48:34:INFO: Tipo calculo: Valor
2020-04-26 17:48:34:INFO: Valor do trade: 1.0
2020-04-26 17:48:34:INFO: Expiração: 1-(M1)
2020-04-26 17:48:34:INFO: Delay em (segundos): 1
2020-04-26 17:48:34:INFO: % Payout: 0.0
2020-04-26 17:48:34:INFO: Trabalhar em OTC: SIM
2020-04-26 17:48:34:INFO: ------------ Dados Martingale -------------
2020-04-26 17:48:34:INFO: Max. martingale: 1
2020-04-26 17:48:34:INFO: Fator martingale: 1.8
2020-04-26 17:48:34:INFO: ------------ Dados Gerenciamento -------------
2020-04-26 17:48:34:INFO: Tipo calculo: Valor
2020-04-26 17:48:34:INFO: Take profit em (valor): 10.0
2020-04-26 17:48:34:INFO: Stop loss em (valor): 25.0
2020-04-26 17:48:34:INFO: ------------ Dados Controle -------------
2020-04-26 17:48:34:INFO: Horario servidor: S
2020-04-26 17:48:34:INFO: Verifica ativo fechado: S
2020-04-26 17:48:34:INFO: Verifica tendencia: False
2020-04-26 17:48:34:INFO: Fuso horário: America/Argentina/Buenos_Aires
2020-04-26 17:48:34:INFO: -> Aguardando horário: 26/04/2020 19:02:59 ativo: EURJPY-OTC direção: PUT timeframe: 1
2020-04-26 17:48:47:INFO: Finalizando a execução dos trade dessa sessão.
2020-04-26 17:51:37:ERROR: POSSIVEIS PROBLEMAS, COM A INTERNET, VERIFIÇÃO NÃO PODE SER EFETUADA.
2020-04-26 17:51:37:INFO: AVISO ---> LICENÇA NÃO ENCONTRADA OU IVALIDA, ROBÔ SÓ FUNCIONARÁ EM CONTA TREINAMENTO . <---
2020-04-26 17:51:37:INFO: Conectando na IQ-Option...
2020-04-26 17:51:40:INFO: ----------> CONECTADO <----------
2020-04-26 17:51:41:INFO: Versao: 4.0.3
2020-04-26 17:51:41:INFO: Licenciado para o email: agussybanez@gmail.com
2020-04-26 17:51:41:INFO: ************ DADOS DA CONTA NA IQOPTION *************
2020-04-26 17:51:41:INFO: Id-Iq: 65729329
2020-04-26 17:51:41:INFO: Moeda: USD
2020-04-26 17:51:41:INFO: Saldo: 9997.2
2020-04-26 17:51:41:INFO: Tipo conta: Treinamento
2020-04-26 17:51:41:INFO: ------------ Dados Trade -------------
2020-04-26 17:51:41:INFO: Tipo opção: DIGITAIS
2020-04-26 17:51:41:INFO: Tipo calculo: Valor
2020-04-26 17:51:41:INFO: Valor do trade: 1.0
2020-04-26 17:51:41:INFO: Expiração: 1-(M1)
2020-04-26 17:51:41:INFO: Delay em (segundos): 1
2020-04-26 17:51:41:INFO: % Payout: 0.0
2020-04-26 17:51:41:INFO: Trabalhar em OTC: SIM
2020-04-26 17:51:41:INFO: ------------ Dados Martingale -------------
2020-04-26 17:51:41:INFO: Max. martingale: 1
2020-04-26 17:51:41:INFO: Fator martingale: 1.8
2020-04-26 17:51:41:INFO: ------------ Dados Gerenciamento -------------
2020-04-26 17:51:41:INFO: Tipo calculo: Valor
2020-04-26 17:51:41:INFO: Take profit em (valor): 10.0
2020-04-26 17:51:41:INFO: Stop loss em (valor): 25.0
2020-04-26 17:51:41:INFO: ------------ Dados Controle -------------
2020-04-26 17:51:41:INFO: Horario servidor: S
2020-04-26 17:51:41:INFO: Verifica ativo fechado: S
2020-04-26 17:51:41:INFO: Verifica tendencia: False
2020-04-26 17:51:41:INFO: Fuso horário: America/Argentina/Buenos_Aires
2020-04-26 17:51:41:INFO: -> Aguardando horário: 26/04/2020 19:02:59 ativo: EURJPY-OTC direção: PUT timeframe: 1
2020-04-26 17:52:01:INFO: Finalizando a execução dos trade dessa sessão.
2020-04-26 17:53:28:ERROR: POSSIVEIS PROBLEMAS, COM A INTERNET, VERIFIÇÃO NÃO PODE SER EFETUADA.
2020-04-26 17:53:28:INFO: AVISO ---> LICENÇA NÃO ENCONTRADA OU IVALIDA, ROBÔ SÓ FUNCIONARÁ EM CONTA TREINAMENTO . <---
2020-04-26 17:53:28:INFO: Conectando na IQ-Option...
2020-04-26 17:53:33:INFO: ----------> CONECTADO <----------
2020-04-26 17:53:34:INFO: Versao: 4.0.3
2020-04-26 17:53:34:INFO: Licenciado para o email: agussybanez@gmail.com
2020-04-26 17:53:34:INFO: ************ DADOS DA CONTA NA IQOPTION *************
2020-04-26 17:53:34:INFO: Id-Iq: 65729329
2020-04-26 17:53:34:INFO: Moeda: USD
2020-04-26 17:53:34:INFO: Saldo: 9997.2
2020-04-26 17:53:34:INFO: Tipo conta: Treinamento
2020-04-26 17:53:34:INFO: ------------ Dados Trade -------------
2020-04-26 17:53:34:INFO: Tipo opção: DIGITAIS
2020-04-26 17:53:34:INFO: Tipo calculo: Valor
2020-04-26 17:53:34:INFO: Valor do trade: 1.0
2020-04-26 17:53:34:INFO: Expiração: 1-(M1)
2020-04-26 17:53:34:INFO: Delay em (segundos): 1
2020-04-26 17:53:34:INFO: % Payout: 0.0
2020-04-26 17:53:34:INFO: Trabalhar em OTC: SIM
2020-04-26 17:53:34:INFO: ------------ Dados Martingale -------------
2020-04-26 17:53:34:INFO: Max. martingale: 1
2020-04-26 17:53:34:INFO: Fator martingale: 1.8
2020-04-26 17:53:34:INFO: ------------ Dados Gerenciamento -------------
2020-04-26 17:53:34:INFO: Tipo calculo: Valor
2020-04-26 17:53:34:INFO: Take profit em (valor): 10.0
2020-04-26 17:53:34:INFO: Stop loss em (valor): 25.0
2020-04-26 17:53:34:INFO: ------------ Dados Controle -------------
2020-04-26 17:53:34:INFO: Horario servidor: S
2020-04-26 17:53:34:INFO: Verifica ativo fechado: S
2020-04-26 17:53:34:INFO: Verifica tendencia: False
2020-04-26 17:53:34:INFO: Fuso horário: America/Argentina/Buenos_Aires
2020-04-26 17:53:35:INFO: -> Aguardando horário: 26/04/2020 19:02:59 ativo: EURJPY-OTC direção: PUT timeframe: 1
2020-04-26 17:53:43:INFO: Finalizando a execução dos trade dessa sessão.
2020-04-26 17:56:04:ERROR: POSSIVEIS PROBLEMAS, COM A INTERNET, VERIFIÇÃO NÃO PODE SER EFETUADA.
2020-04-26 17:56:04:INFO: AVISO ---> LICENÇA NÃO ENCONTRADA OU IVALIDA, ROBÔ SÓ FUNCIONARÁ EM CONTA TREINAMENTO . <---
2020-04-26 17:56:04:INFO: Conectando na IQ-Option...
2020-04-26 17:56:11:INFO: ----------> CONECTADO <----------
2020-04-26 17:56:12:INFO: Versao: 4.0.3
2020-04-26 17:56:12:INFO: Licenciado para o email: agussybanez@gmail.com
2020-04-26 17:56:12:INFO: ************ DADOS DA CONTA NA IQOPTION *************
2020-04-26 17:56:12:INFO: Id-Iq: 65729329
2020-04-26 17:56:12:INFO: Moeda: USD
2020-04-26 17:56:12:INFO: Saldo: 9997.2
2020-04-26 17:56:12:INFO: Tipo conta: Treinamento
2020-04-26 17:56:12:INFO: ------------ Dados Trade -------------
2020-04-26 17:56:12:INFO: Tipo opção: DIGITAIS
2020-04-26 17:56:12:INFO: Tipo calculo: Valor
2020-04-26 17:56:12:INFO: Valor do trade: 1.0
2020-04-26 17:56:12:INFO: Expiração: 1-(M1)
2020-04-26 17:56:12:INFO: Delay em (segundos): 1
2020-04-26 17:56:12:INFO: % Payout: 0.0
2020-04-26 17:56:12:INFO: Trabalhar em OTC: SIM
2020-04-26 17:56:12:INFO: ------------ Dados Martingale -------------
2020-04-26 17:56:12:INFO: Max. martingale: 1
2020-04-26 17:56:12:INFO: Fator martingale: 1.8
2020-04-26 17:56:12:INFO: ------------ Dados Gerenciamento -------------
2020-04-26 17:56:12:INFO: Tipo calculo: Valor
2020-04-26 17:56:12:INFO: Take profit em (valor): 10.0
2020-04-26 17:56:12:INFO: Stop loss em (valor): 25.0
2020-04-26 17:56:12:INFO: ------------ Dados Controle -------------
2020-04-26 17:56:12:INFO: Horario servidor: S
2020-04-26 17:56:12:INFO: Verifica ativo fechado: S
2020-04-26 17:56:12:INFO: Verifica tendencia: False
2020-04-26 17:56:12:INFO: Fuso horário: America/Argentina/Buenos_Aires
2020-04-26 17:56:12:INFO: -> Aguardando horário: 26/04/2020 19:02:59 ativo: EURJPY-OTC direção: PUT timeframe: 1
2020-04-26 17:56:21:INFO: Finalizando a execução dos trade dessa sessão.
2020-04-26 18:08:23:ERROR: POSSIVEIS PROBLEMAS, COM A INTERNET, VERIFIÇÃO NÃO PODE SER EFETUADA.
2020-04-26 18:08:24:INFO: AVISO ---> LICENÇA NÃO ENCONTRADA OU IVALIDA, ROBÔ SÓ FUNCIONARÁ EM CONTA TREINAMENTO . <---
2020-04-26 18:08:24:INFO: Conectando na IQ-Option...
2020-04-26 18:08:27:INFO: ----------> CONECTADO <----------
2020-04-26 18:08:28:INFO: Versao: 4.0.3
2020-04-26 18:08:28:INFO: Licenciado para o email: agussybanez@gmail.com
2020-04-26 18:08:28:INFO: ************ DADOS DA CONTA NA IQOPTION *************
2020-04-26 18:08:28:INFO: Id-Iq: 65729329
2020-04-26 18:08:28:INFO: Moeda: USD
2020-04-26 18:08:28:INFO: Saldo: 9997.2
2020-04-26 18:08:28:INFO: Tipo conta: Treinamento
2020-04-26 18:08:28:INFO: ------------ Dados Trade -------------
2020-04-26 18:08:28:INFO: Tipo opção: DIGITAIS
2020-04-26 18:08:28:INFO: Tipo calculo: Valor
2020-04-26 18:08:28:INFO: Valor do trade: 1.0
2020-04-26 18:08:28:INFO: Expiração: 1-(M1)
2020-04-26 18:08:28:INFO: Delay em (segundos): 1
2020-04-26 18:08:28:INFO: % Payout: 0.0
2020-04-26 18:08:28:INFO: Trabalhar em OTC: SIM
2020-04-26 18:08:28:INFO: ------------ Dados Martingale -------------
2020-04-26 18:08:28:INFO: Max. martingale: 1
2020-04-26 18:08:28:INFO: Fator martingale: 1.8
2020-04-26 18:08:28:INFO: ------------ Dados Gerenciamento -------------
2020-04-26 18:08:28:INFO: Tipo calculo: Valor
2020-04-26 18:08:28:INFO: Take profit em (valor): 10.0
2020-04-26 18:08:28:INFO: Stop loss em (valor): 25.0
2020-04-26 18:08:28:INFO: ------------ Dados Controle -------------
2020-04-26 18:08:28:INFO: Horario servidor: S
2020-04-26 18:08:28:INFO: Verifica ativo fechado: S
2020-04-26 18:08:28:INFO: Verifica tendencia: False
2020-04-26 18:08:28:INFO: Fuso horário: America/Argentina/Buenos_Aires
2020-04-26 18:08:28:INFO: -> Aguardando horário: 26/04/2020 19:02:59 ativo: EURJPY-OTC direção: PUT timeframe: 1
2020-04-26 18:10:17:INFO: Finalizando a execução dos trade dessa sessão.
2020-04-26 18:53:09:ERROR: POSSIVEIS PROBLEMAS, COM A INTERNET, VERIFIÇÃO NÃO PODE SER EFETUADA.
2020-04-26 18:53:10:INFO: AVISO ---> LICENÇA NÃO ENCONTRADA OU IVALIDA, ROBÔ SÓ FUNCIONARÁ EM CONTA TREINAMENTO . <---
2020-04-26 18:53:10:INFO: Conectando na IQ-Option...
2020-04-26 18:53:13:INFO: ----------> CONECTADO <----------
2020-04-26 18:53:14:INFO: Versao: 4.0.3
2020-04-26 18:53:14:INFO: Licenciado para o email: agussybanez@gmail.com
2020-04-26 18:53:14:INFO: ************ DADOS DA CONTA NA IQOPTION *************
2020-04-26 18:53:14:INFO: Id-Iq: 65729329
2020-04-26 18:53:14:INFO: Moeda: USD
2020-04-26 18:53:14:INFO: Saldo: 9997.2
2020-04-26 18:53:14:INFO: Tipo conta: Treinamento
2020-04-26 18:53:14:INFO: ------------ Dados Trade -------------
2020-04-26 18:53:14:INFO: Tipo opção: DIGITAIS
2020-04-26 18:53:14:INFO: Tipo calculo: Valor
2020-04-26 18:53:14:INFO: Valor do trade: 1.0
2020-04-26 18:53:14:INFO: Expiração: 1-(M1)
2020-04-26 18:53:14:INFO: Delay em (segundos): 1
2020-04-26 18:53:14:INFO: % Payout: 0.0
2020-04-26 18:53:14:INFO: Trabalhar em OTC: SIM
2020-04-26 18:53:14:INFO: ------------ Dados Martingale -------------
2020-04-26 18:53:14:INFO: Max. martingale: 1
2020-04-26 18:53:14:INFO: Fator martingale: 1.8
2020-04-26 18:53:14:INFO: ------------ Dados Gerenciamento -------------
2020-04-26 18:53:14:INFO: Tipo calculo: Valor
2020-04-26 18:53:14:INFO: Take profit em (valor): 10.0
2020-04-26 18:53:14:INFO: Stop loss em (valor): 25.0
2020-04-26 18:53:14:INFO: ------------ Dados Controle -------------
2020-04-26 18:53:14:INFO: Horario servidor: S
2020-04-26 18:53:14:INFO: Verifica ativo fechado: S
2020-04-26 18:53:14:INFO: Verifica tendencia: False
2020-04-26 18:53:14:INFO: Fuso horário: America/Argentina/Buenos_Aires
2020-04-26 18:53:14:INFO: -> Aguardando horário: 26/04/2020 19:02:59 ativo: EURJPY-OTC direção: PUT timeframe: 1
2020-04-26 18:54:14:INFO: Finalizando a execução dos trade dessa sessão.
2020-04-26 18:57:50:ERROR: POSSIVEIS PROBLEMAS, COM A INTERNET, VERIFIÇÃO NÃO PODE SER EFETUADA.
2020-04-26 18:57:50:INFO: AVISO ---> LICENÇA NÃO ENCONTRADA OU IVALIDA, ROBÔ SÓ FUNCIONARÁ EM CONTA TREINAMENTO . <---
2020-04-26 18:57:50:INFO: Conectando na IQ-Option...
2020-04-26 18:57:54:INFO: ----------> CONECTADO <----------
2020-04-26 18:57:54:INFO: Versao: 4.0.3
2020-04-26 18:57:54:INFO: Licenciado para o email: agussybanez@gmail.com
2020-04-26 18:57:54:INFO: ************ DADOS DA CONTA NA IQOPTION *************
2020-04-26 18:57:54:INFO: Id-Iq: 65729329
2020-04-26 18:57:54:INFO: Moeda: USD
2020-04-26 18:57:54:INFO: Saldo: 9997.2
2020-04-26 18:57:54:INFO: Tipo conta: Treinamento
2020-04-26 18:57:54:INFO: ------------ Dados Trade -------------
2020-04-26 18:57:54:INFO: Tipo opção: DIGITAIS
2020-04-26 18:57:54:INFO: Tipo calculo: Valor
2020-04-26 18:57:54:INFO: Valor do trade: 1.0
2020-04-26 18:57:54:INFO: Expiração: 1-(M1)
2020-04-26 18:57:54:INFO: Delay em (segundos): 1
2020-04-26 18:57:54:INFO: % Payout: 0.0
2020-04-26 18:57:54:INFO: Trabalhar em OTC: SIM
2020-04-26 18:57:54:INFO: ------------ Dados Martingale -------------
2020-04-26 18:57:54:INFO: Max. martingale: 1
2020-04-26 18:57:54:INFO: Fator martingale: 1.8
2020-04-26 18:57:54:INFO: ------------ Dados Gerenciamento -------------
2020-04-26 18:57:54:INFO: Tipo calculo: Valor
2020-04-26 18:57:54:INFO: Take profit em (valor): 10.0
2020-04-26 18:57:54:INFO: Stop loss em (valor): 25.0
2020-04-26 18:57:54:INFO: ------------ Dados Controle -------------
2020-04-26 18:57:54:INFO: Horario servidor: S
2020-04-26 18:57:54:INFO: Verifica ativo fechado: S
2020-04-26 18:57:54:INFO: Verifica tendencia: False
2020-04-26 18:57:54:INFO: Fuso horário: America/Argentina/Buenos_Aires
2020-04-26 18:57:54:INFO: -> Aguardando horário: 26/04/2020 19:02:59 ativo: EURJPY-OTC direção: PUT timeframe: 1
2020-04-26 19:01:57:INFO: Finalizando a execução dos trade dessa sessão.
2020-04-26 19:21:06:ERROR: POSSIVEIS PROBLEMAS, COM A INTERNET, VERIFIÇÃO NÃO PODE SER EFETUADA.
2020-04-26 19:21:06:INFO: AVISO ---> LICENÇA NÃO ENCONTRADA OU IVALIDA, ROBÔ SÓ FUNCIONARÁ EM CONTA TREINAMENTO . <---
2020-04-26 19:21:06:INFO: Conectando na IQ-Option...
2020-04-26 19:21:12:INFO: ----------> CONECTADO <----------
2020-04-26 19:21:13:INFO: Versao: 4.0.3
2020-04-26 19:21:13:INFO: Licenciado para o email: agussybanez@gmail.com
2020-04-26 19:21:13:INFO: ************ DADOS DA CONTA NA IQOPTION *************
2020-04-26 19:21:13:INFO: Id-Iq: 65729329
2020-04-26 19:21:13:INFO: Moeda: USD
2020-04-26 19:21:13:INFO: Saldo: 9997.2
2020-04-26 19:21:13:INFO: Tipo conta: Treinamento
2020-04-26 19:21:13:INFO: ------------ Dados Trade -------------
2020-04-26 19:21:13:INFO: Tipo opção: DIGITAIS
2020-04-26 19:21:13:INFO: Tipo calculo: Valor
2020-04-26 19:21:13:INFO: Valor do trade: 1.0
2020-04-26 19:21:13:INFO: Expiração: 1-(M1)
2020-04-26 19:21:13:INFO: Delay em (segundos): 1
2020-04-26 19:21:13:INFO: % Payout: 0.0
2020-04-26 19:21:13:INFO: Trabalhar em OTC: SIM
2020-04-26 19:21:13:INFO: ------------ Dados Martingale -------------
2020-04-26 19:21:13:INFO: Max. martingale: 1
2020-04-26 19:21:13:INFO: Fator martingale: 1.8
2020-04-26 19:21:13:INFO: ------------ Dados Gerenciamento -------------
2020-04-26 19:21:13:INFO: Tipo calculo: Valor
2020-04-26 19:21:13:INFO: Take profit em (valor): 10.0
2020-04-26 19:21:13:INFO: Stop loss em (valor): 25.0
2020-04-26 19:21:13:INFO: ------------ Dados Controle -------------
2020-04-26 19:21:13:INFO: Horario servidor: S
2020-04-26 19:21:13:INFO: Verifica ativo fechado: S
2020-04-26 19:21:13:INFO: Verifica tendencia: False
2020-04-26 19:21:13:INFO: Fuso horário: America/Argentina/Buenos_Aires
2020-04-26 19:21:13:ERROR: Verifique o arquivo [TRADE.TXT] - Pode não conter nenhuma linha no arquivo ou não existe lançamento de horário.
2020-04-26 19:21:13:INFO: Finalizando a execução dos trade dessa sessão.
2020-04-26 21:59:04:ERROR: POSSIVEIS PROBLEMAS, COM A INTERNET, VERIFIÇÃO NÃO PODE SER EFETUADA.
2020-04-26 21:59:05:INFO: AVISO ---> LICENÇA NÃO ENCONTRADA OU IVALIDA, ROBÔ SÓ FUNCIONARÁ EM CONTA TREINAMENTO . <---
2020-04-26 21:59:05:INFO: Conectando na IQ-Option...
2020-04-26 21:59:13:INFO: ----------> CONECTADO <----------
2020-04-26 21:59:14:INFO: Versao: 4.0.3
2020-04-26 21:59:14:INFO: Licenciado para o email: agussybanez@gmail.com
2020-04-26 21:59:14:INFO: ************ DADOS DA CONTA NA IQOPTION *************
2020-04-26 21:59:14:INFO: Id-Iq: 65729329
2020-04-26 21:59:14:INFO: Moeda: USD
2020-04-26 21:59:14:INFO: Saldo: 9997.2
2020-04-26 21:59:14:INFO: Tipo conta: Treinamento
2020-04-26 21:59:14:INFO: ------------ Dados Trade -------------
2020-04-26 21:59:14:INFO: Tipo opção: DIGITAIS
2020-04-26 21:59:14:INFO: Tipo calculo: Valor
2020-04-26 21:59:14:INFO: Valor do trade: 1.0
2020-04-26 21:59:14:INFO: Expiração: 1-(M1)
2020-04-26 21:59:14:INFO: Delay em (segundos): 1
2020-04-26 21:59:14:INFO: % Payout: 0.0
2020-04-26 21:59:14:INFO: Trabalhar em OTC: SIM
2020-04-26 21:59:14:INFO: ------------ Dados Martingale -------------
2020-04-26 21:59:14:INFO: Max. martingale: 1
2020-04-26 21:59:14:INFO: Fator martingale: 1.8
2020-04-26 21:59:14:INFO: ------------ Dados Gerenciamento -------------
2020-04-26 21:59:14:INFO: Tipo calculo: Valor
2020-04-26 21:59:14:INFO: Take profit em (valor): 10.0
2020-04-26 21:59:14:INFO: Stop loss em (valor): 25.0
2020-04-26 21:59:14:INFO: ------------ Dados Controle -------------
2020-04-26 21:59:14:INFO: Horario servidor: S
2020-04-26 21:59:14:INFO: Verifica ativo fechado: S
2020-04-26 21:59:14:INFO: Verifica tendencia: False
2020-04-26 21:59:14:INFO: Fuso horário: America/Argentina/Buenos_Aires
2020-04-26 21:59:15:ERROR: Verifique o arquivo [TRADE.TXT] - Pode não conter nenhuma linha no arquivo ou não existe lançamento de horário.
2020-04-26 21:59:15:INFO: Finalizando a execução dos trade dessa sessão.
2020-04-26 22:29:20:ERROR: POSSIVEIS PROBLEMAS, COM A INTERNET, VERIFIÇÃO NÃO PODE SER EFETUADA.
2020-04-26 22:29:20:INFO: AVISO ---> LICENÇA NÃO ENCONTRADA OU IVALIDA, ROBÔ SÓ FUNCIONARÁ EM CONTA TREINAMENTO . <---
2020-04-26 22:29:20:INFO: Conectando na IQ-Option...
2020-04-26 22:29:28:INFO: ----------> CONECTADO <----------
2020-04-26 22:29:29:INFO: Versao: 4.0.3
2020-04-26 22:29:29:INFO: Licenciado para o email: agussybanez@gmail.com
2020-04-26 22:29:29:INFO: ************ DADOS DA CONTA NA IQOPTION *************
2020-04-26 22:29:29:INFO: Id-Iq: 65729329
2020-04-26 22:29:29:INFO: Moeda: USD
2020-04-26 22:29:29:INFO: Saldo: 9997.2
2020-04-26 22:29:29:INFO: Tipo conta: Treinamento
2020-04-26 22:33:52:ERROR: POSSIVEIS PROBLEMAS, COM A INTERNET, VERIFIÇÃO NÃO PODE SER EFETUADA.
2020-04-26 22:33:52:INFO: AVISO ---> LICENÇA NÃO ENCONTRADA OU IVALIDA, ROBÔ SÓ FUNCIONARÁ EM CONTA TREINAMENTO . <---
2020-04-26 22:33:52:INFO: Conectando na IQ-Option...
2020-04-26 22:34:18:INFO: ----------> CONECTADO <----------
2020-04-26 22:35:11:INFO: Versao: 4.0.3
2020-04-26 22:35:11:INFO: Licenciado para o email: agussybanez@gmail.com
2020-04-26 22:35:11:INFO: ************ DADOS DA CONTA NA IQOPTION *************
2020-04-26 22:35:11:INFO: Id-Iq: 65729329
2020-04-26 22:35:11:INFO: Moeda: USD
2020-04-26 22:35:11:INFO: Saldo: 9997.2
2020-04-26 22:35:11:INFO: Tipo conta: Treinamento
2020-04-26 23:42:35:ERROR: POSSIVEIS PROBLEMAS, COM A INTERNET, VERIFIÇÃO NÃO PODE SER EFETUADA.
2020-04-26 23:42:36:INFO: AVISO ---> LICENÇA NÃO ENCONTRADA OU IVALIDA, ROBÔ SÓ FUNCIONARÁ EM CONTA TREINAMENTO . <---
2020-04-26 23:42:36:INFO: Conectando na IQ-Option...
2020-04-26 23:45:28:ERROR: POSSIVEIS PROBLEMAS, COM A INTERNET, VERIFIÇÃO NÃO PODE SER EFETUADA.
2020-04-26 23:45:28:INFO: AVISO ---> LICENÇA NÃO ENCONTRADA OU IVALIDA, ROBÔ SÓ FUNCIONARÁ EM CONTA TREINAMENTO . <---
2020-04-26 23:45:28:INFO: Conectando na IQ-Option...
2020-04-26 23:45:33:INFO: ----------> CONECTADO <----------
2020-04-26 23:45:34:INFO: Versao: 4.0.3
2020-04-26 23:45:34:INFO: Licenciado para o email: agussybanez@gmail.com
2020-04-26 23:45:34:INFO: ************ DADOS DA CONTA NA IQOPTION *************
2020-04-26 23:45:34:INFO: Id-Iq: 65729329
2020-04-26 23:45:34:INFO: Moeda: USD
2020-04-26 23:45:34:INFO: Saldo: 9997.2
2020-04-26 23:45:34:INFO: Tipo conta: Treinamento
2020-04-26 23:45:34:INFO: ------------ Dados Trade -------------
2020-04-26 23:45:34:INFO: Tipo opção: DIGITAIS
2020-04-26 23:45:34:INFO: Tipo calculo: Valor
2020-04-26 23:45:34:INFO: Valor do trade: 1.0
2020-04-26 23:45:34:INFO: Expiração: 1-(M1)
2020-04-26 23:45:34:INFO: Delay em (segundos): 1
2020-04-26 23:45:34:INFO: % Payout: 0.0
2020-04-26 23:45:34:INFO: Trabalhar em OTC: SIM
2020-04-26 23:45:34:INFO: ------------ Dados Martingale -------------
2020-04-26 23:45:34:INFO: Max. martingale: 1
2020-04-26 23:45:34:INFO: Fator martingale: 1.8
2020-04-26 23:45:34:INFO: ------------ Dados Gerenciamento -------------
2020-04-26 23:45:34:INFO: Tipo calculo: Valor
2020-04-26 23:45:34:INFO: Take profit em (valor): 10.0
2020-04-26 23:45:34:INFO: Stop loss em (valor): 25.0
2020-04-26 23:45:34:INFO: ------------ Dados Controle -------------
2020-04-26 23:45:34:INFO: Horario servidor: S
2020-04-26 23:45:34:INFO: Verifica ativo fechado: S
2020-04-26 23:45:34:INFO: Verifica tendencia: False
2020-04-26 23:45:34:INFO: Fuso horário: America/Argentina/Buenos_Aires
2020-04-26 23:45:35:ERROR: Verifique o arquivo [TRADE.TXT] - Pode não conter nenhuma linha no arquivo ou não existe lançamento de horário.
2020-04-26 23:45:35:INFO: Finalizando a execução dos trade dessa sessão.
2020-04-26 23:56:09:ERROR: POSSIVEIS PROBLEMAS, COM A INTERNET, VERIFIÇÃO NÃO PODE SER EFETUADA.
2020-04-26 23:56:09:INFO: AVISO ---> LICENÇA NÃO ENCONTRADA OU IVALIDA, ROBÔ SÓ FUNCIONARÁ EM CONTA TREINAMENTO . <---
2020-04-26 23:56:09:INFO: Conectando na IQ-Option...
2020-04-26 23:56:19:INFO: ----------> CONECTADO <----------
2020-04-26 23:56:21:INFO: Versao: 4.0.3
2020-04-26 23:56:21:INFO: Licenciado para o email: agussybanez@gmail.com
2020-04-26 23:56:21:INFO: ************ DADOS DA CONTA NA IQOPTION *************
2020-04-26 23:56:21:INFO: Id-Iq: 65729329
2020-04-26 23:56:21:INFO: Moeda: USD
2020-04-26 23:56:21:INFO: Saldo: 9997.2
2020-04-26 23:56:21:INFO: Tipo conta: Treinamento
2020-04-26 23:56:21:INFO: ------------ Dados Trade -------------
2020-04-26 23:56:21:INFO: Tipo opção: DIGITAIS
2020-04-26 23:56:21:INFO: Tipo calculo: Valor
2020-04-26 23:56:21:INFO: Valor do trade: 1.0
2020-04-26 23:56:21:INFO: Expiração: 1-(M1)
2020-04-26 23:56:21:INFO: Delay em (segundos): 1
2020-04-26 23:56:21:INFO: % Payout: 0.0
2020-04-26 23:56:21:INFO: Trabalhar em OTC: SIM
2020-04-26 23:56:21:INFO: ------------ Dados Martingale -------------
2020-04-26 23:56:21:INFO: Max. martingale: 1
2020-04-26 23:56:21:INFO: Fator martingale: 1.8
2020-04-26 23:56:21:INFO: ------------ Dados Gerenciamento -------------
2020-04-26 23:56:21:INFO: Tipo calculo: Valor
2020-04-26 23:56:21:INFO: Take profit em (valor): 10.0
2020-04-26 23:56:21:INFO: Stop loss em (valor): 25.0
2020-04-26 23:56:21:INFO: ------------ Dados Controle -------------
2020-04-26 23:56:21:INFO: Horario servidor: S
2020-04-26 23:56:21:INFO: Verifica ativo fechado: S
2020-04-26 23:56:21:INFO: Verifica tendencia: False
2020-04-26 23:56:21:INFO: Fuso horário: America/Argentina/Buenos_Aires
2020-04-26 23:56:22:ERROR: Verifique o arquivo [TRADE.TXT] - Pode não conter nenhuma linha no arquivo ou não existe lançamento de horário.
2020-04-26 23:56:22:INFO: Finalizando a execução dos trade dessa sessão.
2020-04-26 23:58:35:ERROR: POSSIVEIS PROBLEMAS, COM A INTERNET, VERIFIÇÃO NÃO PODE SER EFETUADA.
2020-04-26 23:58:35:INFO: AVISO ---> LICENÇA NÃO ENCONTRADA OU IVALIDA, ROBÔ SÓ FUNCIONARÁ EM CONTA TREINAMENTO . <---
2020-04-26 23:58:35:INFO: Conectando na IQ-Option...
2020-04-26 23:58:41:INFO: ----------> CONECTADO <----------
2020-04-26 23:58:45:INFO: Versao: 4.0.3
2020-04-26 23:58:45:INFO: Licenciado para o email: agussybanez@gmail.com
2020-04-26 23:58:45:INFO: ************ DADOS DA CONTA NA IQOPTION *************
2020-04-26 23:58:45:INFO: Id-Iq: 65729329
2020-04-26 23:58:45:INFO: Moeda: USD
2020-04-26 23:58:45:INFO: Saldo: 9997.2
2020-04-26 23:58:45:INFO: Tipo conta: Treinamento
2020-04-26 23:58:45:INFO: ------------ Dados Trade -------------
2020-04-26 23:58:45:INFO: Tipo opção: DIGITAIS
2020-04-26 23:58:45:INFO: Tipo calculo: Valor
2020-04-26 23:58:45:INFO: Valor do trade: 1.0
2020-04-26 23:58:45:INFO: Expiração: 1-(M1)
2020-04-26 23:58:45:INFO: Delay em (segundos): 1
2020-04-26 23:58:45:INFO: % Payout: 0.0
2020-04-26 23:58:45:INFO: Trabalhar em OTC: SIM
2020-04-26 23:58:45:INFO: ------------ Dados Martingale -------------
2020-04-26 23:58:45:INFO: Max. martingale: 1
2020-04-26 23:58:45:INFO: Fator martingale: 1.8
2020-04-26 23:58:45:INFO: ------------ Dados Gerenciamento -------------
2020-04-26 23:58:45:INFO: Tipo calculo: Valor
2020-04-26 23:58:45:INFO: Take profit em (valor): 10.0
2020-04-26 23:58:45:INFO: Stop loss em (valor): 25.0
2020-04-26 23:58:45:INFO: ------------ Dados Controle -------------
2020-04-26 23:58:45:INFO: Horario servidor: S
2020-04-26 23:58:45:INFO: Verifica ativo fechado: S
2020-04-26 23:58:45:INFO: Verifica tendencia: False
2020-04-26 23:58:45:INFO: Fuso horário: America/Argentina/Buenos_Aires
2020-04-26 23:58:46:ERROR: Verifique o arquivo [TRADE.TXT] - Pode não conter nenhuma linha no arquivo ou não existe lançamento de horário.
2020-04-26 23:58:46:INFO: Finalizando a execução dos trade dessa sessão.
2020-04-26 23:59:39:ERROR: POSSIVEIS PROBLEMAS, COM A INTERNET, VERIFIÇÃO NÃO PODE SER EFETUADA.
2020-04-26 23:59:39:INFO: AVISO ---> LICENÇA NÃO ENCONTRADA OU IVALIDA, ROBÔ SÓ FUNCIONARÁ EM CONTA TREINAMENTO . <---
2020-04-26 23:59:39:INFO: Conectando na IQ-Option...
2020-04-26 23:59:55:INFO: ----------> CONECTADO <----------
2020-04-26 23:59:56:INFO: Versao: 4.0.3
2020-04-26 23:59:56:INFO: Licenciado para o email: agussybanez@gmail.com
2020-04-26 23:59:56:INFO: ************ DADOS DA CONTA NA IQOPTION *************
2020-04-26 23:59:56:INFO: Id-Iq: 65729329
2020-04-26 23:59:56:INFO: Moeda: USD
2020-04-26 23:59:56:INFO: Saldo: 9997.2
2020-04-26 23:59:56:INFO: Tipo conta: Treinamento
2020-04-26 23:59:56:INFO: ------------ Dados Trade -------------
2020-04-26 23:59:56:INFO: Tipo opção: DIGITAIS
2020-04-26 23:59:56:INFO: Tipo calculo: Valor
2020-04-26 23:59:56:INFO: Valor do trade: 1.0
2020-04-26 23:59:56:INFO: Expiração: 1-(M1)
2020-04-26 23:59:56:INFO: Delay em (segundos): 1
2020-04-26 23:59:56:INFO: % Payout: 0.0
2020-04-26 23:59:56:INFO: Trabalhar em OTC: SIM
2020-04-26 23:59:56:INFO: ------------ Dados Martingale -------------
2020-04-26 23:59:56:INFO: Max. martingale: 1
2020-04-26 23:59:56:INFO: Fator martingale: 1.8
2020-04-26 23:59:56:INFO: ------------ Dados Gerenciamento -------------
2020-04-26 23:59:56:INFO: Tipo calculo: Valor
2020-04-26 23:59:56:INFO: Take profit em (valor): 10.0
2020-04-26 23:59:56:INFO: Stop loss em (valor): 25.0
2020-04-26 23:59:56:INFO: ------------ Dados Controle -------------
2020-04-26 23:59:56:INFO: Horario servidor: S
2020-04-26 23:59:56:INFO: Verifica ativo fechado: S
2020-04-26 23:59:56:INFO: Verifica tendencia: False
2020-04-26 23:59:56:INFO: Fuso horário: America/Argentina/Buenos_Aires
2020-04-26 23:59:58:ERROR: Verifique o arquivo [TRADE.TXT] - Pode não conter nenhuma linha no arquivo ou não existe lançamento de horário.
2020-04-26 23:59:58:INFO: Finalizando a execução dos trade dessa sessão.
