2020-05-01 08:09:39:ERROR: POSSIVEIS PROBLEMAS, COM A INTERNET, VERIFIÇÃO NÃO PODE SER EFETUADA.
2020-05-01 08:09:39:INFO: AVISO ---> LICENÇA NÃO ENCONTRADA OU IVALIDA, ROBÔ SÓ FUNCIONARÁ EM CONTA TREINAMENTO . <---
2020-05-01 08:09:39:INFO: Conectando na IQ-Option...
2020-05-01 08:09:43:INFO: ----------> CONECTADO <----------
2020-05-01 08:09:43:INFO: Versao: 4.0.3
2020-05-01 08:09:43:INFO: Licenciado para o email: agussybanez@gmail.com
2020-05-01 08:09:43:INFO: ************ DADOS DA CONTA NA IQOPTION *************
2020-05-01 08:09:43:INFO: Id-Iq: 65729329
2020-05-01 08:09:43:INFO: Moeda: USD
2020-05-01 08:09:43:INFO: Saldo: 9971.05
2020-05-01 08:09:43:INFO: Tipo conta: Treinamento
2020-05-01 08:09:43:INFO: ------------ Dados Trade -------------
2020-05-01 08:09:43:INFO: Tipo opção: DIGITAIS
2020-05-01 08:09:43:INFO: Tipo calculo: Valor
2020-05-01 08:09:43:INFO: Valor do trade: 1.0
2020-05-01 08:09:43:INFO: Expiração: 1-(M1)
2020-05-01 08:09:43:INFO: Delay em (segundos): 2
2020-05-01 08:09:43:INFO: % Payout: 0.0
2020-05-01 08:09:43:INFO: Trabalhar em OTC: NÃO
2020-05-01 08:09:43:INFO: ------------ Dados Martingale -------------
2020-05-01 08:09:43:INFO: Max. martingale: 1
2020-05-01 08:09:43:INFO: Fator martingale: 1.75
2020-05-01 08:09:43:INFO: ------------ Dados Gerenciamento -------------
2020-05-01 08:09:43:INFO: Tipo calculo: Valor
2020-05-01 08:09:43:INFO: Take profit em (valor): 10.0
2020-05-01 08:09:43:INFO: Stop loss em (valor): 5.0
2020-05-01 08:09:43:INFO: ------------ Dados Controle -------------
2020-05-01 08:09:43:INFO: Horario servidor: S
2020-05-01 08:09:43:INFO: Verifica ativo fechado: S
2020-05-01 08:09:43:INFO: Verifica tendencia: False
2020-05-01 08:09:43:INFO: Fuso horário: America/Argentina/Buenos_Aires
2020-05-01 08:09:44:INFO: ===> LENDO O PROXIMO SINAL... <===
2020-05-01 08:09:44:ERROR: Verifique o arquivo [TRADE.TXT] - Pode não conter nenhuma linha no arquivo ou não existe lançamento de horário.
2020-05-01 08:09:44:INFO: Finalizando a execução dos trade dessa sessão.
2020-05-01 08:14:25:ERROR: POSSIVEIS PROBLEMAS, COM A INTERNET, VERIFIÇÃO NÃO PODE SER EFETUADA.
2020-05-01 08:14:25:INFO: AVISO ---> LICENÇA NÃO ENCONTRADA OU IVALIDA, ROBÔ SÓ FUNCIONARÁ EM CONTA TREINAMENTO . <---
2020-05-01 08:14:25:INFO: Conectando na IQ-Option...
2020-05-01 08:14:28:INFO: ----------> CONECTADO <----------
2020-05-01 08:14:29:INFO: Versao: 4.0.3
2020-05-01 08:14:29:INFO: Licenciado para o email: agussybanez@gmail.com
2020-05-01 08:14:29:INFO: ************ DADOS DA CONTA NA IQOPTION *************
2020-05-01 08:14:29:INFO: Id-Iq: 65729329
2020-05-01 08:14:29:INFO: Moeda: USD
2020-05-01 08:14:29:INFO: Saldo: 9971.05
2020-05-01 08:14:29:INFO: Tipo conta: Treinamento
2020-05-01 08:14:29:INFO: ------------ Dados Trade -------------
2020-05-01 08:14:29:INFO: Tipo opção: DIGITAIS
2020-05-01 08:14:29:INFO: Tipo calculo: Valor
2020-05-01 08:14:29:INFO: Valor do trade: 1.0
2020-05-01 08:14:29:INFO: Expiração: 1-(M1)
2020-05-01 08:14:29:INFO: Delay em (segundos): 2
2020-05-01 08:14:29:INFO: % Payout: 0.0
2020-05-01 08:14:29:INFO: Trabalhar em OTC: NÃO
2020-05-01 08:14:29:INFO: ------------ Dados Martingale -------------
2020-05-01 08:14:29:INFO: Max. martingale: 1
2020-05-01 08:14:29:INFO: Fator martingale: 1.75
2020-05-01 08:14:29:INFO: ------------ Dados Gerenciamento -------------
2020-05-01 08:14:29:INFO: Tipo calculo: Valor
2020-05-01 08:14:29:INFO: Take profit em (valor): 10.0
2020-05-01 08:14:29:INFO: Stop loss em (valor): 5.0
2020-05-01 08:14:29:INFO: ------------ Dados Controle -------------
2020-05-01 08:14:29:INFO: Horario servidor: S
2020-05-01 08:14:29:INFO: Verifica ativo fechado: S
2020-05-01 08:14:29:INFO: Verifica tendencia: False
2020-05-01 08:14:29:INFO: Fuso horário: America/Argentina/Buenos_Aires
2020-05-01 08:14:29:INFO: ===> LENDO O PROXIMO SINAL... <===
2020-05-01 08:14:30:INFO: ===> LENDO O PROXIMO SINAL... <===
2020-05-01 08:14:30:INFO: ===> LENDO O PROXIMO SINAL... <===
2020-05-01 08:14:30:ERROR: Verifique o arquivo [TRADE.TXT] - Pode não conter nenhuma linha no arquivo ou não existe lançamento de horário.
2020-05-01 08:14:30:INFO: Finalizando a execução dos trade dessa sessão.
2020-05-01 08:29:57:ERROR: POSSIVEIS PROBLEMAS, COM A INTERNET, VERIFIÇÃO NÃO PODE SER EFETUADA.
2020-05-01 08:29:57:INFO: AVISO ---> LICENÇA NÃO ENCONTRADA OU IVALIDA, ROBÔ SÓ FUNCIONARÁ EM CONTA TREINAMENTO . <---
2020-05-01 08:29:57:INFO: Conectando na IQ-Option...
2020-05-01 08:30:01:INFO: ----------> CONECTADO <----------
2020-05-01 08:30:01:INFO: Versao: 4.0.3
2020-05-01 08:30:01:INFO: Licenciado para o email: agussybanez@gmail.com
2020-05-01 08:30:01:INFO: ************ DADOS DA CONTA NA IQOPTION *************
2020-05-01 08:30:01:INFO: Id-Iq: 65729329
2020-05-01 08:30:01:INFO: Moeda: USD
2020-05-01 08:30:01:INFO: Saldo: 9971.05
2020-05-01 08:30:01:INFO: Tipo conta: Treinamento
2020-05-01 08:30:01:INFO: ------------ Dados Trade -------------
2020-05-01 08:30:01:INFO: Tipo opção: DIGITAIS
2020-05-01 08:30:01:INFO: Tipo calculo: Valor
2020-05-01 08:30:01:INFO: Valor do trade: 1.0
2020-05-01 08:30:01:INFO: Expiração: 1-(M1)
2020-05-01 08:30:01:INFO: Delay em (segundos): 2
2020-05-01 08:30:01:INFO: % Payout: 0.0
2020-05-01 08:30:01:INFO: Trabalhar em OTC: NÃO
2020-05-01 08:30:01:INFO: ------------ Dados Martingale -------------
2020-05-01 08:30:01:INFO: Max. martingale: 1
2020-05-01 08:30:01:INFO: Fator martingale: 1.75
2020-05-01 08:30:01:INFO: ------------ Dados Gerenciamento -------------
2020-05-01 08:30:01:INFO: Tipo calculo: Valor
2020-05-01 08:30:01:INFO: Take profit em (valor): 10.0
2020-05-01 08:30:01:INFO: Stop loss em (valor): 5.0
2020-05-01 08:30:01:INFO: ------------ Dados Controle -------------
2020-05-01 08:30:01:INFO: Horario servidor: S
2020-05-01 08:30:01:INFO: Verifica ativo fechado: S
2020-05-01 08:30:01:INFO: Verifica tendencia: False
2020-05-01 08:30:01:INFO: Fuso horário: America/Argentina/Buenos_Aires
2020-05-01 08:30:02:INFO: ===> LENDO O PROXIMO SINAL... <===
2020-05-01 08:30:02:ERROR: Verifique o arquivo [TRADE.TXT] - Pode não conter nenhuma linha no arquivo ou não existe lançamento de horário.
2020-05-01 08:30:02:INFO: Finalizando a execução dos trade dessa sessão.
2020-05-01 08:46:35:ERROR: POSSIVEIS PROBLEMAS, COM A INTERNET, VERIFIÇÃO NÃO PODE SER EFETUADA.
2020-05-01 08:46:35:INFO: AVISO ---> LICENÇA NÃO ENCONTRADA OU IVALIDA, ROBÔ SÓ FUNCIONARÁ EM CONTA TREINAMENTO . <---
2020-05-01 08:46:35:INFO: Conectando na IQ-Option...
2020-05-01 08:46:40:INFO: ----------> CONECTADO <----------
2020-05-01 08:46:40:INFO: Versao: 4.0.3
2020-05-01 08:46:40:INFO: Licenciado para o email: agussybanez@gmail.com
2020-05-01 08:46:40:INFO: ************ DADOS DA CONTA NA IQOPTION *************
2020-05-01 08:46:40:INFO: Id-Iq: 65729329
2020-05-01 08:46:40:INFO: Moeda: USD
2020-05-01 08:46:40:INFO: Saldo: 9971.05
2020-05-01 08:46:40:INFO: Tipo conta: Treinamento
2020-05-01 08:46:40:INFO: ------------ Dados Trade -------------
2020-05-01 08:46:40:INFO: Tipo opção: DIGITAIS
2020-05-01 08:46:40:INFO: Tipo calculo: Valor
2020-05-01 08:46:40:INFO: Valor do trade: 1.0
2020-05-01 08:46:40:INFO: Expiração: 1-(M1)
2020-05-01 08:46:40:INFO: Delay em (segundos): 2
2020-05-01 08:46:40:INFO: % Payout: 0.0
2020-05-01 08:46:40:INFO: Trabalhar em OTC: NÃO
2020-05-01 08:46:40:INFO: ------------ Dados Martingale -------------
2020-05-01 08:46:40:INFO: Max. martingale: 1
2020-05-01 08:46:40:INFO: Fator martingale: 1.75
2020-05-01 08:46:40:INFO: ------------ Dados Gerenciamento -------------
2020-05-01 08:46:40:INFO: Tipo calculo: Valor
2020-05-01 08:46:40:INFO: Take profit em (valor): 10.0
2020-05-01 08:46:40:INFO: Stop loss em (valor): 5.0
2020-05-01 08:46:40:INFO: ------------ Dados Controle -------------
2020-05-01 08:46:40:INFO: Horario servidor: S
2020-05-01 08:46:40:INFO: Verifica ativo fechado: S
2020-05-01 08:46:40:INFO: Verifica tendencia: False
2020-05-01 08:46:40:INFO: Fuso horário: America/Argentina/Buenos_Aires
2020-05-01 08:46:41:INFO: ===> LENDO O PROXIMO SINAL... <===
2020-05-01 08:46:41:INFO: ===> LENDO O PROXIMO SINAL... <===
2020-05-01 08:46:41:ERROR: Verifique o arquivo [TRADE.TXT] - Pode não conter nenhuma linha no arquivo ou não existe lançamento de horário.
2020-05-01 08:46:41:INFO: Finalizando a execução dos trade dessa sessão.
2020-05-01 09:00:51:ERROR: POSSIVEIS PROBLEMAS, COM A INTERNET, VERIFIÇÃO NÃO PODE SER EFETUADA.
2020-05-01 09:00:52:INFO: AVISO ---> LICENÇA NÃO ENCONTRADA OU IVALIDA, ROBÔ SÓ FUNCIONARÁ EM CONTA TREINAMENTO . <---
2020-05-01 09:00:52:INFO: Conectando na IQ-Option...
2020-05-01 09:00:56:INFO: ----------> CONECTADO <----------
2020-05-01 09:00:56:INFO: Versao: 4.0.3
2020-05-01 09:00:56:INFO: Licenciado para o email: agussybanez@gmail.com
2020-05-01 09:00:56:INFO: ************ DADOS DA CONTA NA IQOPTION *************
2020-05-01 09:00:56:INFO: Id-Iq: 65729329
2020-05-01 09:00:56:INFO: Moeda: USD
2020-05-01 09:00:56:INFO: Saldo: 9971.05
2020-05-01 09:00:56:INFO: Tipo conta: Treinamento
2020-05-01 09:00:56:INFO: ------------ Dados Trade -------------
2020-05-01 09:00:56:INFO: Tipo opção: DIGITAIS
2020-05-01 09:00:56:INFO: Tipo calculo: Valor
2020-05-01 09:00:56:INFO: Valor do trade: 1.0
2020-05-01 09:00:56:INFO: Expiração: 1-(M1)
2020-05-01 09:00:56:INFO: Delay em (segundos): 2
2020-05-01 09:00:56:INFO: % Payout: 0.0
2020-05-01 09:00:56:INFO: Trabalhar em OTC: NÃO
2020-05-01 09:00:56:INFO: ------------ Dados Martingale -------------
2020-05-01 09:00:56:INFO: Max. martingale: 1
2020-05-01 09:00:56:INFO: Fator martingale: 1.75
2020-05-01 09:00:56:INFO: ------------ Dados Gerenciamento -------------
2020-05-01 09:00:56:INFO: Tipo calculo: Valor
2020-05-01 09:00:56:INFO: Take profit em (valor): 10.0
2020-05-01 09:00:56:INFO: Stop loss em (valor): 5.0
2020-05-01 09:00:56:INFO: ------------ Dados Controle -------------
2020-05-01 09:00:56:INFO: Horario servidor: S
2020-05-01 09:00:56:INFO: Verifica ativo fechado: S
2020-05-01 09:00:56:INFO: Verifica tendencia: False
2020-05-01 09:00:56:INFO: Fuso horário: America/Argentina/Buenos_Aires
2020-05-01 09:00:56:INFO: ===> LENDO O PROXIMO SINAL... <===
2020-05-01 09:00:56:ERROR: Verifique o arquivo [TRADE.TXT] - Pode não conter nenhuma linha no arquivo ou não existe lançamento de horário.
2020-05-01 09:00:56:INFO: Finalizando a execução dos trade dessa sessão.
2020-05-01 09:03:01:ERROR: POSSIVEIS PROBLEMAS, COM A INTERNET, VERIFIÇÃO NÃO PODE SER EFETUADA.
2020-05-01 09:03:01:INFO: AVISO ---> LICENÇA NÃO ENCONTRADA OU IVALIDA, ROBÔ SÓ FUNCIONARÁ EM CONTA TREINAMENTO . <---
2020-05-01 09:03:01:INFO: Conectando na IQ-Option...
2020-05-01 09:03:05:INFO: ----------> CONECTADO <----------
2020-05-01 09:03:05:INFO: Versao: 4.0.3
2020-05-01 09:03:05:INFO: Licenciado para o email: agussybanez@gmail.com
2020-05-01 09:03:05:INFO: ************ DADOS DA CONTA NA IQOPTION *************
2020-05-01 09:03:05:INFO: Id-Iq: 65729329
2020-05-01 09:03:05:INFO: Moeda: USD
2020-05-01 09:03:05:INFO: Saldo: 9971.05
2020-05-01 09:03:05:INFO: Tipo conta: Treinamento
2020-05-01 09:03:05:INFO: ------------ Dados Trade -------------
2020-05-01 09:03:05:INFO: Tipo opção: DIGITAIS
2020-05-01 09:03:05:INFO: Tipo calculo: Valor
2020-05-01 09:03:05:INFO: Valor do trade: 1.0
2020-05-01 09:03:05:INFO: Expiração: 1-(M1)
2020-05-01 09:03:05:INFO: Delay em (segundos): 2
2020-05-01 09:03:05:INFO: % Payout: 0.0
2020-05-01 09:03:05:INFO: Trabalhar em OTC: NÃO
2020-05-01 09:03:05:INFO: ------------ Dados Martingale -------------
2020-05-01 09:03:05:INFO: Max. martingale: 1
2020-05-01 09:03:05:INFO: Fator martingale: 1.75
2020-05-01 09:03:05:INFO: ------------ Dados Gerenciamento -------------
2020-05-01 09:03:05:INFO: Tipo calculo: Valor
2020-05-01 09:03:05:INFO: Take profit em (valor): 10.0
2020-05-01 09:03:05:INFO: Stop loss em (valor): 5.0
2020-05-01 09:03:05:INFO: ------------ Dados Controle -------------
2020-05-01 09:03:05:INFO: Horario servidor: S
2020-05-01 09:03:05:INFO: Verifica ativo fechado: S
2020-05-01 09:03:05:INFO: Verifica tendencia: False
2020-05-01 09:03:05:INFO: Fuso horário: America/Argentina/Buenos_Aires
2020-05-01 09:03:06:INFO: ===> LENDO O PROXIMO SINAL... <===
2020-05-01 09:03:06:INFO: ===> LENDO O PROXIMO SINAL... <===
2020-05-01 09:03:06:INFO: ===> LENDO O PROXIMO SINAL... <===
2020-05-01 09:03:06:ERROR: Verifique o arquivo [TRADE.TXT] - Pode não conter nenhuma linha no arquivo ou não existe lançamento de horário.
2020-05-01 09:03:06:INFO: Finalizando a execução dos trade dessa sessão.
2020-05-01 09:06:01:ERROR: POSSIVEIS PROBLEMAS, COM A INTERNET, VERIFIÇÃO NÃO PODE SER EFETUADA.
2020-05-01 09:06:01:INFO: AVISO ---> LICENÇA NÃO ENCONTRADA OU IVALIDA, ROBÔ SÓ FUNCIONARÁ EM CONTA TREINAMENTO . <---
2020-05-01 09:06:01:INFO: Conectando na IQ-Option...
2020-05-01 09:06:05:INFO: ----------> CONECTADO <----------
2020-05-01 09:06:05:INFO: Versao: 4.0.3
2020-05-01 09:06:05:INFO: Licenciado para o email: agussybanez@gmail.com
2020-05-01 09:06:05:INFO: ************ DADOS DA CONTA NA IQOPTION *************
2020-05-01 09:06:05:INFO: Id-Iq: 65729329
2020-05-01 09:06:05:INFO: Moeda: USD
2020-05-01 09:06:05:INFO: Saldo: 9971.05
2020-05-01 09:06:05:INFO: Tipo conta: Treinamento
2020-05-01 09:06:05:INFO: ------------ Dados Trade -------------
2020-05-01 09:06:05:INFO: Tipo opção: DIGITAIS
2020-05-01 09:06:05:INFO: Tipo calculo: Valor
2020-05-01 09:06:05:INFO: Valor do trade: 1.0
2020-05-01 09:06:05:INFO: Expiração: 1-(M1)
2020-05-01 09:06:05:INFO: Delay em (segundos): 2
2020-05-01 09:06:05:INFO: % Payout: 0.0
2020-05-01 09:06:05:INFO: Trabalhar em OTC: NÃO
2020-05-01 09:06:05:INFO: ------------ Dados Martingale -------------
2020-05-01 09:06:05:INFO: Max. martingale: 1
2020-05-01 09:06:05:INFO: Fator martingale: 1.75
2020-05-01 09:06:05:INFO: ------------ Dados Gerenciamento -------------
2020-05-01 09:06:05:INFO: Tipo calculo: Valor
2020-05-01 09:06:05:INFO: Take profit em (valor): 10.0
2020-05-01 09:06:05:INFO: Stop loss em (valor): 5.0
2020-05-01 09:06:05:INFO: ------------ Dados Controle -------------
2020-05-01 09:06:05:INFO: Horario servidor: S
2020-05-01 09:06:05:INFO: Verifica ativo fechado: S
2020-05-01 09:06:05:INFO: Verifica tendencia: False
2020-05-01 09:06:05:INFO: Fuso horário: America/Argentina/Buenos_Aires
2020-05-01 09:06:06:INFO: ===> LENDO O PROXIMO SINAL... <===
2020-05-01 09:06:06:INFO: ===> LENDO O PROXIMO SINAL... <===
2020-05-01 09:06:06:INFO: ===> LENDO O PROXIMO SINAL... <===
2020-05-01 09:06:07:INFO: ===> LENDO O PROXIMO SINAL... <===
2020-05-01 09:06:07:INFO: ===> LENDO O PROXIMO SINAL... <===
2020-05-01 09:06:08:INFO: ===> LENDO O PROXIMO SINAL... <===
2020-05-01 09:06:08:INFO: ===> LENDO O PROXIMO SINAL... <===
2020-05-01 09:06:08:INFO: ===> LENDO O PROXIMO SINAL... <===
2020-05-01 09:06:09:INFO: ===> LENDO O PROXIMO SINAL... <===
2020-05-01 09:06:09:INFO: ===> LENDO O PROXIMO SINAL... <===
2020-05-01 09:06:10:INFO: ===> LENDO O PROXIMO SINAL... <===
2020-05-01 09:06:10:INFO: ===> LENDO O PROXIMO SINAL... <===
2020-05-01 09:06:10:INFO: ===> LENDO O PROXIMO SINAL... <===
2020-05-01 09:06:11:INFO: ===> LENDO O PROXIMO SINAL... <===
2020-05-01 09:06:11:INFO: ===> LENDO O PROXIMO SINAL... <===
2020-05-01 09:06:11:INFO: ===> LENDO O PROXIMO SINAL... <===
2020-05-01 09:06:11:INFO: ===> LENDO O PROXIMO SINAL... <===
2020-05-01 09:06:12:INFO: ===> LENDO O PROXIMO SINAL... <===
2020-05-01 09:06:12:ERROR: Verifique o arquivo [TRADE.TXT] - Pode não conter nenhuma linha no arquivo ou não existe lançamento de horário.
2020-05-01 09:06:12:INFO: Finalizando a execução dos trade dessa sessão.
2020-05-01 09:12:09:ERROR: POSSIVEIS PROBLEMAS, COM A INTERNET, VERIFIÇÃO NÃO PODE SER EFETUADA.
2020-05-01 09:12:09:INFO: AVISO ---> LICENÇA NÃO ENCONTRADA OU IVALIDA, ROBÔ SÓ FUNCIONARÁ EM CONTA TREINAMENTO . <---
2020-05-01 09:12:09:INFO: Conectando na IQ-Option...
2020-05-01 09:12:12:INFO: ----------> CONECTADO <----------
2020-05-01 09:12:13:INFO: Versao: 4.0.3
2020-05-01 09:12:13:INFO: Licenciado para o email: agussybanez@gmail.com
2020-05-01 09:12:13:INFO: ************ DADOS DA CONTA NA IQOPTION *************
2020-05-01 09:12:13:INFO: Id-Iq: 65729329
2020-05-01 09:12:13:INFO: Moeda: USD
2020-05-01 09:12:13:INFO: Saldo: 9971.05
2020-05-01 09:12:13:INFO: Tipo conta: Treinamento
2020-05-01 09:12:13:INFO: ------------ Dados Trade -------------
2020-05-01 09:12:13:INFO: Tipo opção: DIGITAIS
2020-05-01 09:12:13:INFO: Tipo calculo: Valor
2020-05-01 09:12:13:INFO: Valor do trade: 1.0
2020-05-01 09:12:13:INFO: Expiração: 1-(M1)
2020-05-01 09:12:13:INFO: Delay em (segundos): 2
2020-05-01 09:12:13:INFO: % Payout: 0.0
2020-05-01 09:12:13:INFO: Trabalhar em OTC: NÃO
2020-05-01 09:12:13:INFO: ------------ Dados Martingale -------------
2020-05-01 09:12:13:INFO: Max. martingale: 1
2020-05-01 09:12:13:INFO: Fator martingale: 1.75
2020-05-01 09:12:13:INFO: ------------ Dados Gerenciamento -------------
2020-05-01 09:12:13:INFO: Tipo calculo: Valor
2020-05-01 09:12:13:INFO: Take profit em (valor): 10.0
2020-05-01 09:12:13:INFO: Stop loss em (valor): 5.0
2020-05-01 09:12:13:INFO: ------------ Dados Controle -------------
2020-05-01 09:12:13:INFO: Horario servidor: S
2020-05-01 09:12:13:INFO: Verifica ativo fechado: S
2020-05-01 09:12:13:INFO: Verifica tendencia: False
2020-05-01 09:12:13:INFO: Fuso horário: America/Argentina/Buenos_Aires
2020-05-01 09:12:13:INFO: ===> LENDO O PROXIMO SINAL... <===
2020-05-01 09:12:13:INFO: ===> LENDO O PROXIMO SINAL... <===
2020-05-01 09:12:13:ERROR: Verifique o arquivo [TRADE.TXT] - Pode não conter nenhuma linha no arquivo ou não existe lançamento de horário.
2020-05-01 09:12:13:INFO: Finalizando a execução dos trade dessa sessão.
2020-05-01 09:14:42:ERROR: POSSIVEIS PROBLEMAS, COM A INTERNET, VERIFIÇÃO NÃO PODE SER EFETUADA.
2020-05-01 09:14:42:INFO: AVISO ---> LICENÇA NÃO ENCONTRADA OU IVALIDA, ROBÔ SÓ FUNCIONARÁ EM CONTA TREINAMENTO . <---
2020-05-01 09:14:42:INFO: Conectando na IQ-Option...
2020-05-01 09:14:45:INFO: ----------> CONECTADO <----------
2020-05-01 09:14:45:INFO: Versao: 4.0.3
2020-05-01 09:14:45:INFO: Licenciado para o email: agussybanez@gmail.com
2020-05-01 09:14:45:INFO: ************ DADOS DA CONTA NA IQOPTION *************
2020-05-01 09:14:45:INFO: Id-Iq: 65729329
2020-05-01 09:14:45:INFO: Moeda: USD
2020-05-01 09:14:45:INFO: Saldo: 9971.05
2020-05-01 09:14:45:INFO: Tipo conta: Treinamento
2020-05-01 09:14:45:INFO: ------------ Dados Trade -------------
2020-05-01 09:14:45:INFO: Tipo opção: DIGITAIS
2020-05-01 09:14:45:INFO: Tipo calculo: Valor
2020-05-01 09:14:45:INFO: Valor do trade: 1.0
2020-05-01 09:14:45:INFO: Expiração: 1-(M1)
2020-05-01 09:14:45:INFO: Delay em (segundos): 2
2020-05-01 09:14:45:INFO: % Payout: 0.0
2020-05-01 09:14:45:INFO: Trabalhar em OTC: NÃO
2020-05-01 09:14:45:INFO: ------------ Dados Martingale -------------
2020-05-01 09:14:45:INFO: Max. martingale: 1
2020-05-01 09:14:45:INFO: Fator martingale: 1.75
2020-05-01 09:14:45:INFO: ------------ Dados Gerenciamento -------------
2020-05-01 09:14:45:INFO: Tipo calculo: Valor
2020-05-01 09:14:45:INFO: Take profit em (valor): 10.0
2020-05-01 09:14:45:INFO: Stop loss em (valor): 5.0
2020-05-01 09:14:45:INFO: ------------ Dados Controle -------------
2020-05-01 09:14:45:INFO: Horario servidor: S
2020-05-01 09:14:45:INFO: Verifica ativo fechado: S
2020-05-01 09:14:45:INFO: Verifica tendencia: False
2020-05-01 09:14:45:INFO: Fuso horário: America/Argentina/Buenos_Aires
2020-05-01 09:14:46:INFO: ===> LENDO O PROXIMO SINAL... <===
2020-05-01 09:14:46:INFO: ===> LENDO O PROXIMO SINAL... <===
2020-05-01 09:14:46:ERROR: Verifique o arquivo [TRADE.TXT] - Pode não conter nenhuma linha no arquivo ou não existe lançamento de horário.
2020-05-01 09:14:46:INFO: Finalizando a execução dos trade dessa sessão.
2020-05-01 09:17:14:ERROR: POSSIVEIS PROBLEMAS, COM A INTERNET, VERIFIÇÃO NÃO PODE SER EFETUADA.
2020-05-01 09:17:14:INFO: AVISO ---> LICENÇA NÃO ENCONTRADA OU IVALIDA, ROBÔ SÓ FUNCIONARÁ EM CONTA TREINAMENTO . <---
2020-05-01 09:17:14:INFO: Conectando na IQ-Option...
2020-05-01 09:17:17:INFO: ----------> CONECTADO <----------
2020-05-01 09:17:18:INFO: Versao: 4.0.3
2020-05-01 09:17:18:INFO: Licenciado para o email: agussybanez@gmail.com
2020-05-01 09:17:18:INFO: ************ DADOS DA CONTA NA IQOPTION *************
2020-05-01 09:17:18:INFO: Id-Iq: 65729329
2020-05-01 09:17:18:INFO: Moeda: USD
2020-05-01 09:17:18:INFO: Saldo: 9971.05
2020-05-01 09:17:18:INFO: Tipo conta: Treinamento
2020-05-01 09:17:18:INFO: ------------ Dados Trade -------------
2020-05-01 09:17:18:INFO: Tipo opção: DIGITAIS
2020-05-01 09:17:18:INFO: Tipo calculo: Valor
2020-05-01 09:17:18:INFO: Valor do trade: 1.0
2020-05-01 09:17:18:INFO: Expiração: 1-(M1)
2020-05-01 09:17:18:INFO: Delay em (segundos): 2
2020-05-01 09:17:18:INFO: % Payout: 0.0
2020-05-01 09:17:18:INFO: Trabalhar em OTC: NÃO
2020-05-01 09:17:18:INFO: ------------ Dados Martingale -------------
2020-05-01 09:17:18:INFO: Max. martingale: 1
2020-05-01 09:17:18:INFO: Fator martingale: 1.75
2020-05-01 09:17:18:INFO: ------------ Dados Gerenciamento -------------
2020-05-01 09:17:18:INFO: Tipo calculo: Valor
2020-05-01 09:17:18:INFO: Take profit em (valor): 10.0
2020-05-01 09:17:18:INFO: Stop loss em (valor): 5.0
2020-05-01 09:17:18:INFO: ------------ Dados Controle -------------
2020-05-01 09:17:18:INFO: Horario servidor: S
2020-05-01 09:17:18:INFO: Verifica ativo fechado: S
2020-05-01 09:17:18:INFO: Verifica tendencia: False
2020-05-01 09:17:18:INFO: Fuso horário: America/Argentina/Buenos_Aires
2020-05-01 09:17:18:INFO: ===> LENDO O PROXIMO SINAL... <===
2020-05-01 09:17:18:INFO: ===> LENDO O PROXIMO SINAL... <===
2020-05-01 09:17:19:INFO: ===> LENDO O PROXIMO SINAL... <===
2020-05-01 09:17:19:ERROR: Verifique o arquivo [TRADE.TXT] - Pode não conter nenhuma linha no arquivo ou não existe lançamento de horário.
2020-05-01 09:17:19:INFO: Finalizando a execução dos trade dessa sessão.
2020-05-01 09:21:43:ERROR: POSSIVEIS PROBLEMAS, COM A INTERNET, VERIFIÇÃO NÃO PODE SER EFETUADA.
2020-05-01 09:21:43:INFO: AVISO ---> LICENÇA NÃO ENCONTRADA OU IVALIDA, ROBÔ SÓ FUNCIONARÁ EM CONTA TREINAMENTO . <---
2020-05-01 09:21:43:INFO: Conectando na IQ-Option...
2020-05-01 09:21:48:INFO: ----------> CONECTADO <----------
2020-05-01 09:21:49:INFO: Versao: 4.0.3
2020-05-01 09:21:49:INFO: Licenciado para o email: agussybanez@gmail.com
2020-05-01 09:21:49:INFO: ************ DADOS DA CONTA NA IQOPTION *************
2020-05-01 09:21:49:INFO: Id-Iq: 65729329
2020-05-01 09:21:49:INFO: Moeda: USD
2020-05-01 09:21:49:INFO: Saldo: 9971.05
2020-05-01 09:21:49:INFO: Tipo conta: Treinamento
2020-05-01 09:21:49:INFO: ------------ Dados Trade -------------
2020-05-01 09:21:49:INFO: Tipo opção: DIGITAIS
2020-05-01 09:21:49:INFO: Tipo calculo: Valor
2020-05-01 09:21:49:INFO: Valor do trade: 1.0
2020-05-01 09:21:49:INFO: Expiração: 1-(M1)
2020-05-01 09:21:49:INFO: Delay em (segundos): 2
2020-05-01 09:21:49:INFO: % Payout: 0.0
2020-05-01 09:21:49:INFO: Trabalhar em OTC: NÃO
2020-05-01 09:21:49:INFO: ------------ Dados Martingale -------------
2020-05-01 09:21:49:INFO: Max. martingale: 1
2020-05-01 09:21:49:INFO: Fator martingale: 1.75
2020-05-01 09:21:49:INFO: ------------ Dados Gerenciamento -------------
2020-05-01 09:21:49:INFO: Tipo calculo: Valor
2020-05-01 09:21:49:INFO: Take profit em (valor): 10.0
2020-05-01 09:21:49:INFO: Stop loss em (valor): 5.0
2020-05-01 09:21:49:INFO: ------------ Dados Controle -------------
2020-05-01 09:21:49:INFO: Horario servidor: S
2020-05-01 09:21:49:INFO: Verifica ativo fechado: S
2020-05-01 09:21:49:INFO: Verifica tendencia: False
2020-05-01 09:21:49:INFO: Fuso horário: America/Argentina/Buenos_Aires
2020-05-01 09:21:49:INFO: ===> LENDO O PROXIMO SINAL... <===
2020-05-01 09:21:49:ERROR: Verifique o arquivo [TRADE.TXT] - Pode não conter nenhuma linha no arquivo ou não existe lançamento de horário.
2020-05-01 09:21:49:INFO: Finalizando a execução dos trade dessa sessão.
2020-05-01 09:24:51:ERROR: POSSIVEIS PROBLEMAS, COM A INTERNET, VERIFIÇÃO NÃO PODE SER EFETUADA.
2020-05-01 09:24:51:INFO: AVISO ---> LICENÇA NÃO ENCONTRADA OU IVALIDA, ROBÔ SÓ FUNCIONARÁ EM CONTA TREINAMENTO . <---
2020-05-01 09:24:51:INFO: Conectando na IQ-Option...
2020-05-01 09:24:54:INFO: ----------> CONECTADO <----------
2020-05-01 09:24:55:INFO: Versao: 4.0.3
2020-05-01 09:24:55:INFO: Licenciado para o email: agussybanez@gmail.com
2020-05-01 09:24:55:INFO: ************ DADOS DA CONTA NA IQOPTION *************
2020-05-01 09:24:55:INFO: Id-Iq: 65729329
2020-05-01 09:24:55:INFO: Moeda: USD
2020-05-01 09:24:55:INFO: Saldo: 9971.05
2020-05-01 09:24:55:INFO: Tipo conta: Treinamento
2020-05-01 09:24:55:INFO: ------------ Dados Trade -------------
2020-05-01 09:24:55:INFO: Tipo opção: DIGITAIS
2020-05-01 09:24:55:INFO: Tipo calculo: Valor
2020-05-01 09:24:55:INFO: Valor do trade: 1.0
2020-05-01 09:24:55:INFO: Expiração: 1-(M1)
2020-05-01 09:24:55:INFO: Delay em (segundos): 2
2020-05-01 09:24:55:INFO: % Payout: 0.0
2020-05-01 09:24:55:INFO: Trabalhar em OTC: NÃO
2020-05-01 09:24:55:INFO: ------------ Dados Martingale -------------
2020-05-01 09:24:55:INFO: Max. martingale: 1
2020-05-01 09:24:55:INFO: Fator martingale: 1.75
2020-05-01 09:24:55:INFO: ------------ Dados Gerenciamento -------------
2020-05-01 09:24:55:INFO: Tipo calculo: Valor
2020-05-01 09:24:55:INFO: Take profit em (valor): 10.0
2020-05-01 09:24:55:INFO: Stop loss em (valor): 5.0
2020-05-01 09:24:55:INFO: ------------ Dados Controle -------------
2020-05-01 09:24:55:INFO: Horario servidor: S
2020-05-01 09:24:55:INFO: Verifica ativo fechado: S
2020-05-01 09:24:55:INFO: Verifica tendencia: False
2020-05-01 09:24:55:INFO: Fuso horário: America/Argentina/Buenos_Aires
2020-05-01 09:24:55:INFO: -> Aguardando horário: 01/05/2020 09:28:58 ativo: EURUSD direção: PUT timeframe: 1
2020-05-01 09:28:58:INFO:  | ---> Abrindo entradas: Servidor:  09:28:58 / Agendado: 09:29:00/09:28:58
2020-05-01 09:29:00:INFO:  | ---> Nro. ordem: 11661658574 - Valor: 1.0 <====
2020-05-01 09:30:03:INFO:    | ---> Ordem: 11661658574 | WIN | Valor: 1.0 | Ganho: 0.87 | Perda: 0
2020-05-01 09:30:03:INFO:    | ---> Saldo: 0.87 | TakeProfit: 10.0 | StopLoss: 5.0
2020-05-01 09:30:03:INFO: ===> LENDO O PROXIMO SINAL... <===
2020-05-01 09:30:03:INFO: ===> LENDO O PROXIMO SINAL... <===
2020-05-01 09:30:03:INFO: Finalizando a execução dos trade dessa sessão.
2020-05-01 09:43:45:ERROR: POSSIVEIS PROBLEMAS, COM A INTERNET, VERIFIÇÃO NÃO PODE SER EFETUADA.
2020-05-01 09:43:46:INFO: AVISO ---> LICENÇA NÃO ENCONTRADA OU IVALIDA, ROBÔ SÓ FUNCIONARÁ EM CONTA TREINAMENTO . <---
2020-05-01 09:43:46:INFO: Conectando na IQ-Option...
2020-05-01 09:43:49:INFO: ----------> CONECTADO <----------
2020-05-01 09:43:50:INFO: Versao: 4.0.3
2020-05-01 09:43:50:INFO: Licenciado para o email: agussybanez@gmail.com
2020-05-01 09:43:50:INFO: ************ DADOS DA CONTA NA IQOPTION *************
2020-05-01 09:43:50:INFO: Id-Iq: 65729329
2020-05-01 09:43:50:INFO: Moeda: USD
2020-05-01 09:43:50:INFO: Saldo: 9971.92
2020-05-01 09:43:50:INFO: Tipo conta: Treinamento
2020-05-01 09:43:50:INFO: ------------ Dados Trade -------------
2020-05-01 09:43:50:INFO: Tipo opção: DIGITAIS
2020-05-01 09:43:50:INFO: Tipo calculo: Valor
2020-05-01 09:43:50:INFO: Valor do trade: 1.0
2020-05-01 09:43:50:INFO: Expiração: 1-(M1)
2020-05-01 09:43:50:INFO: Delay em (segundos): 2
2020-05-01 09:43:50:INFO: % Payout: 0.0
2020-05-01 09:43:50:INFO: Trabalhar em OTC: NÃO
2020-05-01 09:43:50:INFO: ------------ Dados Martingale -------------
2020-05-01 09:43:50:INFO: Max. martingale: 1
2020-05-01 09:43:50:INFO: Fator martingale: 1.75
2020-05-01 09:43:50:INFO: ------------ Dados Gerenciamento -------------
2020-05-01 09:43:50:INFO: Tipo calculo: Valor
2020-05-01 09:43:50:INFO: Take profit em (valor): 10.0
2020-05-01 09:43:50:INFO: Stop loss em (valor): 5.0
2020-05-01 09:43:50:INFO: ------------ Dados Controle -------------
2020-05-01 09:43:50:INFO: Horario servidor: S
2020-05-01 09:43:50:INFO: Verifica ativo fechado: S
2020-05-01 09:43:50:INFO: Verifica tendencia: False
2020-05-01 09:43:50:INFO: Fuso horário: America/Argentina/Buenos_Aires
2020-05-01 09:43:51:INFO: ===> LENDO O PROXIMO SINAL... <===
2020-05-01 09:43:51:INFO: -> Aguardando horário: 01/05/2020 09:44:58 ativo: EURUSD direção: PUT timeframe: 1
2020-05-01 09:44:58:INFO:  | ---> Abrindo entradas: Servidor:  09:44:58 / Agendado: 09:45:00/09:44:58
2020-05-01 09:45:00:INFO:  | ---> Nro. ordem: 11661768783 - Valor: 1.0 <====
2020-05-01 09:46:02:INFO:    | ---> Ordem: 11661768783 | LOSS | Valor: 1.0 | Ganho: 0 | Perda: -1.0
2020-05-01 09:46:02:INFO:    | ---> Saldo: -1.0 | TakeProfit: 10.0 | StopLoss: 5.0
2020-05-01 09:46:04:INFO:  | ---> Nro. ordem: 11661776967 - Valor: 1.75 <====
2020-05-01 09:47:03:INFO:    | ---> Ordem: 11661776967 | WIN | Valor: 1.75 | Ganho: 1.52 | Perda: 0
2020-05-01 09:47:03:INFO:    | ---> Saldo: 0.52 | TakeProfit: 10.0 | StopLoss: 5.0
2020-05-01 09:47:03:INFO: Finalizando a execução dos trade dessa sessão.
2020-05-01 10:03:08:ERROR: POSSIVEIS PROBLEMAS, COM A INTERNET, VERIFIÇÃO NÃO PODE SER EFETUADA.
2020-05-01 10:03:08:INFO: AVISO ---> LICENÇA NÃO ENCONTRADA OU IVALIDA, ROBÔ SÓ FUNCIONARÁ EM CONTA TREINAMENTO . <---
2020-05-01 10:03:08:INFO: Conectando na IQ-Option...
2020-05-01 10:03:12:INFO: ----------> CONECTADO <----------
2020-05-01 10:03:12:INFO: Versao: 4.0.3
2020-05-01 10:03:12:INFO: Licenciado para o email: agussybanez@gmail.com
2020-05-01 10:03:12:INFO: ************ DADOS DA CONTA NA IQOPTION *************
2020-05-01 10:03:12:INFO: Id-Iq: 65729329
2020-05-01 10:03:12:INFO: Moeda: USD
2020-05-01 10:03:12:INFO: Saldo: 9972.45
2020-05-01 10:03:12:INFO: Tipo conta: Treinamento
2020-05-01 10:03:12:INFO: ------------ Dados Trade -------------
2020-05-01 10:03:12:INFO: Tipo opção: DIGITAIS
2020-05-01 10:03:12:INFO: Tipo calculo: Valor
2020-05-01 10:03:12:INFO: Valor do trade: 1.0
2020-05-01 10:03:12:INFO: Expiração: 1-(M1)
2020-05-01 10:03:12:INFO: Delay em (segundos): 2
2020-05-01 10:03:12:INFO: % Payout: 0.0
2020-05-01 10:03:12:INFO: Trabalhar em OTC: NÃO
2020-05-01 10:03:12:INFO: ------------ Dados Martingale -------------
2020-05-01 10:03:12:INFO: Max. martingale: 1
2020-05-01 10:03:12:INFO: Fator martingale: 1.75
2020-05-01 10:03:12:INFO: ------------ Dados Gerenciamento -------------
2020-05-01 10:03:12:INFO: Tipo calculo: Valor
2020-05-01 10:03:12:INFO: Take profit em (valor): 10.0
2020-05-01 10:03:12:INFO: Stop loss em (valor): 5.0
2020-05-01 10:03:12:INFO: ------------ Dados Controle -------------
2020-05-01 10:03:12:INFO: Horario servidor: S
2020-05-01 10:03:12:INFO: Verifica ativo fechado: S
2020-05-01 10:03:12:INFO: Verifica tendencia: False
2020-05-01 10:03:12:INFO: Fuso horário: America/Argentina/Buenos_Aires
2020-05-01 10:03:13:INFO: ===> LENDO O PROXIMO SINAL... <===
2020-05-01 10:03:13:INFO: ===> LENDO O PROXIMO SINAL... <===
2020-05-01 10:03:13:INFO: ===> LENDO O PROXIMO SINAL... <===
2020-05-01 10:03:14:INFO: -> Aguardando horário: 01/05/2020 10:04:58 ativo: EURUSD direção: PUT timeframe: 1
2020-05-01 10:04:58:INFO:  | ---> Abrindo entradas: Servidor:  10:04:58 / Agendado: 10:05:00/10:04:58
2020-05-01 10:05:00:INFO:  | ---> Nro. ordem: 11661905772 - Valor: 1.0 <====
2020-05-01 10:06:04:INFO:    | ---> Ordem: 11661905772 | LOSS | Valor: 1.0 | Ganho: 0 | Perda: -1.0
2020-05-01 10:06:04:INFO:    | ---> Saldo: -1.0 | TakeProfit: 10.0 | StopLoss: 5.0
2020-05-01 10:06:05:INFO:  | ---> Nro. ordem: 11661916632 - Valor: 1.75 <====
2020-05-01 10:06:20:INFO: Finalizando a execução dos trade dessa sessão.
2020-05-01 10:10:08:ERROR: POSSIVEIS PROBLEMAS, COM A INTERNET, VERIFIÇÃO NÃO PODE SER EFETUADA.
2020-05-01 10:10:08:INFO: AVISO ---> LICENÇA NÃO ENCONTRADA OU IVALIDA, ROBÔ SÓ FUNCIONARÁ EM CONTA TREINAMENTO . <---
2020-05-01 10:10:08:INFO: Conectando na IQ-Option...
2020-05-01 10:10:11:INFO: ----------> CONECTADO <----------
2020-05-01 10:10:12:INFO: Versao: 4.0.3
2020-05-01 10:10:12:INFO: Licenciado para o email: agussybanez@gmail.com
2020-05-01 10:10:12:INFO: ************ DADOS DA CONTA NA IQOPTION *************
2020-05-01 10:10:12:INFO: Id-Iq: 65729329
2020-05-01 10:10:12:INFO: Moeda: USD
2020-05-01 10:10:12:INFO: Saldo: 9969.7
2020-05-01 10:10:12:INFO: Tipo conta: Treinamento
2020-05-01 10:10:12:INFO: ------------ Dados Trade -------------
2020-05-01 10:10:12:INFO: Tipo opção: DIGITAIS
2020-05-01 10:10:12:INFO: Tipo calculo: Valor
2020-05-01 10:10:12:INFO: Valor do trade: 1.0
2020-05-01 10:10:12:INFO: Expiração: 1-(M1)
2020-05-01 10:10:12:INFO: Delay em (segundos): 2
2020-05-01 10:10:12:INFO: % Payout: 0.0
2020-05-01 10:10:12:INFO: Trabalhar em OTC: NÃO
2020-05-01 10:10:12:INFO: ------------ Dados Martingale -------------
2020-05-01 10:10:12:INFO: Max. martingale: 1
2020-05-01 10:10:12:INFO: Fator martingale: 1.75
2020-05-01 10:10:12:INFO: ------------ Dados Gerenciamento -------------
2020-05-01 10:10:12:INFO: Tipo calculo: Valor
2020-05-01 10:10:12:INFO: Take profit em (valor): 10.0
2020-05-01 10:10:12:INFO: Stop loss em (valor): 5.0
2020-05-01 10:10:12:INFO: ------------ Dados Controle -------------
2020-05-01 10:10:12:INFO: Horario servidor: S
2020-05-01 10:10:12:INFO: Verifica ativo fechado: S
2020-05-01 10:10:12:INFO: Verifica tendencia: False
2020-05-01 10:10:12:INFO: Fuso horário: America/Argentina/Buenos_Aires
2020-05-01 10:10:12:INFO: ===> LENDO O PROXIMO SINAL... <===
2020-05-01 10:10:13:INFO: ===> LENDO O PROXIMO SINAL... <===
2020-05-01 10:10:13:ERROR: Verifique o arquivo [TRADE.TXT] - Pode não conter nenhuma linha no arquivo ou não existe lançamento de horário.
2020-05-01 10:10:13:INFO: Finalizando a execução dos trade dessa sessão.
2020-05-01 10:14:35:ERROR: POSSIVEIS PROBLEMAS, COM A INTERNET, VERIFIÇÃO NÃO PODE SER EFETUADA.
2020-05-01 10:14:36:INFO: AVISO ---> LICENÇA NÃO ENCONTRADA OU IVALIDA, ROBÔ SÓ FUNCIONARÁ EM CONTA TREINAMENTO . <---
2020-05-01 10:14:36:INFO: Conectando na IQ-Option...
2020-05-01 10:14:39:INFO: ----------> CONECTADO <----------
2020-05-01 10:14:39:INFO: Versao: 4.0.3
2020-05-01 10:14:39:INFO: Licenciado para o email: agussybanez@gmail.com
2020-05-01 10:14:39:INFO: ************ DADOS DA CONTA NA IQOPTION *************
2020-05-01 10:14:39:INFO: Id-Iq: 65729329
2020-05-01 10:14:39:INFO: Moeda: USD
2020-05-01 10:14:39:INFO: Saldo: 9969.7
2020-05-01 10:14:39:INFO: Tipo conta: Treinamento
2020-05-01 10:14:39:INFO: ------------ Dados Trade -------------
2020-05-01 10:14:39:INFO: Tipo opção: DIGITAIS
2020-05-01 10:14:39:INFO: Tipo calculo: Valor
2020-05-01 10:14:39:INFO: Valor do trade: 1.0
2020-05-01 10:14:39:INFO: Expiração: 1-(M1)
2020-05-01 10:14:39:INFO: Delay em (segundos): 2
2020-05-01 10:14:39:INFO: % Payout: 0.0
2020-05-01 10:14:39:INFO: Trabalhar em OTC: NÃO
2020-05-01 10:14:39:INFO: ------------ Dados Martingale -------------
2020-05-01 10:14:39:INFO: Max. martingale: 1
2020-05-01 10:14:39:INFO: Fator martingale: 1.75
2020-05-01 10:14:39:INFO: ------------ Dados Gerenciamento -------------
2020-05-01 10:14:39:INFO: Tipo calculo: Valor
2020-05-01 10:14:39:INFO: Take profit em (valor): 10.0
2020-05-01 10:14:39:INFO: Stop loss em (valor): 5.0
2020-05-01 10:14:39:INFO: ------------ Dados Controle -------------
2020-05-01 10:14:39:INFO: Horario servidor: S
2020-05-01 10:14:39:INFO: Verifica ativo fechado: S
2020-05-01 10:14:39:INFO: Verifica tendencia: False
2020-05-01 10:14:39:INFO: Fuso horário: America/Argentina/Buenos_Aires
2020-05-01 10:14:40:INFO: -> Aguardando horário: 01/05/2020 10:14:58 ativo: EURUSD direção: PUT timeframe: 1
2020-05-01 10:14:58:INFO:  | ---> Abrindo entradas: Servidor:  10:14:58 / Agendado: 10:15:00/10:14:58
2020-05-01 10:15:00:INFO:  | ---> Nro. ordem: 11661981335 - Valor: 1.0 <====
2020-05-01 10:16:04:INFO:    | ---> Ordem: 11661981335 | LOSS | Valor: 1.0 | Ganho: 0 | Perda: -1.0
2020-05-01 10:16:04:INFO:    | ---> Saldo: -1.0 | TakeProfit: 10.0 | StopLoss: 5.0
2020-05-01 10:16:06:INFO:  | ---> Nro. ordem: 11661992071 - Valor: 1.75 <====
2020-05-01 10:17:04:INFO:    | ---> Ordem: 11661992071 | WIN | Valor: 1.75 | Ganho: 1.52 | Perda: 0
2020-05-01 10:17:04:INFO:    | ---> Saldo: 0.52 | TakeProfit: 10.0 | StopLoss: 5.0
2020-05-01 10:17:05:INFO: Finalizando a execução dos trade dessa sessão.
2020-05-01 10:23:07:ERROR: POSSIVEIS PROBLEMAS, COM A INTERNET, VERIFIÇÃO NÃO PODE SER EFETUADA.
2020-05-01 10:23:07:INFO: AVISO ---> LICENÇA NÃO ENCONTRADA OU IVALIDA, ROBÔ SÓ FUNCIONARÁ EM CONTA TREINAMENTO . <---
2020-05-01 10:23:07:INFO: Conectando na IQ-Option...
2020-05-01 10:23:10:INFO: ----------> CONECTADO <----------
2020-05-01 10:23:11:INFO: Versao: 4.0.3
2020-05-01 10:23:11:INFO: Licenciado para o email: agussybanez@gmail.com
2020-05-01 10:23:11:INFO: ************ DADOS DA CONTA NA IQOPTION *************
2020-05-01 10:23:11:INFO: Id-Iq: 65729329
2020-05-01 10:23:11:INFO: Moeda: USD
2020-05-01 10:23:11:INFO: Saldo: 9970.22
2020-05-01 10:23:11:INFO: Tipo conta: Treinamento
2020-05-01 10:23:11:INFO: ------------ Dados Trade -------------
2020-05-01 10:23:11:INFO: Tipo opção: DIGITAIS
2020-05-01 10:23:11:INFO: Tipo calculo: Valor
2020-05-01 10:23:11:INFO: Valor do trade: 1.0
2020-05-01 10:23:11:INFO: Expiração: 1-(M1)
2020-05-01 10:23:11:INFO: Delay em (segundos): 2
2020-05-01 10:23:11:INFO: % Payout: 0.0
2020-05-01 10:23:11:INFO: Trabalhar em OTC: NÃO
2020-05-01 10:23:11:INFO: ------------ Dados Martingale -------------
2020-05-01 10:23:11:INFO: Max. martingale: 1
2020-05-01 10:23:11:INFO: Fator martingale: 1.75
2020-05-01 10:23:11:INFO: ------------ Dados Gerenciamento -------------
2020-05-01 10:23:11:INFO: Tipo calculo: Valor
2020-05-01 10:23:11:INFO: Take profit em (valor): 10.0
2020-05-01 10:23:11:INFO: Stop loss em (valor): 5.0
2020-05-01 10:23:11:INFO: ------------ Dados Controle -------------
2020-05-01 10:23:11:INFO: Horario servidor: S
2020-05-01 10:23:11:INFO: Verifica ativo fechado: S
2020-05-01 10:23:11:INFO: Verifica tendencia: False
2020-05-01 10:23:11:INFO: Fuso horário: America/Argentina/Buenos_Aires
2020-05-01 10:23:11:INFO: -> Aguardando horário: 01/05/2020 10:24:58 ativo: EURUSD direção: PUT timeframe: 1
2020-05-01 10:24:58:INFO:  | ---> Abrindo entradas: Servidor:  10:24:58 / Agendado: 10:25:00/10:24:58
2020-05-01 10:25:00:INFO:  | ---> Nro. ordem: 11662058293 - Valor: 1.0 <====
2020-05-01 10:26:04:INFO:    | ---> Ordem: 11662058293 | WIN | Valor: 1.0 | Ganho: 0.87 | Perda: 0
2020-05-01 10:26:04:INFO:    | ---> Saldo: 0.87 | TakeProfit: 10.0 | StopLoss: 5.0
2020-05-01 10:26:05:INFO: -> Aguardando horário: 01/05/2020 10:26:58 ativo: EURUSD direção: PUT timeframe: 1
2020-05-01 10:26:58:INFO:  | ---> Abrindo entradas: Servidor:  10:26:58 / Agendado: 10:27:00/10:26:58
2020-05-01 10:26:59:INFO:  | ---> Nro. ordem: 11662073265 - Valor: 1.0 <====
2020-05-01 10:28:03:INFO:    | ---> Ordem: 11662073265 | WIN | Valor: 1.0 | Ganho: 0.87 | Perda: 0
2020-05-01 10:28:03:INFO:    | ---> Saldo: 1.74 | TakeProfit: 10.0 | StopLoss: 5.0
2020-05-01 10:28:03:INFO: -> Aguardando horário: 01/05/2020 10:31:58 ativo: EURJPY direção: PUT timeframe: 1
2020-05-01 10:28:51:INFO: Finalizando a execução dos trade dessa sessão.
2020-05-01 10:30:46:ERROR: POSSIVEIS PROBLEMAS, COM A INTERNET, VERIFIÇÃO NÃO PODE SER EFETUADA.
2020-05-01 10:30:47:INFO: AVISO ---> LICENÇA NÃO ENCONTRADA OU IVALIDA, ROBÔ SÓ FUNCIONARÁ EM CONTA TREINAMENTO . <---
2020-05-01 10:30:47:INFO: Conectando na IQ-Option...
2020-05-01 10:30:50:INFO: ----------> CONECTADO <----------
2020-05-01 10:30:51:INFO: Versao: 4.0.3
2020-05-01 10:30:51:INFO: Licenciado para o email: agussybanez@gmail.com
2020-05-01 10:30:51:INFO: ************ DADOS DA CONTA NA IQOPTION *************
2020-05-01 10:30:51:INFO: Id-Iq: 65729329
2020-05-01 10:30:51:INFO: Moeda: USD
2020-05-01 10:30:51:INFO: Saldo: 9971.96
2020-05-01 10:30:51:INFO: Tipo conta: Treinamento
2020-05-01 10:30:51:INFO: ------------ Dados Trade -------------
2020-05-01 10:30:51:INFO: Tipo opção: DIGITAIS
2020-05-01 10:30:51:INFO: Tipo calculo: Valor
2020-05-01 10:30:51:INFO: Valor do trade: 1.0
2020-05-01 10:30:51:INFO: Expiração: 1-(M1)
2020-05-01 10:30:51:INFO: Delay em (segundos): 2
2020-05-01 10:30:51:INFO: % Payout: 0.0
2020-05-01 10:30:51:INFO: Trabalhar em OTC: NÃO
2020-05-01 10:30:51:INFO: ------------ Dados Martingale -------------
2020-05-01 10:30:51:INFO: Max. martingale: 1
2020-05-01 10:30:51:INFO: Fator martingale: 1.75
2020-05-01 10:30:51:INFO: ------------ Dados Gerenciamento -------------
2020-05-01 10:30:51:INFO: Tipo calculo: Valor
2020-05-01 10:30:51:INFO: Take profit em (valor): 10.0
2020-05-01 10:30:51:INFO: Stop loss em (valor): 5.0
2020-05-01 10:30:51:INFO: ------------ Dados Controle -------------
2020-05-01 10:30:51:INFO: Horario servidor: S
2020-05-01 10:30:51:INFO: Verifica ativo fechado: S
2020-05-01 10:30:51:INFO: Verifica tendencia: False
2020-05-01 10:30:51:INFO: Fuso horário: America/Argentina/Buenos_Aires
2020-05-01 10:30:52:INFO: -> Aguardando horário: 01/05/2020 10:31:58 ativo: EURJPY direção: PUT timeframe: 1
2020-05-01 10:31:58:INFO:  | ---> Abrindo entradas: Servidor:  10:31:58 / Agendado: 10:32:00/10:31:58
2020-05-01 10:32:00:INFO:  | ---> Nro. ordem: 11662114360 - Valor: 1.0 <====
2020-05-01 10:33:03:INFO:    | ---> Ordem: 11662114360 | LOSS | Valor: 1.0 | Ganho: 0 | Perda: -1.0
2020-05-01 10:33:03:INFO:    | ---> Saldo: -1.0 | TakeProfit: 10.0 | StopLoss: 5.0
2020-05-01 10:33:05:INFO:  | ---> Nro. ordem: 11662123682 - Valor: 1.75 <====
2020-05-01 10:34:02:INFO:    | ---> Ordem: 11662123682 | LOSS | Valor: 1.75 | Ganho: 0 | Perda: -1.75
2020-05-01 10:34:02:INFO:    | ---> Saldo: -2.75 | TakeProfit: 10.0 | StopLoss: 5.0
2020-05-01 10:34:03:INFO: -> Aguardando horário: 01/05/2020 10:34:58 ativo: USDJPY direção: PUT timeframe: 1
2020-05-01 10:34:58:INFO:  | ---> Abrindo entradas: Servidor:  10:34:58 / Agendado: 10:35:00/10:34:58
2020-05-01 10:35:00:INFO:  | ---> Nro. ordem: 11662138959 - Valor: 1.0 <====
2020-05-01 10:36:03:INFO:    | ---> Ordem: 11662138959 | LOSS | Valor: 1.0 | Ganho: 0 | Perda: -1.0
2020-05-01 10:36:03:INFO:    | ---> Saldo: -3.75 | TakeProfit: 10.0 | StopLoss: 5.0
2020-05-01 10:36:05:INFO:  | ---> Nro. ordem: 11662151620 - Valor: 1.75 <====
2020-05-01 10:37:03:INFO:    | ---> Ordem: 11662151620 | LOSS | Valor: 1.75 | Ganho: 0 | Perda: -1.75
2020-05-01 10:37:03:INFO:    | ---> Saldo: -5.5 | TakeProfit: 10.0 | StopLoss: 5.0
2020-05-01 10:37:03:INFO: Atingiu o STOP LOSS.. Informado: -5.0 / Calculado: -5.5
2020-05-01 10:37:03:INFO: Atingiu o STOP LOSS.. Informado: -5.0 / Calculado: -5.5
2020-05-01 10:37:03:INFO: --> Finalizando a execução dos trade dessa sessão. <--
2020-05-01 10:37:54:INFO: ===> LENDO O PROXIMO SINAL... <===
2020-05-01 10:37:54:ERROR: ERRO: Quantidade de colunas na linha 8 do arquivo tem que ser igual a 6, verifique
2020-05-01 10:37:54:ERROR: Exemplo da linha: 26,11,2019,06:30,EURUSD,PUT
2020-05-01 10:37:54:INFO: Finalizando a execução dos trade dessa sessão.
2020-05-01 10:37:58:ERROR: POSSIVEIS PROBLEMAS, COM A INTERNET, VERIFIÇÃO NÃO PODE SER EFETUADA.
2020-05-01 10:37:58:INFO: AVISO ---> LICENÇA NÃO ENCONTRADA OU IVALIDA, ROBÔ SÓ FUNCIONARÁ EM CONTA TREINAMENTO . <---
2020-05-01 10:37:58:INFO: Conectando na IQ-Option...
2020-05-01 10:38:01:INFO: ----------> CONECTADO <----------
2020-05-01 10:38:02:INFO: Versao: 4.0.3
2020-05-01 10:38:02:INFO: Licenciado para o email: agussybanez@gmail.com
2020-05-01 10:38:02:INFO: ************ DADOS DA CONTA NA IQOPTION *************
2020-05-01 10:38:02:INFO: Id-Iq: 65729329
2020-05-01 10:38:02:INFO: Moeda: USD
2020-05-01 10:38:02:INFO: Saldo: 9966.46
2020-05-01 10:38:02:INFO: Tipo conta: Treinamento
2020-05-01 10:38:02:INFO: ------------ Dados Trade -------------
2020-05-01 10:38:02:INFO: Tipo opção: DIGITAIS
2020-05-01 10:38:02:INFO: Tipo calculo: Valor
2020-05-01 10:38:02:INFO: Valor do trade: 1.0
2020-05-01 10:38:02:INFO: Expiração: 1-(M1)
2020-05-01 10:38:02:INFO: Delay em (segundos): 2
2020-05-01 10:38:02:INFO: % Payout: 0.0
2020-05-01 10:38:02:INFO: Trabalhar em OTC: NÃO
2020-05-01 10:38:02:INFO: ------------ Dados Martingale -------------
2020-05-01 10:38:02:INFO: Max. martingale: 1
2020-05-01 10:38:02:INFO: Fator martingale: 1.75
2020-05-01 10:38:02:INFO: ------------ Dados Gerenciamento -------------
2020-05-01 10:38:02:INFO: Tipo calculo: Valor
2020-05-01 10:38:02:INFO: Take profit em (valor): 10.0
2020-05-01 10:38:02:INFO: Stop loss em (valor): 15.0
2020-05-01 10:38:02:INFO: ------------ Dados Controle -------------
2020-05-01 10:38:02:INFO: Horario servidor: S
2020-05-01 10:38:02:INFO: Verifica ativo fechado: S
2020-05-01 10:38:02:INFO: Verifica tendencia: False
2020-05-01 10:38:02:INFO: Fuso horário: America/Argentina/Buenos_Aires
2020-05-01 10:38:04:ERROR: Verifique o arquivo [TRADE.TXT] - Pode não conter nenhuma linha no arquivo ou não existe lançamento de horário.
2020-05-01 10:38:04:INFO: Finalizando a execução dos trade dessa sessão.
2020-05-01 10:39:43:ERROR: POSSIVEIS PROBLEMAS, COM A INTERNET, VERIFIÇÃO NÃO PODE SER EFETUADA.
2020-05-01 10:39:43:INFO: AVISO ---> LICENÇA NÃO ENCONTRADA OU IVALIDA, ROBÔ SÓ FUNCIONARÁ EM CONTA TREINAMENTO . <---
2020-05-01 10:39:43:INFO: Conectando na IQ-Option...
2020-05-01 10:39:46:INFO: ----------> CONECTADO <----------
2020-05-01 10:39:47:INFO: Versao: 4.0.3
2020-05-01 10:39:47:INFO: Licenciado para o email: agussybanez@gmail.com
2020-05-01 10:39:47:INFO: ************ DADOS DA CONTA NA IQOPTION *************
2020-05-01 10:39:47:INFO: Id-Iq: 65729329
2020-05-01 10:39:47:INFO: Moeda: USD
2020-05-01 10:39:47:INFO: Saldo: 9966.46
2020-05-01 10:39:47:INFO: Tipo conta: Treinamento
2020-05-01 10:39:47:INFO: ------------ Dados Trade -------------
2020-05-01 10:39:47:INFO: Tipo opção: DIGITAIS
2020-05-01 10:39:47:INFO: Tipo calculo: Valor
2020-05-01 10:39:47:INFO: Valor do trade: 1.0
2020-05-01 10:39:47:INFO: Expiração: 1-(M1)
2020-05-01 10:39:47:INFO: Delay em (segundos): 2
2020-05-01 10:39:47:INFO: % Payout: 0.0
2020-05-01 10:39:47:INFO: Trabalhar em OTC: NÃO
2020-05-01 10:39:47:INFO: ------------ Dados Martingale -------------
2020-05-01 10:39:47:INFO: Max. martingale: 1
2020-05-01 10:39:47:INFO: Fator martingale: 1.75
2020-05-01 10:39:47:INFO: ------------ Dados Gerenciamento -------------
2020-05-01 10:39:47:INFO: Tipo calculo: Valor
2020-05-01 10:39:47:INFO: Take profit em (valor): 10.0
2020-05-01 10:39:47:INFO: Stop loss em (valor): 15.0
2020-05-01 10:39:47:INFO: ------------ Dados Controle -------------
2020-05-01 10:39:47:INFO: Horario servidor: S
2020-05-01 10:39:47:INFO: Verifica ativo fechado: S
2020-05-01 10:39:47:INFO: Verifica tendencia: False
2020-05-01 10:39:47:INFO: Fuso horário: America/Argentina/Buenos_Aires
2020-05-01 10:39:49:INFO: -> Aguardando horário: 01/05/2020 10:39:58 ativo: EURUSD direção: PUT timeframe: 1
2020-05-01 10:39:58:INFO:  | ---> Abrindo entradas: Servidor:  10:39:58 / Agendado: 10:40:00/10:39:58
2020-05-01 10:40:00:INFO:  | ---> Nro. ordem: 11662180426 - Valor: 1.0 <====
2020-05-01 10:41:03:INFO:    | ---> Ordem: 11662180426 | WIN | Valor: 1.0 | Ganho: 0.87 | Perda: 0
2020-05-01 10:41:03:INFO:    | ---> Saldo: 0.87 | TakeProfit: 10.0 | StopLoss: 15.0
2020-05-01 10:41:03:INFO: Finalizando a execução dos trade dessa sessão.
2020-05-01 10:42:17:ERROR: POSSIVEIS PROBLEMAS, COM A INTERNET, VERIFIÇÃO NÃO PODE SER EFETUADA.
2020-05-01 10:42:17:INFO: AVISO ---> LICENÇA NÃO ENCONTRADA OU IVALIDA, ROBÔ SÓ FUNCIONARÁ EM CONTA TREINAMENTO . <---
2020-05-01 10:42:17:INFO: Conectando na IQ-Option...
2020-05-01 10:42:20:INFO: ----------> CONECTADO <----------
2020-05-01 10:42:20:INFO: Versao: 4.0.3
2020-05-01 10:42:20:INFO: Licenciado para o email: agussybanez@gmail.com
2020-05-01 10:42:20:INFO: ************ DADOS DA CONTA NA IQOPTION *************
2020-05-01 10:42:20:INFO: Id-Iq: 65729329
2020-05-01 10:42:20:INFO: Moeda: USD
2020-05-01 10:42:20:INFO: Saldo: 9967.33
2020-05-01 10:42:20:INFO: Tipo conta: Treinamento
2020-05-01 10:42:20:INFO: ------------ Dados Trade -------------
2020-05-01 10:42:20:INFO: Tipo opção: DIGITAIS
2020-05-01 10:42:20:INFO: Tipo calculo: Valor
2020-05-01 10:42:20:INFO: Valor do trade: 1.0
2020-05-01 10:42:20:INFO: Expiração: 1-(M1)
2020-05-01 10:42:20:INFO: Delay em (segundos): 2
2020-05-01 10:42:20:INFO: % Payout: 0.0
2020-05-01 10:42:20:INFO: Trabalhar em OTC: NÃO
2020-05-01 10:42:20:INFO: ------------ Dados Martingale -------------
2020-05-01 10:42:20:INFO: Max. martingale: 1
2020-05-01 10:42:20:INFO: Fator martingale: 1.75
2020-05-01 10:42:20:INFO: ------------ Dados Gerenciamento -------------
2020-05-01 10:42:20:INFO: Tipo calculo: Valor
2020-05-01 10:42:20:INFO: Take profit em (valor): 10.0
2020-05-01 10:42:20:INFO: Stop loss em (valor): 15.0
2020-05-01 10:42:20:INFO: ------------ Dados Controle -------------
2020-05-01 10:42:20:INFO: Horario servidor: S
2020-05-01 10:42:20:INFO: Verifica ativo fechado: S
2020-05-01 10:42:20:INFO: Verifica tendencia: False
2020-05-01 10:42:20:INFO: Fuso horário: America/Argentina/Buenos_Aires
2020-05-01 10:42:21:INFO: -> Aguardando horário: 01/05/2020 10:45:58 ativo: EURGBP direção: CALL timeframe: 1
2020-05-01 10:45:58:INFO:  | ---> Abrindo entradas: Servidor:  10:45:58 / Agendado: 10:46:00/10:45:58
2020-05-01 10:46:00:INFO:  | ---> Nro. ordem: 11662224076 - Valor: 1.0 <====
2020-05-01 10:47:03:INFO:    | ---> Ordem: 11662224076 | LOSS | Valor: 1.0 | Ganho: 0 | Perda: -1.0
2020-05-01 10:47:03:INFO:    | ---> Saldo: -1.0 | TakeProfit: 10.0 | StopLoss: 15.0
2020-05-01 10:47:05:INFO:  | ---> Nro. ordem: 11662229942 - Valor: 1.75 <====
2020-05-01 10:48:04:INFO:    | ---> Ordem: 11662229942 | WIN | Valor: 1.75 | Ganho: 1.38 | Perda: 0
2020-05-01 10:48:04:INFO:    | ---> Saldo: 0.38 | TakeProfit: 10.0 | StopLoss: 15.0
2020-05-01 10:48:04:INFO: -> Aguardando horário: 01/05/2020 10:48:58 ativo: GBPNZD direção: CALL timeframe: 1
2020-05-01 10:48:58:INFO:  | ---> Abrindo entradas: Servidor:  10:48:58 / Agendado: 10:49:00/10:48:58
2020-05-01 10:49:00:INFO:  | ---> Nro. ordem: 11662239573 - Valor: 1.0 <====
2020-05-01 10:50:05:INFO:    | ---> Ordem: 11662239573 | LOSS | Valor: 1.0 | Ganho: 0 | Perda: -1.0
2020-05-01 10:50:05:INFO:    | ---> Saldo: -0.62 | TakeProfit: 10.0 | StopLoss: 15.0
2020-05-01 10:50:07:INFO:  | ---> Nro. ordem: 11662245666 - Valor: 1.75 <====
2020-05-01 10:51:02:INFO:    | ---> Ordem: 11662245666 | LOSS | Valor: 1.75 | Ganho: 0 | Perda: -1.75
2020-05-01 10:51:02:INFO:    | ---> Saldo: -2.37 | TakeProfit: 10.0 | StopLoss: 15.0
2020-05-01 10:51:03:INFO: -> Aguardando horário: 01/05/2020 10:51:58 ativo: EURCAD direção: CALL timeframe: 1
2020-05-01 10:51:58:INFO:  | ---> Abrindo entradas: Servidor:  10:51:58 / Agendado: 10:52:00/10:51:58
2020-05-01 10:52:00:INFO:  | ---> Nro. ordem: 11662255222 - Valor: 1.0 <====
2020-05-01 10:53:02:INFO:    | ---> Ordem: 11662255222 | LOSS | Valor: 1.0 | Ganho: 0 | Perda: -1.0
2020-05-01 10:53:02:INFO:    | ---> Saldo: -3.37 | TakeProfit: 10.0 | StopLoss: 15.0
2020-05-01 10:53:04:INFO:  | ---> Nro. ordem: 11662260117 - Valor: 1.75 <====
2020-05-01 10:54:03:INFO:    | ---> Ordem: 11662260117 | WIN | Valor: 1.75 | Ganho: 1.38 | Perda: 0
2020-05-01 10:54:03:INFO:    | ---> Saldo: -2.0 | TakeProfit: 10.0 | StopLoss: 15.0
2020-05-01 10:54:04:INFO: Finalizando a execução dos trade dessa sessão.
