2020-05-13 16:03:24:ERROR: POSSIVEIS PROBLEMAS, COM A INTERNET, VERIFIÇÃO NÃO PODE SER EFETUADA.
2020-05-13 16:03:24:INFO: AVISO ---> LICENÇA NÃO ENCONTRADA OU IVALIDA, ROBÔ SÓ FUNCIONARÁ EM CONTA TREINAMENTO . <---
2020-05-13 16:03:24:INFO: Conectando na IQ-Option...
2020-05-13 16:03:28:INFO: ----------> CONECTADO <----------
2020-05-13 16:03:28:INFO: Versao: 4.0.3
2020-05-13 16:03:28:INFO: Licenciado para o email: agussybanez@gmail.com
2020-05-13 16:03:28:INFO: ************ DADOS DA CONTA NA IQOPTION *************
2020-05-13 16:03:28:INFO: Id-Iq: 65729329
2020-05-13 16:03:28:INFO: Moeda: USD
2020-05-13 16:03:28:INFO: Saldo: 9945.92
2020-05-13 16:03:28:INFO: Tipo conta: Treinamento
2020-05-13 16:03:28:INFO: ------------ Dados Trade -------------
2020-05-13 16:03:28:INFO: Tipo opção: DIGITAIS
2020-05-13 16:03:28:INFO: Tipo calculo: Valor
2020-05-13 16:03:28:INFO: Valor do trade: 1.0
2020-05-13 16:03:28:INFO: Expiração: 1-(M1)
2020-05-13 16:03:28:INFO: Delay em (segundos): 2
2020-05-13 16:03:28:INFO: % Payout: 0.0
2020-05-13 16:03:28:INFO: Trabalhar em OTC: NÃO
2020-05-13 16:03:28:INFO: ------------ Dados Martingale -------------
2020-05-13 16:03:28:INFO: Max. martingale: 2
2020-05-13 16:03:28:INFO: Fator martingale: 1.8
2020-05-13 16:03:28:INFO: ------------ Dados Gerenciamento -------------
2020-05-13 16:03:28:INFO: Tipo calculo: Valor
2020-05-13 16:03:28:INFO: Take profit em (valor): 16.0
2020-05-13 16:03:28:INFO: Stop loss em (valor): 25.0
2020-05-13 16:03:28:INFO: ------------ Dados Controle -------------
2020-05-13 16:03:28:INFO: Horario servidor: S
2020-05-13 16:03:28:INFO: Verifica ativo fechado: S
2020-05-13 16:03:28:INFO: Verifica tendencia: False
2020-05-13 16:03:28:INFO: Fuso horário: America/Argentina/Buenos_Aires
2020-05-13 16:03:30:ERROR: Verifique o arquivo [TRADE.TXT] - Pode não conter nenhuma linha no arquivo ou não existe lançamento de horário.
2020-05-13 16:03:30:INFO: Finalizando a execução dos trade dessa sessão.
2020-05-13 16:09:16:ERROR: POSSIVEIS PROBLEMAS, COM A INTERNET, VERIFIÇÃO NÃO PODE SER EFETUADA.
2020-05-13 16:09:16:INFO: AVISO ---> LICENÇA NÃO ENCONTRADA OU IVALIDA, ROBÔ SÓ FUNCIONARÁ EM CONTA TREINAMENTO . <---
2020-05-13 16:09:16:INFO: Conectando na IQ-Option...
2020-05-13 16:09:20:INFO: ----------> CONECTADO <----------
2020-05-13 16:09:21:INFO: Versao: 4.0.3
2020-05-13 16:09:21:INFO: Licenciado para o email: agussybanez@gmail.com
2020-05-13 16:09:21:INFO: ************ DADOS DA CONTA NA IQOPTION *************
2020-05-13 16:09:21:INFO: Id-Iq: 65729329
2020-05-13 16:09:21:INFO: Moeda: USD
2020-05-13 16:09:21:INFO: Saldo: 9945.92
2020-05-13 16:09:21:INFO: Tipo conta: Treinamento
2020-05-13 16:09:21:INFO: ------------ Dados Trade -------------
2020-05-13 16:09:21:INFO: Tipo opção: DIGITAIS
2020-05-13 16:09:21:INFO: Tipo calculo: Valor
2020-05-13 16:09:21:INFO: Valor do trade: 1.0
2020-05-13 16:09:21:INFO: Expiração: 1-(M1)
2020-05-13 16:09:21:INFO: Delay em (segundos): 2
2020-05-13 16:09:21:INFO: % Payout: 0.0
2020-05-13 16:09:21:INFO: Trabalhar em OTC: NÃO
2020-05-13 16:09:21:INFO: ------------ Dados Martingale -------------
2020-05-13 16:09:21:INFO: Max. martingale: 2
2020-05-13 16:09:21:INFO: Fator martingale: 1.8
2020-05-13 16:09:21:INFO: ------------ Dados Gerenciamento -------------
2020-05-13 16:09:21:INFO: Tipo calculo: Valor
2020-05-13 16:09:21:INFO: Take profit em (valor): 16.0
2020-05-13 16:09:21:INFO: Stop loss em (valor): 25.0
2020-05-13 16:09:21:INFO: ------------ Dados Controle -------------
2020-05-13 16:09:21:INFO: Horario servidor: S
2020-05-13 16:09:21:INFO: Verifica ativo fechado: S
2020-05-13 16:09:21:INFO: Verifica tendencia: False
2020-05-13 16:09:21:INFO: Fuso horário: America/Argentina/Buenos_Aires
2020-05-13 16:09:21:INFO: -> Aguardando horário: 13/05/2020 16:09:58 ativo: EURUSD direção: PUT timeframe: 1
2020-05-13 16:10:04:INFO:  | ---> Abrindo entradas: Servidor:  16:10:04 / Agendado: 16:10:00/16:09:58
2020-05-13 16:10:06:INFO:  | ---> Nro. ordem: 11750386443 - Valor: 1.0 <====
2020-05-13 16:11:02:INFO:    | ---> Ordem: 11750386443 | LOSS | Valor: 1.0 | Ganho: 0 | Perda: -1.0
2020-05-13 16:11:02:INFO:    | ---> Saldo: -1.0 | TakeProfit: 16.0 | StopLoss: 25.0
2020-05-13 16:11:08:ERROR: ERRO: Não pode fazer o trade, problema a corretora. 001
2020-05-13 16:11:08:INFO: -> Aguardando horário: 13/05/2020 16:11:58 ativo: USDJPY direção: PUT timeframe: 1
2020-05-13 16:11:14:ERROR: POSSIVEIS PROBLEMAS, COM A INTERNET, VERIFIÇÃO NÃO PODE SER EFETUADA.
2020-05-13 16:11:14:INFO: AVISO ---> LICENÇA NÃO ENCONTRADA OU IVALIDA, ROBÔ SÓ FUNCIONARÁ EM CONTA TREINAMENTO . <---
2020-05-13 16:11:14:INFO: Conectando na IQ-Option...
2020-05-13 16:11:18:INFO: ----------> CONECTADO <----------
2020-05-13 16:11:19:INFO: Versao: 4.0.3
2020-05-13 16:11:19:INFO: Licenciado para o email: agussybanez@gmail.com
2020-05-13 16:11:19:INFO: ************ DADOS DA CONTA NA IQOPTION *************
2020-05-13 16:11:19:INFO: Id-Iq: 65729329
2020-05-13 16:11:19:INFO: Moeda: USD
2020-05-13 16:11:19:INFO: Saldo: 9944.92
2020-05-13 16:11:19:INFO: Tipo conta: Treinamento
2020-05-13 16:11:19:INFO: ------------ Dados Trade -------------
2020-05-13 16:11:19:INFO: Tipo opção: DIGITAIS
2020-05-13 16:11:19:INFO: Tipo calculo: Valor
2020-05-13 16:11:19:INFO: Valor do trade: 1.0
2020-05-13 16:11:19:INFO: Expiração: 5-(M5)
2020-05-13 16:11:19:INFO: Delay em (segundos): 2
2020-05-13 16:11:19:INFO: % Payout: 0.0
2020-05-13 16:11:19:INFO: Trabalhar em OTC: NÃO
2020-05-13 16:11:19:INFO: ------------ Dados Martingale -------------
2020-05-13 16:11:19:INFO: Max. martingale: 2
2020-05-13 16:11:19:INFO: Fator martingale: 1.8
2020-05-13 16:11:19:INFO: ------------ Dados Gerenciamento -------------
2020-05-13 16:11:19:INFO: Tipo calculo: Valor
2020-05-13 16:11:19:INFO: Take profit em (valor): 16.0
2020-05-13 16:11:19:INFO: Stop loss em (valor): 25.0
2020-05-13 16:11:19:INFO: ------------ Dados Controle -------------
2020-05-13 16:11:19:INFO: Horario servidor: S
2020-05-13 16:11:19:INFO: Verifica ativo fechado: S
2020-05-13 16:11:19:INFO: Verifica tendencia: False
2020-05-13 16:11:19:INFO: Fuso horário: America/Argentina/Buenos_Aires
2020-05-13 16:11:19:INFO: -> Aguardando horário: 13/05/2020 16:11:58 ativo: USDJPY direção: PUT timeframe: 5
2020-05-13 16:11:57:INFO:  | ---> Abrindo entradas: Servidor:  16:11:58 / Agendado: 16:12:00/16:11:58
2020-05-13 16:11:58:INFO:  | ---> Abrindo entradas: Servidor:  16:11:58 / Agendado: 16:12:00/16:11:58
2020-05-13 16:12:03:ERROR: ERRO: Não pode fazer o trade, problema a corretora. 001
2020-05-13 16:12:03:INFO: Finalizando a execução dos trade dessa sessão.
2020-05-13 16:12:17:ERROR: ERRO: Não pode fazer o trade, problema a corretora. 001
2020-05-13 16:12:17:INFO: Finalizando a execução dos trade dessa sessão.
2020-05-13 16:54:45:ERROR: POSSIVEIS PROBLEMAS, COM A INTERNET, VERIFIÇÃO NÃO PODE SER EFETUADA.
2020-05-13 16:54:46:INFO: AVISO ---> LICENÇA NÃO ENCONTRADA OU IVALIDA, ROBÔ SÓ FUNCIONARÁ EM CONTA TREINAMENTO . <---
2020-05-13 16:54:46:INFO: Conectando na IQ-Option...
2020-05-13 16:54:50:INFO: ----------> CONECTADO <----------
2020-05-13 16:54:50:INFO: Versao: 4.0.3
2020-05-13 16:54:50:INFO: Licenciado para o email: agussybanez@gmail.com
2020-05-13 16:54:50:INFO: ************ DADOS DA CONTA NA IQOPTION *************
2020-05-13 16:54:50:INFO: Id-Iq: 65729329
2020-05-13 16:54:50:INFO: Moeda: USD
2020-05-13 16:54:50:INFO: Saldo: 9944.92
2020-05-13 16:54:50:INFO: Tipo conta: Treinamento
2020-05-13 16:54:50:INFO: ------------ Dados Trade -------------
2020-05-13 16:54:50:INFO: Tipo opção: DIGITAIS
2020-05-13 16:54:50:INFO: Tipo calculo: Valor
2020-05-13 16:54:50:INFO: Valor do trade: 1.0
2020-05-13 16:54:50:INFO: Expiração: 5-(M5)
2020-05-13 16:54:50:INFO: Delay em (segundos): 2
2020-05-13 16:54:50:INFO: % Payout: 0.0
2020-05-13 16:54:50:INFO: Trabalhar em OTC: NÃO
2020-05-13 16:54:50:INFO: ------------ Dados Martingale -------------
2020-05-13 16:54:50:INFO: Max. martingale: 2
2020-05-13 16:54:50:INFO: Fator martingale: 1.8
2020-05-13 16:54:50:INFO: ------------ Dados Gerenciamento -------------
2020-05-13 16:54:50:INFO: Tipo calculo: Valor
2020-05-13 16:54:50:INFO: Take profit em (valor): 16.0
2020-05-13 16:54:50:INFO: Stop loss em (valor): 25.0
2020-05-13 16:54:50:INFO: ------------ Dados Controle -------------
2020-05-13 16:54:50:INFO: Horario servidor: S
2020-05-13 16:54:50:INFO: Verifica ativo fechado: S
2020-05-13 16:54:50:INFO: Verifica tendencia: False
2020-05-13 16:54:50:INFO: Fuso horário: America/Argentina/Buenos_Aires
2020-05-13 16:54:51:INFO: -> Aguardando horário: 13/05/2020 16:54:58 ativo: EURUSD direção: PUT timeframe: 5
2020-05-13 16:54:57:INFO:  | ---> Abrindo entradas: Servidor:  16:54:58 / Agendado: 16:55:00/16:54:58
2020-05-13 16:54:58:INFO:  | ---> Nro. ordem: 11750552679 - Valor: 1.0 <====
2020-05-13 16:59:42:INFO: Finalizando a execução dos trade dessa sessão.
2020-05-13 19:56:09:ERROR: POSSIVEIS PROBLEMAS, COM A INTERNET, VERIFIÇÃO NÃO PODE SER EFETUADA.
2020-05-13 19:56:09:INFO: AVISO ---> LICENÇA NÃO ENCONTRADA OU IVALIDA, ROBÔ SÓ FUNCIONARÁ EM CONTA TREINAMENTO . <---
2020-05-13 19:56:09:INFO: Conectando na IQ-Option...
2020-05-13 19:56:12:INFO: ----------> CONECTADO <----------
2020-05-13 19:56:13:INFO: Versao: 4.0.3
2020-05-13 19:56:13:INFO: Licenciado para o email: agussybanez@gmail.com
2020-05-13 19:56:13:INFO: ************ DADOS DA CONTA NA IQOPTION *************
2020-05-13 19:56:13:INFO: Id-Iq: 65729329
2020-05-13 19:56:13:INFO: Moeda: USD
2020-05-13 19:56:13:INFO: Saldo: 9945.79
2020-05-13 19:56:13:INFO: Tipo conta: Treinamento
2020-05-13 19:56:13:INFO: ------------ Dados Trade -------------
2020-05-13 19:56:13:INFO: Tipo opção: DIGITAIS
2020-05-13 19:56:13:INFO: Tipo calculo: Valor
2020-05-13 19:56:13:INFO: Valor do trade: 1.0
2020-05-13 19:56:13:INFO: Expiração: 5-(M5)
2020-05-13 19:56:13:INFO: Delay em (segundos): 2
2020-05-13 19:56:13:INFO: % Payout: 0.0
2020-05-13 19:56:13:INFO: Trabalhar em OTC: NÃO
2020-05-13 19:56:13:INFO: ------------ Dados Martingale -------------
2020-05-13 19:56:13:INFO: Max. martingale: 2
2020-05-13 19:56:13:INFO: Fator martingale: 1.8
2020-05-13 19:56:13:INFO: ------------ Dados Gerenciamento -------------
2020-05-13 19:56:13:INFO: Tipo calculo: Valor
2020-05-13 19:56:13:INFO: Take profit em (valor): 16.0
2020-05-13 19:56:13:INFO: Stop loss em (valor): 25.0
2020-05-13 19:56:13:INFO: ------------ Dados Controle -------------
2020-05-13 19:56:13:INFO: Horario servidor: S
2020-05-13 19:56:13:INFO: Verifica ativo fechado: S
2020-05-13 19:56:13:INFO: Verifica tendencia: False
2020-05-13 19:56:13:INFO: Fuso horário: America/Argentina/Buenos_Aires
2020-05-13 19:56:13:ERROR: Verifique o arquivo [TRADE.TXT] - Pode não conter nenhuma linha no arquivo ou não existe lançamento de horário.
2020-05-13 19:56:13:INFO: Finalizando a execução dos trade dessa sessão.
2020-05-13 20:47:54:ERROR: POSSIVEIS PROBLEMAS, COM A INTERNET, VERIFIÇÃO NÃO PODE SER EFETUADA.
2020-05-13 20:47:55:INFO: AVISO ---> LICENÇA NÃO ENCONTRADA OU IVALIDA, ROBÔ SÓ FUNCIONARÁ EM CONTA TREINAMENTO . <---
2020-05-13 20:47:55:INFO: Conectando na IQ-Option...
2020-05-13 20:47:59:INFO: ----------> CONECTADO <----------
2020-05-13 20:47:59:INFO: Versao: 4.0.3
2020-05-13 20:47:59:INFO: Licenciado para o email: agussybanez@gmail.com
2020-05-13 20:47:59:INFO: ************ DADOS DA CONTA NA IQOPTION *************
2020-05-13 20:47:59:INFO: Id-Iq: 65729329
2020-05-13 20:47:59:INFO: Moeda: USD
2020-05-13 20:47:59:INFO: Saldo: 9945.79
2020-05-13 20:47:59:INFO: Tipo conta: Treinamento
2020-05-13 20:47:59:INFO: ------------ Dados Trade -------------
2020-05-13 20:47:59:INFO: Tipo opção: DIGITAIS
2020-05-13 20:47:59:INFO: Tipo calculo: Valor
2020-05-13 20:47:59:INFO: Valor do trade: 1.0
2020-05-13 20:47:59:INFO: Expiração: 5-(M5)
2020-05-13 20:47:59:INFO: Delay em (segundos): 2
2020-05-13 20:47:59:INFO: % Payout: 0.0
2020-05-13 20:47:59:INFO: Trabalhar em OTC: NÃO
2020-05-13 20:47:59:INFO: ------------ Dados Martingale -------------
2020-05-13 20:47:59:INFO: Max. martingale: 2
2020-05-13 20:47:59:INFO: Fator martingale: 1.8
2020-05-13 20:47:59:INFO: ------------ Dados Gerenciamento -------------
2020-05-13 20:47:59:INFO: Tipo calculo: Valor
2020-05-13 20:47:59:INFO: Take profit em (valor): 16.0
2020-05-13 20:47:59:INFO: Stop loss em (valor): 25.0
2020-05-13 20:47:59:INFO: ------------ Dados Controle -------------
2020-05-13 20:47:59:INFO: Horario servidor: S
2020-05-13 20:47:59:INFO: Verifica ativo fechado: S
2020-05-13 20:47:59:INFO: Verifica tendencia: False
2020-05-13 20:47:59:INFO: Fuso horário: America/Argentina/Buenos_Aires
2020-05-13 20:48:00:INFO: -> Aguardando horário: 13/05/2020 20:49:58 ativo: USDJPY direção: CALL timeframe: 5
2020-05-13 20:49:58:INFO:  | ---> Abrindo entradas: Servidor:  20:49:58 / Agendado: 20:50:00/20:49:58
2020-05-13 20:49:59:INFO:  | ---> Nro. ordem: 11751736293 - Valor: 1.0 <====
2020-05-13 21:39:55:INFO: Finalizando a execução dos trade dessa sessão.
2020-05-13 22:21:52:ERROR: POSSIVEIS PROBLEMAS, COM A INTERNET, VERIFIÇÃO NÃO PODE SER EFETUADA.
2020-05-13 22:21:52:INFO: AVISO ---> LICENÇA NÃO ENCONTRADA OU IVALIDA, ROBÔ SÓ FUNCIONARÁ EM CONTA TREINAMENTO . <---
2020-05-13 22:21:52:INFO: Conectando na IQ-Option...
2020-05-13 22:21:56:INFO: ----------> CONECTADO <----------
2020-05-13 22:21:57:INFO: Versao: 4.0.3
2020-05-13 22:21:57:INFO: Licenciado para o email: agussybanez@gmail.com
2020-05-13 22:21:57:INFO: ************ DADOS DA CONTA NA IQOPTION *************
2020-05-13 22:21:57:INFO: Id-Iq: 65729329
2020-05-13 22:21:57:INFO: Moeda: USD
2020-05-13 22:21:57:INFO: Saldo: 9944.79
2020-05-13 22:21:57:INFO: Tipo conta: Treinamento
2020-05-13 22:21:57:INFO: ------------ Dados Trade -------------
2020-05-13 22:21:57:INFO: Tipo opção: DIGITAIS
2020-05-13 22:21:57:INFO: Tipo calculo: Valor
2020-05-13 22:21:57:INFO: Valor do trade: 1.0
2020-05-13 22:21:57:INFO: Expiração: 5-(M5)
2020-05-13 22:21:57:INFO: Delay em (segundos): 2
2020-05-13 22:21:57:INFO: % Payout: 0.0
2020-05-13 22:21:57:INFO: Trabalhar em OTC: NÃO
2020-05-13 22:21:57:INFO: ------------ Dados Martingale -------------
2020-05-13 22:21:57:INFO: Max. martingale: 2
2020-05-13 22:21:57:INFO: Fator martingale: 1.8
2020-05-13 22:21:57:INFO: ------------ Dados Gerenciamento -------------
2020-05-13 22:21:57:INFO: Tipo calculo: Valor
2020-05-13 22:21:57:INFO: Take profit em (valor): 16.0
2020-05-13 22:21:57:INFO: Stop loss em (valor): 25.0
2020-05-13 22:21:57:INFO: ------------ Dados Controle -------------
2020-05-13 22:21:57:INFO: Horario servidor: S
2020-05-13 22:21:57:INFO: Verifica ativo fechado: S
2020-05-13 22:21:57:INFO: Verifica tendencia: False
2020-05-13 22:21:57:INFO: Fuso horário: America/Argentina/Buenos_Aires
2020-05-13 22:21:57:ERROR: Verifique o arquivo [TRADE.TXT] - Pode não conter nenhuma linha no arquivo ou não existe lançamento de horário.
2020-05-13 22:21:57:INFO: Finalizando a execução dos trade dessa sessão.
2020-05-13 22:41:55:ERROR: POSSIVEIS PROBLEMAS, COM A INTERNET, VERIFIÇÃO NÃO PODE SER EFETUADA.
2020-05-13 22:41:55:INFO: AVISO ---> LICENÇA NÃO ENCONTRADA OU IVALIDA, ROBÔ SÓ FUNCIONARÁ EM CONTA TREINAMENTO . <---
2020-05-13 22:41:55:INFO: Conectando na IQ-Option...
2020-05-13 22:41:58:INFO: ----------> CONECTADO <----------
2020-05-13 22:41:59:INFO: Versao: 4.0.3
2020-05-13 22:41:59:INFO: Licenciado para o email: agussybanez@gmail.com
2020-05-13 22:41:59:INFO: ************ DADOS DA CONTA NA IQOPTION *************
2020-05-13 22:41:59:INFO: Id-Iq: 65729329
2020-05-13 22:41:59:INFO: Moeda: USD
2020-05-13 22:41:59:INFO: Saldo: 9944.79
2020-05-13 22:41:59:INFO: Tipo conta: Treinamento
2020-05-13 22:41:59:INFO: ------------ Dados Trade -------------
2020-05-13 22:41:59:INFO: Tipo opção: DIGITAIS
2020-05-13 22:41:59:INFO: Tipo calculo: Valor
2020-05-13 22:41:59:INFO: Valor do trade: 1.0
2020-05-13 22:41:59:INFO: Expiração: 5-(M5)
2020-05-13 22:41:59:INFO: Delay em (segundos): 2
2020-05-13 22:41:59:INFO: % Payout: 0.0
2020-05-13 22:41:59:INFO: Trabalhar em OTC: NÃO
2020-05-13 22:41:59:INFO: ------------ Dados Martingale -------------
2020-05-13 22:41:59:INFO: Max. martingale: 2
2020-05-13 22:41:59:INFO: Fator martingale: 1.8
2020-05-13 22:41:59:INFO: ------------ Dados Gerenciamento -------------
2020-05-13 22:41:59:INFO: Tipo calculo: Valor
2020-05-13 22:41:59:INFO: Take profit em (valor): 16.0
2020-05-13 22:41:59:INFO: Stop loss em (valor): 25.0
2020-05-13 22:41:59:INFO: ------------ Dados Controle -------------
2020-05-13 22:41:59:INFO: Horario servidor: S
2020-05-13 22:41:59:INFO: Verifica ativo fechado: S
2020-05-13 22:41:59:INFO: Verifica tendencia: False
2020-05-13 22:41:59:INFO: Fuso horário: America/Argentina/Buenos_Aires
2020-05-13 22:42:37:INFO: -> Aguardando horário: 13/05/2020 22:42:58 ativo: EURUSD direção: PUT timeframe: 5
2020-05-13 22:42:58:INFO:  | ---> Abrindo entradas: Servidor:  22:42:58 / Agendado: 22:43:00/22:42:58
2020-05-13 22:43:00:INFO:  | ---> Nro. ordem: 11752441571 - Valor: 1.0 <====
2020-05-13 22:43:13:INFO: Finalizando a execução dos trade dessa sessão.
2020-05-13 23:05:03:ERROR: POSSIVEIS PROBLEMAS, COM A INTERNET, VERIFIÇÃO NÃO PODE SER EFETUADA.
2020-05-13 23:05:03:INFO: AVISO ---> LICENÇA NÃO ENCONTRADA OU IVALIDA, ROBÔ SÓ FUNCIONARÁ EM CONTA TREINAMENTO . <---
2020-05-13 23:05:03:INFO: Conectando na IQ-Option...
2020-05-13 23:05:06:INFO: ----------> CONECTADO <----------
2020-05-13 23:05:06:INFO: Versao: 4.0.3
2020-05-13 23:05:06:INFO: Licenciado para o email: agussybanez@gmail.com
2020-05-13 23:05:06:INFO: ************ DADOS DA CONTA NA IQOPTION *************
2020-05-13 23:05:06:INFO: Id-Iq: 65729329
2020-05-13 23:05:06:INFO: Moeda: USD
2020-05-13 23:05:06:INFO: Saldo: 9945.69
2020-05-13 23:05:06:INFO: Tipo conta: Treinamento
2020-05-13 23:05:06:INFO: ------------ Dados Trade -------------
2020-05-13 23:05:06:INFO: Tipo opção: DIGITAIS
2020-05-13 23:05:06:INFO: Tipo calculo: Valor
2020-05-13 23:05:06:INFO: Valor do trade: 1.0
2020-05-13 23:05:06:INFO: Expiração: 5-(M5)
2020-05-13 23:05:06:INFO: Delay em (segundos): 2
2020-05-13 23:05:06:INFO: % Payout: 0.0
2020-05-13 23:05:06:INFO: Trabalhar em OTC: NÃO
2020-05-13 23:05:06:INFO: ------------ Dados Martingale -------------
2020-05-13 23:05:06:INFO: Max. martingale: 2
2020-05-13 23:05:06:INFO: Fator martingale: 1.8
2020-05-13 23:05:06:INFO: ------------ Dados Gerenciamento -------------
2020-05-13 23:05:06:INFO: Tipo calculo: Valor
2020-05-13 23:05:06:INFO: Take profit em (valor): 16.0
2020-05-13 23:05:06:INFO: Stop loss em (valor): 25.0
2020-05-13 23:05:06:INFO: ------------ Dados Controle -------------
2020-05-13 23:05:06:INFO: Horario servidor: S
2020-05-13 23:05:06:INFO: Verifica ativo fechado: S
2020-05-13 23:05:06:INFO: Verifica tendencia: False
2020-05-13 23:05:06:INFO: Fuso horário: America/Argentina/Buenos_Aires
2020-05-13 23:05:07:INFO: -> Aguardando horário: 13/05/2020 23:05:58 ativo: EURUSD direção: PUT timeframe: 5
2020-05-13 23:05:58:INFO:  | ---> Abrindo entradas: Servidor:  23:05:59 / Agendado: 23:06:00/23:05:58
2020-05-13 23:06:00:INFO:  | ---> Nro. ordem: 11752589059 - Valor: 1.0 <====
2020-05-13 23:10:05:INFO:    | ---> Ordem: 11752589059 | WIN | Valor: 1.0 | Ganho: 0.9 | Perda: 0
2020-05-13 23:10:05:INFO:    | ---> Saldo: 0.9 | TakeProfit: 16.0 | StopLoss: 25.0
2020-05-13 23:10:05:INFO: Finalizando a execução dos trade dessa sessão.
2020-05-13 23:10:51:ERROR: POSSIVEIS PROBLEMAS, COM A INTERNET, VERIFIÇÃO NÃO PODE SER EFETUADA.
2020-05-13 23:10:51:INFO: AVISO ---> LICENÇA NÃO ENCONTRADA OU IVALIDA, ROBÔ SÓ FUNCIONARÁ EM CONTA TREINAMENTO . <---
2020-05-13 23:10:51:INFO: Conectando na IQ-Option...
2020-05-13 23:10:55:INFO: ----------> CONECTADO <----------
2020-05-13 23:10:55:INFO: Versao: 4.0.3
2020-05-13 23:10:55:INFO: Licenciado para o email: agussybanez@gmail.com
2020-05-13 23:10:55:INFO: ************ DADOS DA CONTA NA IQOPTION *************
2020-05-13 23:10:55:INFO: Id-Iq: 65729329
2020-05-13 23:10:55:INFO: Moeda: USD
2020-05-13 23:10:55:INFO: Saldo: 9946.6
2020-05-13 23:10:55:INFO: Tipo conta: Treinamento
2020-05-13 23:10:55:INFO: ------------ Dados Trade -------------
2020-05-13 23:10:55:INFO: Tipo opção: DIGITAIS
2020-05-13 23:10:55:INFO: Tipo calculo: Valor
2020-05-13 23:10:55:INFO: Valor do trade: 1.0
2020-05-13 23:10:55:INFO: Expiração: 5-(M5)
2020-05-13 23:10:55:INFO: Delay em (segundos): 2
2020-05-13 23:10:55:INFO: % Payout: 0.0
2020-05-13 23:10:55:INFO: Trabalhar em OTC: NÃO
2020-05-13 23:10:55:INFO: ------------ Dados Martingale -------------
2020-05-13 23:10:55:INFO: Max. martingale: 2
2020-05-13 23:10:55:INFO: Fator martingale: 1.8
2020-05-13 23:10:55:INFO: ------------ Dados Gerenciamento -------------
2020-05-13 23:10:55:INFO: Tipo calculo: Valor
2020-05-13 23:10:55:INFO: Take profit em (valor): 16.0
2020-05-13 23:10:55:INFO: Stop loss em (valor): 25.0
2020-05-13 23:10:55:INFO: ------------ Dados Controle -------------
2020-05-13 23:10:55:INFO: Horario servidor: S
2020-05-13 23:10:55:INFO: Verifica ativo fechado: S
2020-05-13 23:10:55:INFO: Verifica tendencia: False
2020-05-13 23:10:55:INFO: Fuso horário: America/Argentina/Buenos_Aires
2020-05-13 23:11:46:ERROR: Verifique o arquivo [TRADE.TXT] - Pode não conter nenhuma linha no arquivo ou não existe lançamento de horário.
2020-05-13 23:11:46:INFO: Finalizando a execução dos trade dessa sessão.
2020-05-13 23:12:28:ERROR: POSSIVEIS PROBLEMAS, COM A INTERNET, VERIFIÇÃO NÃO PODE SER EFETUADA.
2020-05-13 23:12:28:INFO: AVISO ---> LICENÇA NÃO ENCONTRADA OU IVALIDA, ROBÔ SÓ FUNCIONARÁ EM CONTA TREINAMENTO . <---
2020-05-13 23:12:28:INFO: Conectando na IQ-Option...
2020-05-13 23:12:31:INFO: ----------> CONECTADO <----------
2020-05-13 23:12:32:INFO: Versao: 4.0.3
2020-05-13 23:12:32:INFO: Licenciado para o email: agussybanez@gmail.com
2020-05-13 23:12:32:INFO: ************ DADOS DA CONTA NA IQOPTION *************
2020-05-13 23:12:32:INFO: Id-Iq: 65729329
2020-05-13 23:12:32:INFO: Moeda: USD
2020-05-13 23:12:32:INFO: Saldo: 9946.6
2020-05-13 23:12:32:INFO: Tipo conta: Treinamento
2020-05-13 23:12:32:INFO: ------------ Dados Trade -------------
2020-05-13 23:12:32:INFO: Tipo opção: DIGITAIS
2020-05-13 23:12:32:INFO: Tipo calculo: Valor
2020-05-13 23:12:32:INFO: Valor do trade: 1.0
2020-05-13 23:12:32:INFO: Expiração: 1-(M1)
2020-05-13 23:12:32:INFO: Delay em (segundos): 2
2020-05-13 23:12:32:INFO: % Payout: 0.0
2020-05-13 23:12:32:INFO: Trabalhar em OTC: NÃO
2020-05-13 23:12:32:INFO: ------------ Dados Martingale -------------
2020-05-13 23:12:32:INFO: Max. martingale: 2
2020-05-13 23:12:32:INFO: Fator martingale: 1.8
2020-05-13 23:12:32:INFO: ------------ Dados Gerenciamento -------------
2020-05-13 23:12:32:INFO: Tipo calculo: Valor
2020-05-13 23:12:32:INFO: Take profit em (valor): 16.0
2020-05-13 23:12:32:INFO: Stop loss em (valor): 25.0
2020-05-13 23:12:32:INFO: ------------ Dados Controle -------------
2020-05-13 23:12:32:INFO: Horario servidor: S
2020-05-13 23:12:32:INFO: Verifica ativo fechado: S
2020-05-13 23:12:32:INFO: Verifica tendencia: False
2020-05-13 23:12:32:INFO: Fuso horário: America/Argentina/Buenos_Aires
2020-05-13 23:13:02:ERROR: Verifique o arquivo [TRADE.TXT] - Pode não conter nenhuma linha no arquivo ou não existe lançamento de horário.
2020-05-13 23:13:02:INFO: Finalizando a execução dos trade dessa sessão.
2020-05-13 23:13:36:ERROR: POSSIVEIS PROBLEMAS, COM A INTERNET, VERIFIÇÃO NÃO PODE SER EFETUADA.
2020-05-13 23:13:36:INFO: AVISO ---> LICENÇA NÃO ENCONTRADA OU IVALIDA, ROBÔ SÓ FUNCIONARÁ EM CONTA TREINAMENTO . <---
2020-05-13 23:13:36:INFO: Conectando na IQ-Option...
2020-05-13 23:13:40:INFO: ----------> CONECTADO <----------
2020-05-13 23:13:40:INFO: Versao: 4.0.3
2020-05-13 23:13:40:INFO: Licenciado para o email: agussybanez@gmail.com
2020-05-13 23:13:40:INFO: ************ DADOS DA CONTA NA IQOPTION *************
2020-05-13 23:13:40:INFO: Id-Iq: 65729329
2020-05-13 23:13:40:INFO: Moeda: USD
2020-05-13 23:13:40:INFO: Saldo: 9946.6
2020-05-13 23:13:40:INFO: Tipo conta: Treinamento
2020-05-13 23:13:40:INFO: ------------ Dados Trade -------------
2020-05-13 23:13:40:INFO: Tipo opção: DIGITAIS
2020-05-13 23:13:40:INFO: Tipo calculo: Valor
2020-05-13 23:13:40:INFO: Valor do trade: 1.0
2020-05-13 23:13:40:INFO: Expiração: 1-(M1)
2020-05-13 23:13:40:INFO: Delay em (segundos): 2
2020-05-13 23:13:40:INFO: % Payout: 0.0
2020-05-13 23:13:40:INFO: Trabalhar em OTC: NÃO
2020-05-13 23:13:40:INFO: ------------ Dados Martingale -------------
2020-05-13 23:13:40:INFO: Max. martingale: 2
2020-05-13 23:13:40:INFO: Fator martingale: 1.8
2020-05-13 23:13:40:INFO: ------------ Dados Gerenciamento -------------
2020-05-13 23:13:40:INFO: Tipo calculo: Valor
2020-05-13 23:13:40:INFO: Take profit em (valor): 16.0
2020-05-13 23:13:40:INFO: Stop loss em (valor): 25.0
2020-05-13 23:13:40:INFO: ------------ Dados Controle -------------
2020-05-13 23:13:40:INFO: Horario servidor: S
2020-05-13 23:13:40:INFO: Verifica ativo fechado: S
2020-05-13 23:13:40:INFO: Verifica tendencia: False
2020-05-13 23:13:40:INFO: Fuso horário: America/Argentina/Buenos_Aires
2020-05-13 23:14:36:INFO: -> Aguardando horário: 13/05/2020 23:14:58 ativo: AUDJPY direção: CALL timeframe: 1
2020-05-13 23:14:57:INFO:  | ---> Abrindo entradas: Servidor:  23:14:58 / Agendado: 23:15:00/23:14:58
2020-05-13 23:14:59:INFO:  | ---> Nro. ordem: 11752644687 - Valor: 1.0 <====
2020-05-13 23:16:03:INFO:    | ---> Ordem: 11752644687 | WIN | Valor: 1.0 | Ganho: 0.82 | Perda: 0
2020-05-13 23:16:03:INFO:    | ---> Saldo: 0.82 | TakeProfit: 16.0 | StopLoss: 25.0
2020-05-13 23:16:04:INFO: -> Aguardando horário: 13/05/2020 23:16:58 ativo: USDJPY direção: PUT timeframe: 1
2020-05-13 23:16:58:INFO:  | ---> Abrindo entradas: Servidor:  23:16:59 / Agendado: 23:17:00/23:16:58
2020-05-13 23:17:00:INFO:  | ---> Nro. ordem: 11752657110 - Valor: 1.0 <====
2020-05-13 23:18:04:INFO:    | ---> Ordem: 11752657110 | LOSS | Valor: 1.0 | Ganho: 0 | Perda: -1.0
2020-05-13 23:18:04:INFO:    | ---> Saldo: -0.18 | TakeProfit: 16.0 | StopLoss: 25.0
2020-05-13 23:18:06:INFO:  | ---> Nro. ordem: 11752664164 - Valor: 1.8 <====
2020-05-13 23:19:03:INFO:    | ---> Ordem: 11752664164 | LOSS | Valor: 1.8 | Ganho: 0 | Perda: -1.8
2020-05-13 23:19:03:INFO:    | ---> Saldo: -1.98 | TakeProfit: 16.0 | StopLoss: 25.0
2020-05-13 23:19:05:INFO:  | ---> Nro. ordem: 11752669541 - Valor: 3.24 <====
2020-05-13 23:20:08:INFO:    | ---> Ordem: 11752669541 | WIN | Valor: 3.24 | Ganho: 2.93 | Perda: 0
2020-05-13 23:20:08:INFO:    | ---> Saldo: 0.95 | TakeProfit: 16.0 | StopLoss: 25.0
2020-05-13 23:20:09:INFO: -> Aguardando horário: 13/05/2020 23:20:58 ativo: GBPJPY direção: PUT timeframe: 1
2020-05-13 23:20:58:INFO:  | ---> Abrindo entradas: Servidor:  23:20:58 / Agendado: 23:21:00/23:20:58
2020-05-13 23:21:00:INFO:  | ---> Nro. ordem: 11752683758 - Valor: 1.0 <====
2020-05-13 23:22:03:INFO:    | ---> Ordem: 11752683758 | LOSS | Valor: 1.0 | Ganho: 0 | Perda: -1.0
2020-05-13 23:22:03:INFO:    | ---> Saldo: -0.05 | TakeProfit: 16.0 | StopLoss: 25.0
2020-05-13 23:22:05:INFO:  | ---> Nro. ordem: 11752691178 - Valor: 1.8 <====
2020-05-13 23:23:04:INFO:    | ---> Ordem: 11752691178 | LOSS | Valor: 1.8 | Ganho: 0 | Perda: -1.8
2020-05-13 23:23:04:INFO:    | ---> Saldo: -1.85 | TakeProfit: 16.0 | StopLoss: 25.0
2020-05-13 23:23:06:INFO:  | ---> Nro. ordem: 11752697349 - Valor: 3.24 <====
2020-05-13 23:24:04:INFO:    | ---> Ordem: 11752697349 | WIN | Valor: 3.24 | Ganho: 2.93 | Perda: 0
2020-05-13 23:24:04:INFO:    | ---> Saldo: 1.08 | TakeProfit: 16.0 | StopLoss: 25.0
2020-05-13 23:24:05:INFO: -> Aguardando horário: 13/05/2020 23:26:58 ativo: USDJPY direção: PUT timeframe: 1
2020-05-13 23:26:57:INFO:  | ---> Abrindo entradas: Servidor:  23:26:58 / Agendado: 23:27:00/23:26:58
2020-05-13 23:26:59:INFO:  | ---> Nro. ordem: 11752723151 - Valor: 1.0 <====
2020-05-13 23:28:04:INFO:    | ---> Ordem: 11752723151 | WIN | Valor: 1.0 | Ganho: 0.9 | Perda: 0
2020-05-13 23:28:04:INFO:    | ---> Saldo: 1.99 | TakeProfit: 16.0 | StopLoss: 25.0
2020-05-13 23:28:05:INFO: -> Aguardando horário: 13/05/2020 23:28:58 ativo: AUDUSD direção: PUT timeframe: 1
2020-05-13 23:28:23:ERROR: ERROR: Ativo pode estar FECHADO ou EXPIRAÇÃO na encontrada, verifique. dia: 13 horário: 23:28:58 ativo: AUDUSD direção: PUT
2020-05-13 23:28:23:ERROR: None
2020-05-13 23:28:24:INFO: -> Aguardando horário: 13/05/2020 23:28:58 ativo: EURJPY direção: PUT timeframe: 1
2020-05-13 23:28:57:INFO:  | ---> Abrindo entradas: Servidor:  23:28:58 / Agendado: 23:29:00/23:28:58
2020-05-13 23:28:59:INFO:  | ---> Nro. ordem: 11752734390 - Valor: 1.0 <====
2020-05-13 23:30:03:INFO:    | ---> Ordem: 11752734390 | WIN | Valor: 1.0 | Ganho: 0.9 | Perda: 0
2020-05-13 23:30:03:INFO:    | ---> Saldo: 2.89 | TakeProfit: 16.0 | StopLoss: 25.0
2020-05-13 23:30:03:INFO: Finalizando a execução dos trade dessa sessão.
2020-05-13 23:30:34:ERROR: POSSIVEIS PROBLEMAS, COM A INTERNET, VERIFIÇÃO NÃO PODE SER EFETUADA.
2020-05-13 23:30:34:INFO: AVISO ---> LICENÇA NÃO ENCONTRADA OU IVALIDA, ROBÔ SÓ FUNCIONARÁ EM CONTA TREINAMENTO . <---
2020-05-13 23:30:34:INFO: Conectando na IQ-Option...
2020-05-13 23:30:37:INFO: ----------> CONECTADO <----------
2020-05-13 23:30:38:INFO: Versao: 4.0.3
2020-05-13 23:30:38:INFO: Licenciado para o email: agussybanez@gmail.com
2020-05-13 23:30:38:INFO: ************ DADOS DA CONTA NA IQOPTION *************
2020-05-13 23:30:38:INFO: Id-Iq: 65729329
2020-05-13 23:30:38:INFO: Moeda: USD
2020-05-13 23:30:38:INFO: Saldo: 9949.49
2020-05-13 23:30:38:INFO: Tipo conta: Treinamento
2020-05-13 23:30:38:INFO: ------------ Dados Trade -------------
2020-05-13 23:30:38:INFO: Tipo opção: DIGITAIS
2020-05-13 23:30:38:INFO: Tipo calculo: Valor
2020-05-13 23:30:38:INFO: Valor do trade: 1.0
2020-05-13 23:30:38:INFO: Expiração: 1-(M1)
2020-05-13 23:30:38:INFO: Delay em (segundos): 2
2020-05-13 23:30:38:INFO: % Payout: 0.0
2020-05-13 23:30:38:INFO: Trabalhar em OTC: NÃO
2020-05-13 23:30:38:INFO: ------------ Dados Martingale -------------
2020-05-13 23:30:38:INFO: Max. martingale: 2
2020-05-13 23:30:38:INFO: Fator martingale: 1.8
2020-05-13 23:30:38:INFO: ------------ Dados Gerenciamento -------------
2020-05-13 23:30:38:INFO: Tipo calculo: Valor
2020-05-13 23:30:38:INFO: Take profit em (valor): 16.0
2020-05-13 23:30:38:INFO: Stop loss em (valor): 25.0
2020-05-13 23:30:38:INFO: ------------ Dados Controle -------------
2020-05-13 23:30:38:INFO: Horario servidor: S
2020-05-13 23:30:38:INFO: Verifica ativo fechado: S
2020-05-13 23:30:38:INFO: Verifica tendencia: False
2020-05-13 23:30:38:INFO: Fuso horário: America/Argentina/Buenos_Aires
2020-05-13 23:30:39:ERROR: Verifique o arquivo [TRADE.TXT] - Pode não conter nenhuma linha no arquivo ou não existe lançamento de horário.
2020-05-13 23:30:39:INFO: Finalizando a execução dos trade dessa sessão.
2020-05-13 23:33:11:ERROR: POSSIVEIS PROBLEMAS, COM A INTERNET, VERIFIÇÃO NÃO PODE SER EFETUADA.
2020-05-13 23:33:11:INFO: AVISO ---> LICENÇA NÃO ENCONTRADA OU IVALIDA, ROBÔ SÓ FUNCIONARÁ EM CONTA TREINAMENTO . <---
2020-05-13 23:33:11:INFO: Conectando na IQ-Option...
2020-05-13 23:33:14:INFO: ----------> CONECTADO <----------
2020-05-13 23:33:14:INFO: Versao: 4.0.3
2020-05-13 23:33:14:INFO: Licenciado para o email: agussybanez@gmail.com
2020-05-13 23:33:14:INFO: ************ DADOS DA CONTA NA IQOPTION *************
2020-05-13 23:33:14:INFO: Id-Iq: 65729329
2020-05-13 23:33:14:INFO: Moeda: USD
2020-05-13 23:33:14:INFO: Saldo: 9949.49
2020-05-13 23:33:14:INFO: Tipo conta: Treinamento
2020-05-13 23:33:14:INFO: ------------ Dados Trade -------------
2020-05-13 23:33:14:INFO: Tipo opção: DIGITAIS
2020-05-13 23:33:14:INFO: Tipo calculo: Valor
2020-05-13 23:33:14:INFO: Valor do trade: 1.0
2020-05-13 23:33:14:INFO: Expiração: 1-(M1)
2020-05-13 23:33:14:INFO: Delay em (segundos): 2
2020-05-13 23:33:14:INFO: % Payout: 0.0
2020-05-13 23:33:14:INFO: Trabalhar em OTC: NÃO
2020-05-13 23:33:14:INFO: ------------ Dados Martingale -------------
2020-05-13 23:33:14:INFO: Max. martingale: 2
2020-05-13 23:33:14:INFO: Fator martingale: 1.8
2020-05-13 23:33:14:INFO: ------------ Dados Gerenciamento -------------
2020-05-13 23:33:14:INFO: Tipo calculo: Valor
2020-05-13 23:33:14:INFO: Take profit em (valor): 16.0
2020-05-13 23:33:14:INFO: Stop loss em (valor): 25.0
2020-05-13 23:33:14:INFO: ------------ Dados Controle -------------
2020-05-13 23:33:14:INFO: Horario servidor: S
2020-05-13 23:33:14:INFO: Verifica ativo fechado: S
2020-05-13 23:33:14:INFO: Verifica tendencia: False
2020-05-13 23:33:14:INFO: Fuso horário: America/Argentina/Buenos_Aires
2020-05-13 23:33:15:INFO: -> Aguardando horário: 13/05/2020 23:33:58 ativo: EURUSD direção: PUT timeframe: 1
2020-05-13 23:33:58:INFO:  | ---> Abrindo entradas: Servidor:  23:33:58 / Agendado: 23:34:00/23:33:58
2020-05-13 23:34:00:INFO:  | ---> Nro. ordem: 11752766557 - Valor: 1.0 <====
2020-05-13 23:35:08:INFO:    | ---> Ordem: 11752766557 | LOSS | Valor: 1.0 | Ganho: 0 | Perda: -1.0
2020-05-13 23:35:08:INFO:    | ---> Saldo: -1.0 | TakeProfit: 16.0 | StopLoss: 25.0
2020-05-13 23:35:10:INFO:  | ---> Nro. ordem: 11752773824 - Valor: 1.8 <====
2020-05-13 23:36:03:INFO:    | ---> Ordem: 11752773824 | WIN | Valor: 1.8 | Ganho: 1.63 | Perda: 0
2020-05-13 23:36:03:INFO:    | ---> Saldo: 0.63 | TakeProfit: 16.0 | StopLoss: 25.0
2020-05-13 23:36:04:INFO: Finalizando a execução dos trade dessa sessão.
2020-05-13 23:36:32:ERROR: POSSIVEIS PROBLEMAS, COM A INTERNET, VERIFIÇÃO NÃO PODE SER EFETUADA.
2020-05-13 23:36:32:INFO: AVISO ---> LICENÇA NÃO ENCONTRADA OU IVALIDA, ROBÔ SÓ FUNCIONARÁ EM CONTA TREINAMENTO . <---
2020-05-13 23:36:32:INFO: Conectando na IQ-Option...
2020-05-13 23:36:36:INFO: ----------> CONECTADO <----------
2020-05-13 23:36:36:INFO: Versao: 4.0.3
2020-05-13 23:36:36:INFO: Licenciado para o email: agussybanez@gmail.com
2020-05-13 23:36:36:INFO: ************ DADOS DA CONTA NA IQOPTION *************
2020-05-13 23:36:36:INFO: Id-Iq: 65729329
2020-05-13 23:36:36:INFO: Moeda: USD
2020-05-13 23:36:36:INFO: Saldo: 9950.12
2020-05-13 23:36:36:INFO: Tipo conta: Treinamento
2020-05-13 23:36:36:INFO: ------------ Dados Trade -------------
2020-05-13 23:36:36:INFO: Tipo opção: DIGITAIS
2020-05-13 23:36:36:INFO: Tipo calculo: Valor
2020-05-13 23:36:36:INFO: Valor do trade: 1.0
2020-05-13 23:36:36:INFO: Expiração: 1-(M1)
2020-05-13 23:36:36:INFO: Delay em (segundos): 2
2020-05-13 23:36:36:INFO: % Payout: 0.0
2020-05-13 23:36:36:INFO: Trabalhar em OTC: NÃO
2020-05-13 23:36:36:INFO: ------------ Dados Martingale -------------
2020-05-13 23:36:36:INFO: Max. martingale: 2
2020-05-13 23:36:36:INFO: Fator martingale: 1.8
2020-05-13 23:36:36:INFO: ------------ Dados Gerenciamento -------------
2020-05-13 23:36:36:INFO: Tipo calculo: Valor
2020-05-13 23:36:36:INFO: Take profit em (valor): 16.0
2020-05-13 23:36:36:INFO: Stop loss em (valor): 25.0
2020-05-13 23:36:36:INFO: ------------ Dados Controle -------------
2020-05-13 23:36:36:INFO: Horario servidor: S
2020-05-13 23:36:36:INFO: Verifica ativo fechado: S
2020-05-13 23:36:36:INFO: Verifica tendencia: False
2020-05-13 23:36:36:INFO: Fuso horário: America/Argentina/Buenos_Aires
2020-05-13 23:36:37:INFO: -> Aguardando horário: 13/05/2020 23:39:58 ativo: USDJPY direção: PUT timeframe: 1
2020-05-13 23:39:58:INFO:  | ---> Abrindo entradas: Servidor:  23:39:58 / Agendado: 23:40:00/23:39:58
2020-05-13 23:40:00:INFO:  | ---> Nro. ordem: 11752802598 - Valor: 1.0 <====
2020-05-13 23:41:03:INFO:    | ---> Ordem: 11752802598 | LOSS | Valor: 1.0 | Ganho: 0 | Perda: -1.0
2020-05-13 23:41:03:INFO:    | ---> Saldo: -1.0 | TakeProfit: 16.0 | StopLoss: 25.0
2020-05-13 23:41:05:INFO:  | ---> Nro. ordem: 11752810436 - Valor: 1.8 <====
2020-05-13 23:42:02:INFO:    | ---> Ordem: 11752810436 | WIN | Valor: 1.8 | Ganho: 1.63 | Perda: 0
2020-05-13 23:42:02:INFO:    | ---> Saldo: 0.63 | TakeProfit: 16.0 | StopLoss: 25.0
2020-05-13 23:42:03:INFO: Finalizando a execução dos trade dessa sessão.
2020-05-13 23:42:36:ERROR: POSSIVEIS PROBLEMAS, COM A INTERNET, VERIFIÇÃO NÃO PODE SER EFETUADA.
2020-05-13 23:42:36:INFO: AVISO ---> LICENÇA NÃO ENCONTRADA OU IVALIDA, ROBÔ SÓ FUNCIONARÁ EM CONTA TREINAMENTO . <---
2020-05-13 23:42:36:INFO: Conectando na IQ-Option...
2020-05-13 23:42:39:INFO: ----------> CONECTADO <----------
2020-05-13 23:42:40:INFO: Versao: 4.0.3
2020-05-13 23:42:40:INFO: Licenciado para o email: agussybanez@gmail.com
2020-05-13 23:42:40:INFO: ************ DADOS DA CONTA NA IQOPTION *************
2020-05-13 23:42:40:INFO: Id-Iq: 65729329
2020-05-13 23:42:40:INFO: Moeda: USD
2020-05-13 23:42:40:INFO: Saldo: 9950.75
2020-05-13 23:42:40:INFO: Tipo conta: Treinamento
2020-05-13 23:42:40:INFO: ------------ Dados Trade -------------
2020-05-13 23:42:40:INFO: Tipo opção: DIGITAIS
2020-05-13 23:42:40:INFO: Tipo calculo: Valor
2020-05-13 23:42:40:INFO: Valor do trade: 1.0
2020-05-13 23:42:40:INFO: Expiração: 1-(M1)
2020-05-13 23:42:40:INFO: Delay em (segundos): 2
2020-05-13 23:42:40:INFO: % Payout: 0.0
2020-05-13 23:42:40:INFO: Trabalhar em OTC: NÃO
2020-05-13 23:42:40:INFO: ------------ Dados Martingale -------------
2020-05-13 23:42:40:INFO: Max. martingale: 2
2020-05-13 23:42:40:INFO: Fator martingale: 1.8
2020-05-13 23:42:40:INFO: ------------ Dados Gerenciamento -------------
2020-05-13 23:42:40:INFO: Tipo calculo: Valor
2020-05-13 23:42:40:INFO: Take profit em (valor): 16.0
2020-05-13 23:42:40:INFO: Stop loss em (valor): 25.0
2020-05-13 23:42:40:INFO: ------------ Dados Controle -------------
2020-05-13 23:42:40:INFO: Horario servidor: S
2020-05-13 23:42:40:INFO: Verifica ativo fechado: S
2020-05-13 23:42:40:INFO: Verifica tendencia: False
2020-05-13 23:42:40:INFO: Fuso horário: America/Argentina/Buenos_Aires
2020-05-13 23:42:41:ERROR: Verifique o arquivo [TRADE.TXT] - Pode não conter nenhuma linha no arquivo ou não existe lançamento de horário.
2020-05-13 23:42:41:INFO: Finalizando a execução dos trade dessa sessão.
