2020-04-28 06:02:15:ERROR: POSSIVEIS PROBLEMAS, COM A INTERNET, VERIFIÇÃO NÃO PODE SER EFETUADA.
2020-04-28 06:02:15:INFO: AVISO ---> LICENÇA NÃO ENCONTRADA OU IVALIDA, ROBÔ SÓ FUNCIONARÁ EM CONTA TREINAMENTO . <---
2020-04-28 06:02:15:INFO: Conectando na IQ-Option...
2020-04-28 06:02:20:INFO: ----------> CONECTADO <----------
2020-04-28 06:02:20:INFO: Versao: 4.0.3
2020-04-28 06:02:20:INFO: Licenciado para o email: agussybanez@gmail.com
2020-04-28 06:02:20:INFO: ************ DADOS DA CONTA NA IQOPTION *************
2020-04-28 06:02:20:INFO: Id-Iq: 65729329
2020-04-28 06:02:20:INFO: Moeda: USD
2020-04-28 06:02:20:INFO: Saldo: 9997.2
2020-04-28 06:02:20:INFO: Tipo conta: Treinamento
2020-04-28 06:02:20:INFO: ------------ Dados Trade -------------
2020-04-28 06:02:20:INFO: Tipo opção: DIGITAIS
2020-04-28 06:02:20:INFO: Tipo calculo: Valor
2020-04-28 06:02:20:INFO: Valor do trade: 1.0
2020-04-28 06:02:20:INFO: Expiração: 1-(M1)
2020-04-28 06:02:20:INFO: Delay em (segundos): 1
2020-04-28 06:02:20:INFO: % Payout: 0.0
2020-04-28 06:02:20:INFO: Trabalhar em OTC: SIM
2020-04-28 06:02:20:INFO: ------------ Dados Martingale -------------
2020-04-28 06:02:20:INFO: Max. martingale: 1
2020-04-28 06:02:20:INFO: Fator martingale: 1.8
2020-04-28 06:02:20:INFO: ------------ Dados Gerenciamento -------------
2020-04-28 06:02:20:INFO: Tipo calculo: Valor
2020-04-28 06:02:20:INFO: Take profit em (valor): 10.0
2020-04-28 06:02:20:INFO: Stop loss em (valor): 25.0
2020-04-28 06:02:20:INFO: ------------ Dados Controle -------------
2020-04-28 06:02:20:INFO: Horario servidor: S
2020-04-28 06:02:20:INFO: Verifica ativo fechado: S
2020-04-28 06:02:20:INFO: Verifica tendencia: False
2020-04-28 06:02:20:INFO: Fuso horário: America/Argentina/Buenos_Aires
2020-04-28 06:02:21:ERROR: Verifique o arquivo [TRADE.TXT] - Pode não conter nenhuma linha no arquivo ou não existe lançamento de horário.
2020-04-28 06:02:21:INFO: Finalizando a execução dos trade dessa sessão.
2020-04-28 06:10:53:ERROR: POSSIVEIS PROBLEMAS, COM A INTERNET, VERIFIÇÃO NÃO PODE SER EFETUADA.
2020-04-28 06:10:53:INFO: AVISO ---> LICENÇA NÃO ENCONTRADA OU IVALIDA, ROBÔ SÓ FUNCIONARÁ EM CONTA TREINAMENTO . <---
2020-04-28 06:10:53:INFO: Conectando na IQ-Option...
2020-04-28 06:10:57:INFO: ----------> CONECTADO <----------
2020-04-28 06:10:57:INFO: Versao: 4.0.3
2020-04-28 06:10:57:INFO: Licenciado para o email: agussybanez@gmail.com
2020-04-28 06:10:57:INFO: ************ DADOS DA CONTA NA IQOPTION *************
2020-04-28 06:10:57:INFO: Id-Iq: 65729329
2020-04-28 06:10:57:INFO: Moeda: USD
2020-04-28 06:10:57:INFO: Saldo: 9997.2
2020-04-28 06:10:57:INFO: Tipo conta: Treinamento
2020-04-28 06:10:57:INFO: ------------ Dados Trade -------------
2020-04-28 06:10:57:INFO: Tipo opção: DIGITAIS
2020-04-28 06:10:57:INFO: Tipo calculo: Valor
2020-04-28 06:10:57:INFO: Valor do trade: 1.0
2020-04-28 06:10:57:INFO: Expiração: 1-(M1)
2020-04-28 06:10:57:INFO: Delay em (segundos): 1
2020-04-28 06:10:57:INFO: % Payout: 0.0
2020-04-28 06:10:57:INFO: Trabalhar em OTC: SIM
2020-04-28 06:10:57:INFO: ------------ Dados Martingale -------------
2020-04-28 06:10:57:INFO: Max. martingale: 1
2020-04-28 06:10:57:INFO: Fator martingale: 1.8
2020-04-28 06:10:57:INFO: ------------ Dados Gerenciamento -------------
2020-04-28 06:10:57:INFO: Tipo calculo: Valor
2020-04-28 06:10:57:INFO: Take profit em (valor): 10.0
2020-04-28 06:10:57:INFO: Stop loss em (valor): 25.0
2020-04-28 06:10:57:INFO: ------------ Dados Controle -------------
2020-04-28 06:10:57:INFO: Horario servidor: S
2020-04-28 06:10:57:INFO: Verifica ativo fechado: S
2020-04-28 06:10:57:INFO: Verifica tendencia: False
2020-04-28 06:10:57:INFO: Fuso horário: America/Argentina/Buenos_Aires
2020-04-28 06:10:58:ERROR: Verifique o arquivo [TRADE.TXT] - Pode não conter nenhuma linha no arquivo ou não existe lançamento de horário.
2020-04-28 06:10:58:INFO: Finalizando a execução dos trade dessa sessão.
2020-04-28 20:49:25:ERROR: POSSIVEIS PROBLEMAS, COM A INTERNET, VERIFIÇÃO NÃO PODE SER EFETUADA.
2020-04-28 20:49:25:INFO: AVISO ---> LICENÇA NÃO ENCONTRADA OU IVALIDA, ROBÔ SÓ FUNCIONARÁ EM CONTA TREINAMENTO . <---
2020-04-28 20:49:25:INFO: Conectando na IQ-Option...
2020-04-28 20:49:28:INFO: ----------> CONECTADO <----------
2020-04-28 20:49:28:INFO: Versao: 4.0.3
2020-04-28 20:49:28:INFO: Licenciado para o email: agussybanez@gmail.com
2020-04-28 20:49:28:INFO: ************ DADOS DA CONTA NA IQOPTION *************
2020-04-28 20:49:28:INFO: Id-Iq: 65729329
2020-04-28 20:49:28:INFO: Moeda: USD
2020-04-28 20:49:28:INFO: Saldo: 9997.2
2020-04-28 20:49:28:INFO: Tipo conta: Treinamento
2020-04-28 20:49:28:INFO: ------------ Dados Trade -------------
2020-04-28 20:49:28:INFO: Tipo opção: DIGITAIS
2020-04-28 20:49:28:INFO: Tipo calculo: Valor
2020-04-28 20:49:28:INFO: Valor do trade: 1.0
2020-04-28 20:49:28:INFO: Expiração: 1-(M1)
2020-04-28 20:49:28:INFO: Delay em (segundos): 1
2020-04-28 20:49:28:INFO: % Payout: 0.0
2020-04-28 20:49:28:INFO: Trabalhar em OTC: SIM
2020-04-28 20:49:28:INFO: ------------ Dados Martingale -------------
2020-04-28 20:49:28:INFO: Max. martingale: 1
2020-04-28 20:49:28:INFO: Fator martingale: 1.8
2020-04-28 20:49:28:INFO: ------------ Dados Gerenciamento -------------
2020-04-28 20:49:28:INFO: Tipo calculo: Valor
2020-04-28 20:49:28:INFO: Take profit em (valor): 10.0
2020-04-28 20:49:28:INFO: Stop loss em (valor): 25.0
2020-04-28 20:49:28:INFO: ------------ Dados Controle -------------
2020-04-28 20:49:28:INFO: Horario servidor: S
2020-04-28 20:49:28:INFO: Verifica ativo fechado: S
2020-04-28 20:49:28:INFO: Verifica tendencia: False
2020-04-28 20:49:28:INFO: Fuso horário: America/Argentina/Buenos_Aires
2020-04-28 20:49:29:ERROR: Verifique o arquivo [TRADE.TXT] - Pode não conter nenhuma linha no arquivo ou não existe lançamento de horário.
2020-04-28 20:49:29:INFO: Finalizando a execução dos trade dessa sessão.
2020-04-28 21:24:52:ERROR: POSSIVEIS PROBLEMAS, COM A INTERNET, VERIFIÇÃO NÃO PODE SER EFETUADA.
2020-04-28 21:24:52:INFO: AVISO ---> LICENÇA NÃO ENCONTRADA OU IVALIDA, ROBÔ SÓ FUNCIONARÁ EM CONTA TREINAMENTO . <---
2020-04-28 21:24:52:INFO: Conectando na IQ-Option...
2020-04-28 21:24:55:INFO: ----------> CONECTADO <----------
2020-04-28 21:24:55:INFO: Versao: 4.0.3
2020-04-28 21:24:55:INFO: Licenciado para o email: agussybanez@gmail.com
2020-04-28 21:24:55:INFO: ************ DADOS DA CONTA NA IQOPTION *************
2020-04-28 21:24:55:INFO: Id-Iq: 65729329
2020-04-28 21:24:55:INFO: Moeda: USD
2020-04-28 21:24:55:INFO: Saldo: 9997.2
2020-04-28 21:24:55:INFO: Tipo conta: Treinamento
2020-04-28 21:24:55:INFO: ------------ Dados Trade -------------
2020-04-28 21:24:55:INFO: Tipo opção: DIGITAIS
2020-04-28 21:24:55:INFO: Tipo calculo: Valor
2020-04-28 21:24:55:INFO: Valor do trade: 1.0
2020-04-28 21:24:55:INFO: Expiração: 1-(M1)
2020-04-28 21:24:55:INFO: Delay em (segundos): 1
2020-04-28 21:24:55:INFO: % Payout: 0.0
2020-04-28 21:24:55:INFO: Trabalhar em OTC: SIM
2020-04-28 21:24:55:INFO: ------------ Dados Martingale -------------
2020-04-28 21:24:55:INFO: Max. martingale: 1
2020-04-28 21:24:55:INFO: Fator martingale: 1.8
2020-04-28 21:24:55:INFO: ------------ Dados Gerenciamento -------------
2020-04-28 21:24:55:INFO: Tipo calculo: Valor
2020-04-28 21:24:55:INFO: Take profit em (valor): 10.0
2020-04-28 21:24:55:INFO: Stop loss em (valor): 25.0
2020-04-28 21:24:55:INFO: ------------ Dados Controle -------------
2020-04-28 21:24:55:INFO: Horario servidor: S
2020-04-28 21:24:55:INFO: Verifica ativo fechado: S
2020-04-28 21:24:55:INFO: Verifica tendencia: False
2020-04-28 21:24:55:INFO: Fuso horário: America/Argentina/Buenos_Aires
2020-04-28 21:27:11:ERROR: POSSIVEIS PROBLEMAS, COM A INTERNET, VERIFIÇÃO NÃO PODE SER EFETUADA.
2020-04-28 21:27:11:INFO: AVISO ---> LICENÇA NÃO ENCONTRADA OU IVALIDA, ROBÔ SÓ FUNCIONARÁ EM CONTA TREINAMENTO . <---
2020-04-28 21:27:11:INFO: Conectando na IQ-Option...
2020-04-28 21:27:14:INFO: ----------> CONECTADO <----------
2020-04-28 21:27:15:INFO: Versao: 4.0.3
2020-04-28 21:27:15:INFO: Licenciado para o email: agussybanez@gmail.com
2020-04-28 21:27:15:INFO: ************ DADOS DA CONTA NA IQOPTION *************
2020-04-28 21:27:15:INFO: Id-Iq: 65729329
2020-04-28 21:27:15:INFO: Moeda: USD
2020-04-28 21:27:15:INFO: Saldo: 9997.2
2020-04-28 21:27:15:INFO: Tipo conta: Treinamento
2020-04-28 21:27:15:INFO: ------------ Dados Trade -------------
2020-04-28 21:27:15:INFO: Tipo opção: DIGITAIS
2020-04-28 21:27:15:INFO: Tipo calculo: Valor
2020-04-28 21:27:15:INFO: Valor do trade: 1.0
2020-04-28 21:27:15:INFO: Expiração: 1-(M1)
2020-04-28 21:27:15:INFO: Delay em (segundos): 1
2020-04-28 21:27:15:INFO: % Payout: 0.0
2020-04-28 21:27:15:INFO: Trabalhar em OTC: SIM
2020-04-28 21:27:15:INFO: ------------ Dados Martingale -------------
2020-04-28 21:27:15:INFO: Max. martingale: 1
2020-04-28 21:27:15:INFO: Fator martingale: 1.8
2020-04-28 21:27:15:INFO: ------------ Dados Gerenciamento -------------
2020-04-28 21:27:15:INFO: Tipo calculo: Valor
2020-04-28 21:27:15:INFO: Take profit em (valor): 10.0
2020-04-28 21:27:15:INFO: Stop loss em (valor): 25.0
2020-04-28 21:27:15:INFO: ------------ Dados Controle -------------
2020-04-28 21:27:15:INFO: Horario servidor: S
2020-04-28 21:27:15:INFO: Verifica ativo fechado: S
2020-04-28 21:27:15:INFO: Verifica tendencia: False
2020-04-28 21:27:15:INFO: Fuso horário: America/Argentina/Buenos_Aires
2020-04-28 21:27:15:ERROR: Verifique o arquivo [TRADE.TXT] - Pode não conter nenhuma linha no arquivo ou não existe lançamento de horário.
2020-04-28 21:27:15:INFO: Finalizando a execução dos trade dessa sessão.
2020-04-28 21:28:34:ERROR: POSSIVEIS PROBLEMAS, COM A INTERNET, VERIFIÇÃO NÃO PODE SER EFETUADA.
2020-04-28 21:28:34:INFO: AVISO ---> LICENÇA NÃO ENCONTRADA OU IVALIDA, ROBÔ SÓ FUNCIONARÁ EM CONTA TREINAMENTO . <---
2020-04-28 21:28:34:INFO: Conectando na IQ-Option...
2020-04-28 21:28:37:INFO: ----------> CONECTADO <----------
2020-04-28 21:28:38:INFO: Versao: 4.0.3
2020-04-28 21:28:38:INFO: Licenciado para o email: agussybanez@gmail.com
2020-04-28 21:28:38:INFO: ************ DADOS DA CONTA NA IQOPTION *************
2020-04-28 21:28:38:INFO: Id-Iq: 65729329
2020-04-28 21:28:38:INFO: Moeda: USD
2020-04-28 21:28:38:INFO: Saldo: 9997.2
2020-04-28 21:28:38:INFO: Tipo conta: Treinamento
2020-04-28 21:28:38:INFO: ------------ Dados Trade -------------
2020-04-28 21:28:38:INFO: Tipo opção: DIGITAIS
2020-04-28 21:28:38:INFO: Tipo calculo: Valor
2020-04-28 21:28:38:INFO: Valor do trade: 1.0
2020-04-28 21:28:38:INFO: Expiração: 1-(M1)
2020-04-28 21:28:38:INFO: Delay em (segundos): 1
2020-04-28 21:28:38:INFO: % Payout: 0.0
2020-04-28 21:28:38:INFO: Trabalhar em OTC: SIM
2020-04-28 21:28:38:INFO: ------------ Dados Martingale -------------
2020-04-28 21:28:38:INFO: Max. martingale: 1
2020-04-28 21:28:38:INFO: Fator martingale: 1.8
2020-04-28 21:28:38:INFO: ------------ Dados Gerenciamento -------------
2020-04-28 21:28:38:INFO: Tipo calculo: Valor
2020-04-28 21:28:38:INFO: Take profit em (valor): 10.0
2020-04-28 21:28:38:INFO: Stop loss em (valor): 25.0
2020-04-28 21:28:38:INFO: ------------ Dados Controle -------------
2020-04-28 21:28:38:INFO: Horario servidor: S
2020-04-28 21:28:38:INFO: Verifica ativo fechado: S
2020-04-28 21:28:38:INFO: Verifica tendencia: False
2020-04-28 21:28:38:INFO: Fuso horário: America/Argentina/Buenos_Aires
2020-04-28 21:28:38:ERROR: Verifique o arquivo [TRADE.TXT] - Pode não conter nenhuma linha no arquivo ou não existe lançamento de horário.
2020-04-28 21:28:38:INFO: Finalizando a execução dos trade dessa sessão.
2020-04-28 21:29:54:ERROR: POSSIVEIS PROBLEMAS, COM A INTERNET, VERIFIÇÃO NÃO PODE SER EFETUADA.
2020-04-28 21:29:54:INFO: AVISO ---> LICENÇA NÃO ENCONTRADA OU IVALIDA, ROBÔ SÓ FUNCIONARÁ EM CONTA TREINAMENTO . <---
2020-04-28 21:29:54:INFO: Conectando na IQ-Option...
2020-04-28 21:29:57:INFO: ----------> CONECTADO <----------
2020-04-28 21:29:58:INFO: Versao: 4.0.3
2020-04-28 21:29:58:INFO: Licenciado para o email: agussybanez@gmail.com
2020-04-28 21:29:58:INFO: ************ DADOS DA CONTA NA IQOPTION *************
2020-04-28 21:29:58:INFO: Id-Iq: 65729329
2020-04-28 21:29:58:INFO: Moeda: USD
2020-04-28 21:29:58:INFO: Saldo: 9997.2
2020-04-28 21:29:58:INFO: Tipo conta: Treinamento
2020-04-28 21:29:58:INFO: ------------ Dados Trade -------------
2020-04-28 21:29:58:INFO: Tipo opção: DIGITAIS
2020-04-28 21:29:58:INFO: Tipo calculo: Valor
2020-04-28 21:29:58:INFO: Valor do trade: 1.0
2020-04-28 21:29:58:INFO: Expiração: 1-(M1)
2020-04-28 21:29:58:INFO: Delay em (segundos): 1
2020-04-28 21:29:58:INFO: % Payout: 0.0
2020-04-28 21:29:58:INFO: Trabalhar em OTC: SIM
2020-04-28 21:29:58:INFO: ------------ Dados Martingale -------------
2020-04-28 21:29:58:INFO: Max. martingale: 1
2020-04-28 21:29:58:INFO: Fator martingale: 1.8
2020-04-28 21:29:58:INFO: ------------ Dados Gerenciamento -------------
2020-04-28 21:29:58:INFO: Tipo calculo: Valor
2020-04-28 21:29:58:INFO: Take profit em (valor): 10.0
2020-04-28 21:29:58:INFO: Stop loss em (valor): 25.0
2020-04-28 21:29:58:INFO: ------------ Dados Controle -------------
2020-04-28 21:29:58:INFO: Horario servidor: S
2020-04-28 21:29:58:INFO: Verifica ativo fechado: S
2020-04-28 21:29:58:INFO: Verifica tendencia: False
2020-04-28 21:29:58:INFO: Fuso horário: America/Argentina/Buenos_Aires
2020-04-28 21:32:20:ERROR: POSSIVEIS PROBLEMAS, COM A INTERNET, VERIFIÇÃO NÃO PODE SER EFETUADA.
2020-04-28 21:32:20:INFO: AVISO ---> LICENÇA NÃO ENCONTRADA OU IVALIDA, ROBÔ SÓ FUNCIONARÁ EM CONTA TREINAMENTO . <---
2020-04-28 21:32:20:INFO: Conectando na IQ-Option...
2020-04-28 21:32:24:INFO: ----------> CONECTADO <----------
2020-04-28 21:32:25:INFO: Versao: 4.0.3
2020-04-28 21:32:25:INFO: Licenciado para o email: agussybanez@gmail.com
2020-04-28 21:32:25:INFO: ************ DADOS DA CONTA NA IQOPTION *************
2020-04-28 21:32:25:INFO: Id-Iq: 65729329
2020-04-28 21:32:25:INFO: Moeda: USD
2020-04-28 21:32:25:INFO: Saldo: 9997.2
2020-04-28 21:32:25:INFO: Tipo conta: Treinamento
2020-04-28 21:32:25:INFO: ------------ Dados Trade -------------
2020-04-28 21:32:25:INFO: Tipo opção: DIGITAIS
2020-04-28 21:32:25:INFO: Tipo calculo: Valor
2020-04-28 21:32:25:INFO: Valor do trade: 1.0
2020-04-28 21:32:25:INFO: Expiração: 1-(M1)
2020-04-28 21:32:25:INFO: Delay em (segundos): 1
2020-04-28 21:32:25:INFO: % Payout: 0.0
2020-04-28 21:32:25:INFO: Trabalhar em OTC: SIM
2020-04-28 21:32:25:INFO: ------------ Dados Martingale -------------
2020-04-28 21:32:25:INFO: Max. martingale: 1
2020-04-28 21:32:25:INFO: Fator martingale: 1.8
2020-04-28 21:32:25:INFO: ------------ Dados Gerenciamento -------------
2020-04-28 21:32:25:INFO: Tipo calculo: Valor
2020-04-28 21:32:25:INFO: Take profit em (valor): 10.0
2020-04-28 21:32:25:INFO: Stop loss em (valor): 25.0
2020-04-28 21:32:25:INFO: ------------ Dados Controle -------------
2020-04-28 21:32:25:INFO: Horario servidor: S
2020-04-28 21:32:25:INFO: Verifica ativo fechado: S
2020-04-28 21:32:25:INFO: Verifica tendencia: False
2020-04-28 21:32:25:INFO: Fuso horário: America/Argentina/Buenos_Aires
2020-04-28 21:39:14:ERROR: POSSIVEIS PROBLEMAS, COM A INTERNET, VERIFIÇÃO NÃO PODE SER EFETUADA.
2020-04-28 21:39:14:INFO: AVISO ---> LICENÇA NÃO ENCONTRADA OU IVALIDA, ROBÔ SÓ FUNCIONARÁ EM CONTA TREINAMENTO . <---
2020-04-28 21:39:14:INFO: Conectando na IQ-Option...
2020-04-28 21:39:17:INFO: ----------> CONECTADO <----------
2020-04-28 21:39:18:INFO: Versao: 4.0.3
2020-04-28 21:39:18:INFO: Licenciado para o email: agussybanez@gmail.com
2020-04-28 21:39:18:INFO: ************ DADOS DA CONTA NA IQOPTION *************
2020-04-28 21:39:18:INFO: Id-Iq: 65729329
2020-04-28 21:39:18:INFO: Moeda: USD
2020-04-28 21:39:18:INFO: Saldo: 9997.2
2020-04-28 21:39:18:INFO: Tipo conta: Treinamento
2020-04-28 21:39:18:INFO: ------------ Dados Trade -------------
2020-04-28 21:39:18:INFO: Tipo opção: DIGITAIS
2020-04-28 21:39:18:INFO: Tipo calculo: Valor
2020-04-28 21:39:18:INFO: Valor do trade: 1.0
2020-04-28 21:39:18:INFO: Expiração: 1-(M1)
2020-04-28 21:39:18:INFO: Delay em (segundos): 1
2020-04-28 21:39:18:INFO: % Payout: 0.0
2020-04-28 21:39:18:INFO: Trabalhar em OTC: SIM
2020-04-28 21:39:18:INFO: ------------ Dados Martingale -------------
2020-04-28 21:39:18:INFO: Max. martingale: 1
2020-04-28 21:39:18:INFO: Fator martingale: 1.8
2020-04-28 21:39:18:INFO: ------------ Dados Gerenciamento -------------
2020-04-28 21:39:18:INFO: Tipo calculo: Valor
2020-04-28 21:39:18:INFO: Take profit em (valor): 10.0
2020-04-28 21:39:18:INFO: Stop loss em (valor): 25.0
2020-04-28 21:39:18:INFO: ------------ Dados Controle -------------
2020-04-28 21:39:18:INFO: Horario servidor: S
2020-04-28 21:39:18:INFO: Verifica ativo fechado: S
2020-04-28 21:39:18:INFO: Verifica tendencia: False
2020-04-28 21:39:18:INFO: Fuso horário: America/Argentina/Buenos_Aires
2020-04-28 21:39:23:ERROR: Verifique o arquivo [TRADE.TXT] - Pode não conter nenhuma linha no arquivo ou não existe lançamento de horário.
2020-04-28 21:39:23:INFO: Finalizando a execução dos trade dessa sessão.
2020-04-28 21:52:21:ERROR: POSSIVEIS PROBLEMAS, COM A INTERNET, VERIFIÇÃO NÃO PODE SER EFETUADA.
2020-04-28 21:52:22:INFO: AVISO ---> LICENÇA NÃO ENCONTRADA OU IVALIDA, ROBÔ SÓ FUNCIONARÁ EM CONTA TREINAMENTO . <---
2020-04-28 21:52:22:INFO: Conectando na IQ-Option...
2020-04-28 21:52:25:INFO: ----------> CONECTADO <----------
2020-04-28 21:52:25:INFO: Versao: 4.0.3
2020-04-28 21:52:25:INFO: Licenciado para o email: agussybanez@gmail.com
2020-04-28 21:52:25:INFO: ************ DADOS DA CONTA NA IQOPTION *************
2020-04-28 21:52:25:INFO: Id-Iq: 65729329
2020-04-28 21:52:25:INFO: Moeda: USD
2020-04-28 21:52:25:INFO: Saldo: 9997.2
2020-04-28 21:52:25:INFO: Tipo conta: Treinamento
2020-04-28 21:52:25:INFO: ------------ Dados Trade -------------
2020-04-28 21:52:25:INFO: Tipo opção: DIGITAIS
2020-04-28 21:52:25:INFO: Tipo calculo: Valor
2020-04-28 21:52:25:INFO: Valor do trade: 1.0
2020-04-28 21:52:25:INFO: Expiração: 1-(M1)
2020-04-28 21:52:25:INFO: Delay em (segundos): 1
2020-04-28 21:52:25:INFO: % Payout: 0.0
2020-04-28 21:52:25:INFO: Trabalhar em OTC: SIM
2020-04-28 21:52:25:INFO: ------------ Dados Martingale -------------
2020-04-28 21:52:25:INFO: Max. martingale: 1
2020-04-28 21:52:25:INFO: Fator martingale: 1.8
2020-04-28 21:52:25:INFO: ------------ Dados Gerenciamento -------------
2020-04-28 21:52:25:INFO: Tipo calculo: Valor
2020-04-28 21:52:25:INFO: Take profit em (valor): 10.0
2020-04-28 21:52:25:INFO: Stop loss em (valor): 25.0
2020-04-28 21:52:25:INFO: ------------ Dados Controle -------------
2020-04-28 21:52:25:INFO: Horario servidor: S
2020-04-28 21:52:25:INFO: Verifica ativo fechado: S
2020-04-28 21:52:25:INFO: Verifica tendencia: False
2020-04-28 21:52:25:INFO: Fuso horário: America/Argentina/Buenos_Aires
2020-04-28 21:52:25:ERROR: Verifique o arquivo [TRADE.TXT] - Pode não conter nenhuma linha no arquivo ou não existe lançamento de horário.
2020-04-28 21:52:25:INFO: Finalizando a execução dos trade dessa sessão.
2020-04-28 21:55:06:ERROR: POSSIVEIS PROBLEMAS, COM A INTERNET, VERIFIÇÃO NÃO PODE SER EFETUADA.
2020-04-28 21:55:06:INFO: AVISO ---> LICENÇA NÃO ENCONTRADA OU IVALIDA, ROBÔ SÓ FUNCIONARÁ EM CONTA TREINAMENTO . <---
2020-04-28 21:55:06:INFO: Conectando na IQ-Option...
2020-04-28 21:55:10:INFO: ----------> CONECTADO <----------
2020-04-28 21:55:12:INFO: Versao: 4.0.3
2020-04-28 21:55:12:INFO: Licenciado para o email: agussybanez@gmail.com
2020-04-28 21:55:12:INFO: ************ DADOS DA CONTA NA IQOPTION *************
2020-04-28 21:55:12:INFO: Id-Iq: 65729329
2020-04-28 21:55:12:INFO: Moeda: USD
2020-04-28 21:55:12:INFO: Saldo: 9997.2
2020-04-28 21:55:12:INFO: Tipo conta: Treinamento
2020-04-28 21:55:12:INFO: ------------ Dados Trade -------------
2020-04-28 21:55:12:INFO: Tipo opção: DIGITAIS
2020-04-28 21:55:12:INFO: Tipo calculo: Valor
2020-04-28 21:55:12:INFO: Valor do trade: 1.0
2020-04-28 21:55:12:INFO: Expiração: 1-(M1)
2020-04-28 21:55:12:INFO: Delay em (segundos): 1
2020-04-28 21:55:12:INFO: % Payout: 0.0
2020-04-28 21:55:12:INFO: Trabalhar em OTC: SIM
2020-04-28 21:55:12:INFO: ------------ Dados Martingale -------------
2020-04-28 21:55:12:INFO: Max. martingale: 1
2020-04-28 21:55:12:INFO: Fator martingale: 1.8
2020-04-28 21:55:12:INFO: ------------ Dados Gerenciamento -------------
2020-04-28 21:55:12:INFO: Tipo calculo: Valor
2020-04-28 21:55:12:INFO: Take profit em (valor): 10.0
2020-04-28 21:55:12:INFO: Stop loss em (valor): 25.0
2020-04-28 21:55:12:INFO: ------------ Dados Controle -------------
2020-04-28 21:55:12:INFO: Horario servidor: S
2020-04-28 21:55:12:INFO: Verifica ativo fechado: S
2020-04-28 21:55:12:INFO: Verifica tendencia: False
2020-04-28 21:55:12:INFO: Fuso horário: America/Argentina/Buenos_Aires
2020-04-28 21:55:13:ERROR: Verifique o arquivo [TRADE.TXT] - Pode não conter nenhuma linha no arquivo ou não existe lançamento de horário.
2020-04-28 21:55:13:INFO: Finalizando a execução dos trade dessa sessão.
