2020-05-05 08:42:04:ERROR: POSSIVEIS PROBLEMAS, COM A INTERNET, VERIFIÇÃO NÃO PODE SER EFETUADA.
2020-05-05 08:42:04:INFO: AVISO ---> LICENÇA NÃO ENCONTRADA OU IVALIDA, ROBÔ SÓ FUNCIONARÁ EM CONTA TREINAMENTO . <---
2020-05-05 08:42:04:INFO: Conectando na IQ-Option...
2020-05-05 08:42:07:INFO: ----------> CONECTADO <----------
2020-05-05 08:42:08:INFO: Versao: 4.0.3
2020-05-05 08:42:08:INFO: Licenciado para o email: agussybanez@gmail.com
2020-05-05 08:42:08:INFO: ************ DADOS DA CONTA NA IQOPTION *************
2020-05-05 08:42:08:INFO: Id-Iq: 65729329
2020-05-05 08:42:08:INFO: Moeda: USD
2020-05-05 08:42:08:INFO: Saldo: 9944.63
2020-05-05 08:42:08:INFO: Tipo conta: Treinamento
2020-05-05 08:42:08:INFO: ------------ Dados Trade -------------
2020-05-05 08:42:08:INFO: Tipo opção: DIGITAIS
2020-05-05 08:42:08:INFO: Tipo calculo: Valor
2020-05-05 08:42:08:INFO: Valor do trade: 1.0
2020-05-05 08:42:08:INFO: Expiração: 1-(M1)
2020-05-05 08:42:08:INFO: Delay em (segundos): 2
2020-05-05 08:42:08:INFO: % Payout: 0.0
2020-05-05 08:42:08:INFO: Trabalhar em OTC: NÃO
2020-05-05 08:42:08:INFO: ------------ Dados Martingale -------------
2020-05-05 08:42:08:INFO: Max. martingale: 1
2020-05-05 08:42:08:INFO: Fator martingale: 1.8
2020-05-05 08:42:08:INFO: ------------ Dados Gerenciamento -------------
2020-05-05 08:42:08:INFO: Tipo calculo: Valor
2020-05-05 08:42:08:INFO: Take profit em (valor): 16.0
2020-05-05 08:42:08:INFO: Stop loss em (valor): 25.0
2020-05-05 08:42:08:INFO: ------------ Dados Controle -------------
2020-05-05 08:42:08:INFO: Horario servidor: S
2020-05-05 08:42:08:INFO: Verifica ativo fechado: S
2020-05-05 08:42:08:INFO: Verifica tendencia: False
2020-05-05 08:42:08:INFO: Fuso horário: America/Argentina/Buenos_Aires
2020-05-05 08:42:09:ERROR: Verifique o arquivo [TRADE.TXT] - Pode não conter nenhuma linha no arquivo ou não existe lançamento de horário.
2020-05-05 08:42:09:INFO: Finalizando a execução dos trade dessa sessão.
2020-05-05 08:43:11:ERROR: POSSIVEIS PROBLEMAS, COM A INTERNET, VERIFIÇÃO NÃO PODE SER EFETUADA.
2020-05-05 08:43:11:INFO: AVISO ---> LICENÇA NÃO ENCONTRADA OU IVALIDA, ROBÔ SÓ FUNCIONARÁ EM CONTA TREINAMENTO . <---
2020-05-05 08:43:11:INFO: Conectando na IQ-Option...
2020-05-05 08:43:14:INFO: ----------> CONECTADO <----------
2020-05-05 08:43:14:INFO: Versao: 4.0.3
2020-05-05 08:43:14:INFO: Licenciado para o email: agussybanez@gmail.com
2020-05-05 08:43:14:INFO: ************ DADOS DA CONTA NA IQOPTION *************
2020-05-05 08:43:14:INFO: Id-Iq: 65729329
2020-05-05 08:43:14:INFO: Moeda: USD
2020-05-05 08:43:14:INFO: Saldo: 9944.63
2020-05-05 08:43:14:INFO: Tipo conta: Treinamento
2020-05-05 08:43:14:INFO: ------------ Dados Trade -------------
2020-05-05 08:43:14:INFO: Tipo opção: DIGITAIS
2020-05-05 08:43:14:INFO: Tipo calculo: Valor
2020-05-05 08:43:14:INFO: Valor do trade: 1.0
2020-05-05 08:43:14:INFO: Expiração: 1-(M1)
2020-05-05 08:43:14:INFO: Delay em (segundos): 2
2020-05-05 08:43:14:INFO: % Payout: 0.0
2020-05-05 08:43:14:INFO: Trabalhar em OTC: NÃO
2020-05-05 08:43:14:INFO: ------------ Dados Martingale -------------
2020-05-05 08:43:14:INFO: Max. martingale: 1
2020-05-05 08:43:14:INFO: Fator martingale: 1.8
2020-05-05 08:43:14:INFO: ------------ Dados Gerenciamento -------------
2020-05-05 08:43:14:INFO: Tipo calculo: Valor
2020-05-05 08:43:14:INFO: Take profit em (valor): 16.0
2020-05-05 08:43:14:INFO: Stop loss em (valor): 25.0
2020-05-05 08:43:14:INFO: ------------ Dados Controle -------------
2020-05-05 08:43:14:INFO: Horario servidor: S
2020-05-05 08:43:14:INFO: Verifica ativo fechado: S
2020-05-05 08:43:14:INFO: Verifica tendencia: False
2020-05-05 08:43:14:INFO: Fuso horário: America/Argentina/Buenos_Aires
2020-05-05 08:43:15:ERROR: Verifique o arquivo [TRADE.TXT] - Pode não conter nenhuma linha no arquivo ou não existe lançamento de horário.
2020-05-05 08:43:15:INFO: Finalizando a execução dos trade dessa sessão.
2020-05-05 10:14:50:ERROR: POSSIVEIS PROBLEMAS, COM A INTERNET, VERIFIÇÃO NÃO PODE SER EFETUADA.
2020-05-05 10:14:51:INFO: AVISO ---> LICENÇA NÃO ENCONTRADA OU IVALIDA, ROBÔ SÓ FUNCIONARÁ EM CONTA TREINAMENTO . <---
2020-05-05 10:14:51:INFO: Conectando na IQ-Option...
2020-05-05 10:14:54:INFO: ----------> CONECTADO <----------
2020-05-05 10:14:55:INFO: Versao: 4.0.3
2020-05-05 10:14:55:INFO: Licenciado para o email: agussybanez@gmail.com
2020-05-05 10:14:55:INFO: ************ DADOS DA CONTA NA IQOPTION *************
2020-05-05 10:14:55:INFO: Id-Iq: 65729329
2020-05-05 10:14:55:INFO: Moeda: USD
2020-05-05 10:14:55:INFO: Saldo: 9944.63
2020-05-05 10:14:55:INFO: Tipo conta: Treinamento
2020-05-05 10:14:55:INFO: ------------ Dados Trade -------------
2020-05-05 10:14:55:INFO: Tipo opção: DIGITAIS
2020-05-05 10:14:55:INFO: Tipo calculo: Valor
2020-05-05 10:14:55:INFO: Valor do trade: 1.0
2020-05-05 10:14:55:INFO: Expiração: 1-(M1)
2020-05-05 10:14:55:INFO: Delay em (segundos): 2
2020-05-05 10:14:55:INFO: % Payout: 0.0
2020-05-05 10:14:55:INFO: Trabalhar em OTC: NÃO
2020-05-05 10:14:55:INFO: ------------ Dados Martingale -------------
2020-05-05 10:14:55:INFO: Max. martingale: 1
2020-05-05 10:14:55:INFO: Fator martingale: 1.8
2020-05-05 10:14:55:INFO: ------------ Dados Gerenciamento -------------
2020-05-05 10:14:55:INFO: Tipo calculo: Valor
2020-05-05 10:14:55:INFO: Take profit em (valor): 16.0
2020-05-05 10:14:55:INFO: Stop loss em (valor): 25.0
2020-05-05 10:14:55:INFO: ------------ Dados Controle -------------
2020-05-05 10:14:55:INFO: Horario servidor: S
2020-05-05 10:14:55:INFO: Verifica ativo fechado: S
2020-05-05 10:14:55:INFO: Verifica tendencia: False
2020-05-05 10:14:55:INFO: Fuso horário: America/Argentina/Buenos_Aires
2020-05-05 10:14:56:ERROR: Verifique o arquivo [TRADE.TXT] - Pode não conter nenhuma linha no arquivo ou não existe lançamento de horário.
2020-05-05 10:14:56:INFO: Finalizando a execução dos trade dessa sessão.
