2020-05-08 12:45:48:ERROR: POSSIVEIS PROBLEMAS, COM A INTERNET, VERIFIÇÃO NÃO PODE SER EFETUADA.
2020-05-08 12:45:48:INFO: AVISO ---> LICENÇA NÃO ENCONTRADA OU IVALIDA, ROBÔ SÓ FUNCIONARÁ EM CONTA TREINAMENTO . <---
2020-05-08 12:45:48:INFO: Conectando na IQ-Option...
2020-05-08 12:45:52:INFO: ----------> CONECTADO <----------
2020-05-08 12:46:01:INFO: Versao: 4.0.3
2020-05-08 12:46:01:INFO: Licenciado para o email: agussybanez@gmail.com
2020-05-08 12:46:01:INFO: ************ DADOS DA CONTA NA IQOPTION *************
2020-05-08 12:46:01:INFO: Id-Iq: 65729329
2020-05-08 12:46:01:INFO: Moeda: USD
2020-05-08 12:46:01:INFO: Saldo: 9944.63
2020-05-08 12:46:01:INFO: Tipo conta: Treinamento
2020-05-08 12:46:01:INFO: ------------ Dados Trade -------------
2020-05-08 12:46:01:INFO: Tipo opção: DIGITAIS
2020-05-08 12:46:01:INFO: Tipo calculo: Valor
2020-05-08 12:46:01:INFO: Valor do trade: 1.0
2020-05-08 12:46:01:INFO: Expiração: 30-(M30)
2020-05-08 12:46:01:INFO: Delay em (segundos): 2
2020-05-08 12:46:01:INFO: % Payout: 0.0
2020-05-08 12:46:01:INFO: Trabalhar em OTC: NÃO
2020-05-08 12:46:01:INFO: ------------ Dados Martingale -------------
2020-05-08 12:46:01:INFO: Max. martingale: 1
2020-05-08 12:46:01:INFO: Fator martingale: 1.8
2020-05-08 12:46:01:INFO: ------------ Dados Gerenciamento -------------
2020-05-08 12:46:01:INFO: Tipo calculo: Valor
2020-05-08 12:46:01:INFO: Take profit em (valor): 16.0
2020-05-08 12:46:01:INFO: Stop loss em (valor): 25.0
2020-05-08 12:46:01:INFO: ------------ Dados Controle -------------
2020-05-08 12:46:01:INFO: Horario servidor: S
2020-05-08 12:46:01:INFO: Verifica ativo fechado: S
2020-05-08 12:46:01:INFO: Verifica tendencia: False
2020-05-08 12:46:01:INFO: Fuso horário: America/Argentina/Buenos_Aires
2020-05-08 12:46:02:ERROR: Verifique o arquivo [TRADE.TXT] - Pode não conter nenhuma linha no arquivo ou não existe lançamento de horário.
2020-05-08 12:46:02:INFO: Finalizando a execução dos trade dessa sessão.
2020-05-08 13:01:51:ERROR: POSSIVEIS PROBLEMAS, COM A INTERNET, VERIFIÇÃO NÃO PODE SER EFETUADA.
2020-05-08 13:01:52:INFO: AVISO ---> LICENÇA NÃO ENCONTRADA OU IVALIDA, ROBÔ SÓ FUNCIONARÁ EM CONTA TREINAMENTO . <---
2020-05-08 13:01:52:INFO: Conectando na IQ-Option...
2020-05-08 13:01:56:INFO: ----------> CONECTADO <----------
2020-05-08 13:01:56:INFO: Versao: 4.0.3
2020-05-08 13:01:56:INFO: Licenciado para o email: agussybanez@gmail.com
2020-05-08 13:01:56:INFO: ************ DADOS DA CONTA NA IQOPTION *************
2020-05-08 13:01:56:INFO: Id-Iq: 65729329
2020-05-08 13:01:56:INFO: Moeda: USD
2020-05-08 13:01:56:INFO: Saldo: 9944.63
2020-05-08 13:01:56:INFO: Tipo conta: Treinamento
2020-05-08 13:01:56:INFO: ------------ Dados Trade -------------
2020-05-08 13:01:56:INFO: Tipo opção: DIGITAIS
2020-05-08 13:01:56:INFO: Tipo calculo: Valor
2020-05-08 13:01:56:INFO: Valor do trade: 1.0
2020-05-08 13:01:56:INFO: Expiração: 30-(M30)
2020-05-08 13:01:56:INFO: Delay em (segundos): 2
2020-05-08 13:01:56:INFO: % Payout: 0.0
2020-05-08 13:01:56:INFO: Trabalhar em OTC: NÃO
2020-05-08 13:01:56:INFO: ------------ Dados Martingale -------------
2020-05-08 13:01:56:INFO: Max. martingale: 1
2020-05-08 13:01:56:INFO: Fator martingale: 1.8
2020-05-08 13:01:56:INFO: ------------ Dados Gerenciamento -------------
2020-05-08 13:01:56:INFO: Tipo calculo: Valor
2020-05-08 13:01:56:INFO: Take profit em (valor): 16.0
2020-05-08 13:01:56:INFO: Stop loss em (valor): 25.0
2020-05-08 13:01:56:INFO: ------------ Dados Controle -------------
2020-05-08 13:01:56:INFO: Horario servidor: S
2020-05-08 13:01:56:INFO: Verifica ativo fechado: S
2020-05-08 13:01:56:INFO: Verifica tendencia: False
2020-05-08 13:01:56:INFO: Fuso horário: America/Argentina/Buenos_Aires
2020-05-08 13:03:00:INFO: -> Aguardando horário: 08/05/2020 13:04:58 ativo: GBPCHF direção: CALL timeframe: 30
2020-05-08 13:03:19:INFO: Finalizando a execução dos trade dessa sessão.
2020-05-08 13:33:39:ERROR: POSSIVEIS PROBLEMAS, COM A INTERNET, VERIFIÇÃO NÃO PODE SER EFETUADA.
2020-05-08 13:33:39:INFO: AVISO ---> LICENÇA NÃO ENCONTRADA OU IVALIDA, ROBÔ SÓ FUNCIONARÁ EM CONTA TREINAMENTO . <---
2020-05-08 13:33:39:INFO: Conectando na IQ-Option...
2020-05-08 13:33:43:INFO: ----------> CONECTADO <----------
2020-05-08 13:33:44:INFO: Versao: 4.0.3
2020-05-08 13:33:44:INFO: Licenciado para o email: agussybanez@gmail.com
2020-05-08 13:33:44:INFO: ************ DADOS DA CONTA NA IQOPTION *************
2020-05-08 13:33:44:INFO: Id-Iq: 65729329
2020-05-08 13:33:44:INFO: Moeda: USD
2020-05-08 13:33:44:INFO: Saldo: 9944.63
2020-05-08 13:33:44:INFO: Tipo conta: Treinamento
2020-05-08 13:33:44:INFO: ------------ Dados Trade -------------
2020-05-08 13:33:44:INFO: Tipo opção: DIGITAIS
2020-05-08 13:33:44:INFO: Tipo calculo: Valor
2020-05-08 13:33:44:INFO: Valor do trade: 1.0
2020-05-08 13:33:44:INFO: Expiração: 30-(M30)
2020-05-08 13:33:44:INFO: Delay em (segundos): 2
2020-05-08 13:33:44:INFO: % Payout: 0.0
2020-05-08 13:33:44:INFO: Trabalhar em OTC: NÃO
2020-05-08 13:33:44:INFO: ------------ Dados Martingale -------------
2020-05-08 13:33:44:INFO: Max. martingale: 1
2020-05-08 13:33:44:INFO: Fator martingale: 1.8
2020-05-08 13:33:44:INFO: ------------ Dados Gerenciamento -------------
2020-05-08 13:33:44:INFO: Tipo calculo: Valor
2020-05-08 13:33:44:INFO: Take profit em (valor): 16.0
2020-05-08 13:33:44:INFO: Stop loss em (valor): 25.0
2020-05-08 13:33:44:INFO: ------------ Dados Controle -------------
2020-05-08 13:33:44:INFO: Horario servidor: S
2020-05-08 13:33:44:INFO: Verifica ativo fechado: S
2020-05-08 13:33:44:INFO: Verifica tendencia: False
2020-05-08 13:33:44:INFO: Fuso horário: America/Argentina/Buenos_Aires
2020-05-08 13:33:45:INFO: -> Aguardando horário: 08/05/2020 13:34:58 ativo: USDCAD direção: CALL timeframe: 30
2020-05-08 13:34:58:INFO:  | ---> Abrindo entradas: Servidor:  13:34:58 / Agendado: 13:35:00/13:34:58
2020-05-08 13:34:59:ERROR: ERRO: Não pode fazer o trade, problema a corretora. 001
2020-05-08 13:34:59:INFO: -> Aguardando horário: 08/05/2020 13:34:58 ativo: AUDUSD direção: PUT timeframe: 30
2020-05-08 13:34:59:INFO:  | ---> Abrindo entradas: Servidor:  13:34:59 / Agendado: 13:35:00/13:34:58
2020-05-08 13:35:01:ERROR: ERRO: Não pode fazer o trade, problema a corretora. 001
2020-05-08 13:35:02:INFO: Finalizando a execução dos trade dessa sessão.
2020-05-08 13:36:21:ERROR: POSSIVEIS PROBLEMAS, COM A INTERNET, VERIFIÇÃO NÃO PODE SER EFETUADA.
2020-05-08 13:36:21:INFO: AVISO ---> LICENÇA NÃO ENCONTRADA OU IVALIDA, ROBÔ SÓ FUNCIONARÁ EM CONTA TREINAMENTO . <---
2020-05-08 13:36:21:INFO: Conectando na IQ-Option...
2020-05-08 13:36:25:INFO: ----------> CONECTADO <----------
2020-05-08 13:36:26:INFO: Versao: 4.0.3
2020-05-08 13:36:26:INFO: Licenciado para o email: agussybanez@gmail.com
2020-05-08 13:36:26:INFO: ************ DADOS DA CONTA NA IQOPTION *************
2020-05-08 13:36:26:INFO: Id-Iq: 65729329
2020-05-08 13:36:26:INFO: Moeda: USD
2020-05-08 13:36:26:INFO: Saldo: 9944.63
2020-05-08 13:36:26:INFO: Tipo conta: Treinamento
2020-05-08 13:36:26:INFO: ------------ Dados Trade -------------
2020-05-08 13:36:26:INFO: Tipo opção: DIGITAIS
2020-05-08 13:36:26:INFO: Tipo calculo: Valor
2020-05-08 13:36:26:INFO: Valor do trade: 1.0
2020-05-08 13:36:26:INFO: Expiração: 30-(M30)
2020-05-08 13:36:26:INFO: Delay em (segundos): 2
2020-05-08 13:36:26:INFO: % Payout: 0.0
2020-05-08 13:36:26:INFO: Trabalhar em OTC: NÃO
2020-05-08 13:36:26:INFO: ------------ Dados Martingale -------------
2020-05-08 13:36:26:INFO: Max. martingale: 1
2020-05-08 13:36:26:INFO: Fator martingale: 1.8
2020-05-08 13:36:26:INFO: ------------ Dados Gerenciamento -------------
2020-05-08 13:36:26:INFO: Tipo calculo: Valor
2020-05-08 13:36:26:INFO: Take profit em (valor): 16.0
2020-05-08 13:36:26:INFO: Stop loss em (valor): 25.0
2020-05-08 13:36:26:INFO: ------------ Dados Controle -------------
2020-05-08 13:36:26:INFO: Horario servidor: S
2020-05-08 13:36:26:INFO: Verifica ativo fechado: S
2020-05-08 13:36:26:INFO: Verifica tendencia: False
2020-05-08 13:36:26:INFO: Fuso horário: America/Argentina/Buenos_Aires
2020-05-08 13:36:28:ERROR: Verifique o arquivo [TRADE.TXT] - Pode não conter nenhuma linha no arquivo ou não existe lançamento de horário.
2020-05-08 13:36:28:INFO: Finalizando a execução dos trade dessa sessão.
2020-05-08 13:39:40:ERROR: POSSIVEIS PROBLEMAS, COM A INTERNET, VERIFIÇÃO NÃO PODE SER EFETUADA.
2020-05-08 13:39:40:INFO: AVISO ---> LICENÇA NÃO ENCONTRADA OU IVALIDA, ROBÔ SÓ FUNCIONARÁ EM CONTA TREINAMENTO . <---
2020-05-08 13:39:40:INFO: Conectando na IQ-Option...
2020-05-08 13:39:48:INFO: ----------> CONECTADO <----------
2020-05-08 13:39:48:INFO: Versao: 4.0.3
2020-05-08 13:39:48:INFO: Licenciado para o email: agussybanez@gmail.com
2020-05-08 13:39:48:INFO: ************ DADOS DA CONTA NA IQOPTION *************
2020-05-08 13:39:48:INFO: Id-Iq: 65729329
2020-05-08 13:39:48:INFO: Moeda: USD
2020-05-08 13:39:48:INFO: Saldo: 9944.63
2020-05-08 13:39:48:INFO: Tipo conta: Treinamento
2020-05-08 13:39:48:INFO: ------------ Dados Trade -------------
2020-05-08 13:39:48:INFO: Tipo opção: DIGITAIS
2020-05-08 13:39:48:INFO: Tipo calculo: Valor
2020-05-08 13:39:48:INFO: Valor do trade: 1.0
2020-05-08 13:39:48:INFO: Expiração: 30-(M30)
2020-05-08 13:39:48:INFO: Delay em (segundos): 2
2020-05-08 13:39:48:INFO: % Payout: 0.0
2020-05-08 13:39:48:INFO: Trabalhar em OTC: NÃO
2020-05-08 13:39:48:INFO: ------------ Dados Martingale -------------
2020-05-08 13:39:48:INFO: Max. martingale: 1
2020-05-08 13:39:48:INFO: Fator martingale: 1.8
2020-05-08 13:39:48:INFO: ------------ Dados Gerenciamento -------------
2020-05-08 13:39:48:INFO: Tipo calculo: Valor
2020-05-08 13:39:48:INFO: Take profit em (valor): 16.0
2020-05-08 13:39:48:INFO: Stop loss em (valor): 25.0
2020-05-08 13:39:48:INFO: ------------ Dados Controle -------------
2020-05-08 13:39:48:INFO: Horario servidor: S
2020-05-08 13:39:48:INFO: Verifica ativo fechado: S
2020-05-08 13:39:48:INFO: Verifica tendencia: False
2020-05-08 13:39:48:INFO: Fuso horário: America/Argentina/Buenos_Aires
2020-05-08 13:39:52:INFO: -> Aguardando horário: 08/05/2020 13:39:58 ativo: EURUSD direção: PUT timeframe: 30
2020-05-08 13:39:59:INFO:  | ---> Abrindo entradas: Servidor:  13:39:59 / Agendado: 13:40:00/13:39:58
2020-05-08 13:40:00:ERROR: ERRO: Não pode fazer o trade, problema a corretora. 001
2020-05-08 13:40:01:INFO: -> Aguardando horário: 08/05/2020 13:42:58 ativo: AUDCAD direção: CALL timeframe: 30
2020-05-08 13:42:24:ERROR: ERROR: Ativo NAO existe na corretora verifique. dia: 8 horário: 13:42:58 ativo: AUDCAD direção: CALL
2020-05-08 13:42:24:INFO: -> Aguardando horário: 08/05/2020 13:43:58 ativo: EURNZD direção: PUT timeframe: 30
2020-05-08 13:43:23:ERROR: ERROR: Ativo NAO existe na corretora verifique. dia: 8 horário: 13:43:58 ativo: EURNZD direção: PUT
2020-05-08 13:43:23:INFO: -> Aguardando horário: 08/05/2020 13:46:58 ativo: EURCAD direção: PUT timeframe: 30
2020-05-08 13:44:25:INFO: Finalizando a execução dos trade dessa sessão.
